info: ::1 - - [16/Oct/2024:13:41:31 +0000] "GET /api/v1/home HTTP/1.1" 404 47 "-" "PostmanRuntime/7.39.1"

info: ::1 - - [16/Oct/2024:13:41:51 +0000] "GET /api/v1/ HTTP/1.1" 200 9 "-" "PostmanRuntime/7.39.1"

info: ::1 - - [16/Oct/2024:13:43:02 +0000] "GET /api/v1/home HTTP/1.1" 200 27 "-" "PostmanRuntime/7.39.1"

info: ::1 - - [16/Oct/2024:13:47:41 +0000] "POST /api/v1/users/register HTTP/1.1" 500 55 "-" "PostmanRuntime/7.39.1"

info: ::1 - - [16/Oct/2024:13:49:21 +0000] "POST /api/v1/users/ HTTP/1.1" 404 47 "-" "PostmanRuntime/7.39.1"

info: ::1 - - [16/Oct/2024:13:49:37 +0000] "POST /api/v1 HTTP/1.1" 404 47 "-" "PostmanRuntime/7.39.1"

info: ::1 - - [16/Oct/2024:13:49:46 +0000] "POST /api/v1/users HTTP/1.1" 404 47 "-" "PostmanRuntime/7.39.1"

info: ::1 - - [16/Oct/2024:14:00:02 +0000] "POST /api/v1/users HTTP/1.1" 404 47 "-" "PostmanRuntime/7.39.1"

info: ::1 - - [16/Oct/2024:14:57:47 +0000] "POST /api/v1/users/ HTTP/1.1" 404 47 "-" "PostmanRuntime/7.39.1"

info: ::1 - - [16/Oct/2024:15:12:08 +0000] "POST /api/v1/users/register HTTP/1.1" 500 59 "-" "PostmanRuntime/7.39.1"

info: ::1 - - [16/Oct/2024:15:12:50 +0000] "POST /api/v1/users/ HTTP/1.1" 500 59 "-" "PostmanRuntime/7.39.1"

info: ::1 - - [16/Oct/2024:15:12:52 +0000] "POST /api/v1/users/ HTTP/1.1" 500 59 "-" "PostmanRuntime/7.39.1"

info: ::1 - - [16/Oct/2024:15:24:16 +0000] "POST /api/v1/users/ HTTP/1.1" 500 59 "-" "PostmanRuntime/7.39.1"

info: ::1 - - [16/Oct/2024:15:29:55 +0000] "POST /api/v1/users/ HTTP/1.1" 500 59 "-" "PostmanRuntime/7.39.1"

info: ::1 - - [16/Oct/2024:15:39:06 +0000] "POST /api/v1/users/ HTTP/1.1" 500 59 "-" "PostmanRuntime/7.39.1"

info: ::1 - - [16/Oct/2024:15:42:40 +0000] "POST /api/v1/users/ HTTP/1.1" 201 178 "-" "PostmanRuntime/7.39.1"

info: ::1 - - [16/Oct/2024:17:33:24 +0000] "POST /api/v1/users/register HTTP/1.1" 404 47 "-" "PostmanRuntime/7.39.1"

info: ::1 - - [16/Oct/2024:17:33:34 +0000] "POST /api/v1/users/users/register HTTP/1.1" 404 47 "-" "PostmanRuntime/7.39.1"

info: ::1 - - [16/Oct/2024:17:38:37 +0000] "POST /api/v1/users/register HTTP/1.1" 201 179 "-" "PostmanRuntime/7.39.1"

info: ::1 - - [16/Oct/2024:17:52:21 +0000] "POST /api/v1/users/register HTTP/1.1" 404 47 "-" "PostmanRuntime/7.39.1"

info: ::1 - - [16/Oct/2024:17:54:58 +0000] "POST /api/v1/users/register HTTP/1.1" 404 47 "-" "PostmanRuntime/7.39.1"

info: ::1 - - [16/Oct/2024:17:56:46 +0000] "POST /api/v1/users/register HTTP/1.1" 404 47 "-" "PostmanRuntime/7.39.1"

info: ::1 - - [16/Oct/2024:17:57:11 +0000] "GET /api/v1/home HTTP/1.1" 404 47 "-" "PostmanRuntime/7.39.1"

info: ::1 - - [16/Oct/2024:17:57:15 +0000] "GET /api/v1/home HTTP/1.1" 404 47 "-" "PostmanRuntime/7.39.1"

info: ::1 - - [16/Oct/2024:17:57:23 +0000] "GET /api/v1 HTTP/1.1" 404 47 "-" "PostmanRuntime/7.39.1"

info: ::1 - - [16/Oct/2024:17:57:28 +0000] "GET /api/v1/home HTTP/1.1" 404 47 "-" "PostmanRuntime/7.39.1"

info: ::1 - - [16/Oct/2024:18:04:28 +0000] "GET /api/v1/home HTTP/1.1" 200 27 "-" "PostmanRuntime/7.39.1"

info: ::1 - - [16/Oct/2024:18:04:39 +0000] "GET /api/v1 HTTP/1.1" 404 47 "-" "PostmanRuntime/7.39.1"

info: ::1 - - [16/Oct/2024:18:04:48 +0000] "GET /api/v1/home HTTP/1.1" 200 27 "-" "PostmanRuntime/7.39.1"

info: ::1 - - [16/Oct/2024:18:05:36 +0000] "GET /api/v1/home HTTP/1.1" 404 47 "-" "PostmanRuntime/7.39.1"

info: ::1 - - [16/Oct/2024:18:05:39 +0000] "GET /api/v1/home HTTP/1.1" 404 47 "-" "PostmanRuntime/7.39.1"

info: ::1 - - [16/Oct/2024:18:05:43 +0000] "GET /api/v1/home/ HTTP/1.1" 404 47 "-" "PostmanRuntime/7.39.1"

info: ::1 - - [16/Oct/2024:18:06:46 +0000] "GET /api/v1/home/ HTTP/1.1" 200 27 "-" "PostmanRuntime/7.39.1"

info: ::1 - - [16/Oct/2024:18:07:10 +0000] "POST /api/v1/users/register HTTP/1.1" 201 179 "-" "PostmanRuntime/7.39.1"

info: ::1 - - [16/Oct/2024:18:17:56 +0000] "POST /api/v1/users/register HTTP/1.1" 201 256 "-" "PostmanRuntime/7.39.1"

info: ::1 - - [16/Oct/2024:18:22:07 +0000] "POST /api/v1/users/register HTTP/1.1" 500 61 "-" "PostmanRuntime/7.39.1"

info: ::1 - - [16/Oct/2024:18:22:23 +0000] "POST /api/v1/users/register HTTP/1.1" 201 257 "-" "PostmanRuntime/7.39.1"

info: ::1 - - [16/Oct/2024:18:28:30 +0000] "POST /api/v1/users/register HTTP/1.1" 201 257 "-" "PostmanRuntime/7.39.1"

