info: ::1 - - [20/Oct/2024:07:24:24 +0000] "POST /api/v1/users/login HTTP/1.1" 200 174 "-" "PostmanRuntime/7.42.0"

info: ::1 - - [20/Oct/2024:07:27:14 +0000] "POST /api/v1/users/login HTTP/1.1" 500 56 "-" "PostmanRuntime/7.42.0"

info: ::1 - - [20/Oct/2024:08:53:20 +0000] "POST /api/v1/notes HTTP/1.1" 500 52 "-" "PostmanRuntime/7.42.0"

info: ::1 - - [20/Oct/2024:08:59:08 +0000] "POST /api/v1/users/login HTTP/1.1" 400 48 "-" "PostmanRuntime/7.42.0"

info: ::1 - - [20/Oct/2024:08:59:31 +0000] "POST /api/v1/users/login HTTP/1.1" 200 174 "-" "PostmanRuntime/7.42.0"

info: ::1 - - [20/Oct/2024:09:00:46 +0000] "POST /api/v1/notes HTTP/1.1" 500 56 "-" "PostmanRuntime/7.42.0"

info: ::1 - - [20/Oct/2024:09:00:58 +0000] "POST /api/v1/notes HTTP/1.1" 500 56 "-" "PostmanRuntime/7.42.0"

info: ::1 - - [20/Oct/2024:09:01:12 +0000] "POST /api/v1/notes HTTP/1.1" 500 52 "-" "PostmanRuntime/7.42.0"

info: ::1 - - [20/Oct/2024:09:17:39 +0000] "POST /api/v1/notes HTTP/1.1" 500 52 "-" "PostmanRuntime/7.42.0"

info: ::1 - - [20/Oct/2024:09:18:24 +0000] "POST /api/v1/notes HTTP/1.1" 500 52 "-" "PostmanRuntime/7.42.0"

info: ::1 - - [20/Oct/2024:09:42:31 +0000] "POST /api/v1/users/login HTTP/1.1" 400 68 "-" "PostmanRuntime/7.42.0"

info: ::ffff:127.0.0.1 - - [20/Oct/2024:10:30:25 +0000] "POST /api/v1/users/login HTTP/1.1" 400 68 "-" "PostmanRuntime/7.42.0"

info: ::ffff:127.0.0.1 - - [20/Oct/2024:10:47:33 +0000] "POST /api/v1/users/login HTTP/1.1" 400 68 "-" "PostmanRuntime/7.42.0"

info: ::1 - - [20/Oct/2024:11:08:12 +0000] "POST /api/v1/users/login HTTP/1.1" 200 224 "-" "PostmanRuntime/7.42.0"

info: ::1 - - [20/Oct/2024:11:10:41 +0000] "POST /api/v1/notes HTTP/1.1" 400 94 "-" "PostmanRuntime/7.42.0"

info: ::ffff:127.0.0.1 - - [20/Oct/2024:11:48:51 +0000] "POST /api/v1/notes HTTP/1.1" 400 82 "-" "PostmanRuntime/7.42.0"

info: ::1 - - [20/Oct/2024:11:49:09 +0000] "POST /api/v1/notes HTTP/1.1" 400 82 "-" "PostmanRuntime/7.42.0"

info: ::1 - - [20/Oct/2024:12:10:03 +0000] "POST /api/v1/notes HTTP/1.1" 500 46 "-" "PostmanRuntime/7.42.0"

info: ::1 - - [20/Oct/2024:12:10:20 +0000] "POST /api/v1/notes HTTP/1.1" 500 46 "-" "PostmanRuntime/7.42.0"

info: ::1 - - [20/Oct/2024:12:11:32 +0000] "POST /api/v1/users/login HTTP/1.1" 200 224 "-" "PostmanRuntime/7.42.0"

info: ::1 - - [20/Oct/2024:12:12:45 +0000] "POST /api/v1/notes HTTP/1.1" 400 82 "-" "PostmanRuntime/7.42.0"

info: ::1 - - [20/Oct/2024:12:38:42 +0000] "POST /api/v1/notes HTTP/1.1" 201 237 "-" "PostmanRuntime/7.42.0"

info: ::ffff:127.0.0.1 - - [20/Oct/2024:13:17:16 +0000] "POST /api/v1/notes HTTP/1.1" 500 46 "-" "PostmanRuntime/7.42.0"

info: ::1 - - [20/Oct/2024:13:19:10 +0000] "POST /api/v1/users/login HTTP/1.1" 200 224 "-" "PostmanRuntime/7.42.0"

info: ::1 - - [20/Oct/2024:13:20:24 +0000] "POST /api/v1/notes HTTP/1.1" 500 62 "-" "PostmanRuntime/7.42.0"

info: ::1 - - [20/Oct/2024:13:20:41 +0000] "POST /api/v1/notes HTTP/1.1" 500 52 "-" "PostmanRuntime/7.42.0"

info: ::1 - - [20/Oct/2024:13:20:46 +0000] "POST /api/v1/notes HTTP/1.1" 500 52 "-" "PostmanRuntime/7.42.0"

info: ::1 - - [20/Oct/2024:13:22:02 +0000] "POST /api/v1/users/login HTTP/1.1" 200 224 "-" "PostmanRuntime/7.42.0"

info: ::1 - - [20/Oct/2024:13:23:19 +0000] "POST /api/v1/notes HTTP/1.1" 400 82 "-" "PostmanRuntime/7.42.0"

info: ::1 - - [20/Oct/2024:13:41:01 +0000] "POST /api/v1/notes HTTP/1.1" 400 52 "-" "PostmanRuntime/7.42.0"

info: ::1 - - [20/Oct/2024:13:54:31 +0000] "POST /api/v1/user HTTP/1.1" 404 47 "-" "PostmanRuntime/7.42.0"

info: ::1 - - [20/Oct/2024:13:54:41 +0000] "POST /api/v1/users/login HTTP/1.1" 200 266 "-" "PostmanRuntime/7.42.0"

info: ::1 - - [20/Oct/2024:13:55:49 +0000] "POST /api/v1/notes HTTP/1.1" 400 52 "-" "PostmanRuntime/7.42.0"

info: ::1 - - [20/Oct/2024:13:55:53 +0000] "POST /api/v1/notes HTTP/1.1" 400 52 "-" "PostmanRuntime/7.42.0"

info: ::1 - - [20/Oct/2024:13:55:55 +0000] "POST /api/v1/notes HTTP/1.1" 400 52 "-" "PostmanRuntime/7.42.0"

info: ::1 - - [20/Oct/2024:14:07:42 +0000] "POST /api/v1/notes HTTP/1.1" 400 52 "-" "PostmanRuntime/7.42.0"

info: ::1 - - [20/Oct/2024:15:18:43 +0000] "POST /api/v1/users/login HTTP/1.1" 400 46 "-" "PostmanRuntime/7.42.0"

info: ::1 - - [20/Oct/2024:15:19:25 +0000] "POST /api/v1/users/login HTTP/1.1" 200 266 "-" "PostmanRuntime/7.42.0"

info: ::1 - - [20/Oct/2024:15:20:50 +0000] "POST /api/v1/users/login HTTP/1.1" 500 56 "-" "PostmanRuntime/7.42.0"

info: ::1 - - [20/Oct/2024:15:21:03 +0000] "POST /api/v1/notes HTTP/1.1" 400 52 "-" "PostmanRuntime/7.42.0"

info: ::1 - - [20/Oct/2024:15:23:42 +0000] "POST /api/v1/notes HTTP/1.1" 400 52 "-" "PostmanRuntime/7.42.0"

info: ::1 - - [20/Oct/2024:15:48:00 +0000] "POST /api/v1/notes HTTP/1.1" 401 38 "-" "PostmanRuntime/7.42.0"

info: ::1 - - [20/Oct/2024:15:48:24 +0000] "POST /api/v1/notes HTTP/1.1" 401 38 "-" "PostmanRuntime/7.42.0"

info: ::1 - - [20/Oct/2024:15:49:44 +0000] "POST /api/v1/users/login HTTP/1.1" 200 266 "-" "PostmanRuntime/7.42.0"

info: ::1 - - [20/Oct/2024:15:50:45 +0000] "POST /api/v1notes HTTP/1.1" 404 47 "-" "PostmanRuntime/7.42.0"

info: ::1 - - [20/Oct/2024:15:50:51 +0000] "POST /api/v1notes HTTP/1.1" 404 47 "-" "PostmanRuntime/7.42.0"

info: ::1 - - [20/Oct/2024:15:50:53 +0000] "POST /api/v1notes HTTP/1.1" 404 47 "-" "PostmanRuntime/7.42.0"

info: ::1 - - [20/Oct/2024:15:51:06 +0000] "POST /api/v1/notes HTTP/1.1" 401 38 "-" "PostmanRuntime/7.42.0"

info: ::1 - - [20/Oct/2024:15:51:10 +0000] "POST /api/v1/notes HTTP/1.1" 401 38 "-" "PostmanRuntime/7.42.0"

info: ::1 - - [20/Oct/2024:15:51:13 +0000] "POST /api/v1/notes HTTP/1.1" 401 38 "-" "PostmanRuntime/7.42.0"

info: ::1 - - [20/Oct/2024:16:19:05 +0000] "POST /api/v1/notes HTTP/1.1" 401 38 "-" "PostmanRuntime/7.42.0"

info: ::1 - - [20/Oct/2024:16:20:05 +0000] "POST /api/v1/users/login HTTP/1.1" 200 266 "-" "PostmanRuntime/7.42.0"

info: ::1 - - [20/Oct/2024:16:21:36 +0000] "POST /api/v1/notes HTTP/1.1" 401 38 "-" "PostmanRuntime/7.42.0"

