info: ::1 - - [18/Oct/2024:04:54:42 +0000] "POST /api/v1/users/login HTTP/1.1" 200 118 "-" "PostmanRuntime/7.39.1"

info: ::1 - - [18/Oct/2024:05:17:48 +0000] "POST /api/v1/users/login HTTP/1.1" 200 69 "-" "PostmanRuntime/7.39.1"

info: ::1 - - [18/Oct/2024:05:39:00 +0000] "GET /api/v1 HTTP/1.1" 404 47 "-" "Mozilla/5.0 (Windows NT 10.0; Win64; x64) AppleWebKit/537.36 (KHTML, like Gecko) Postman/11.17.0 Electron/28.3.1 Safari/537.36"

info: ::1 - - [18/Oct/2024:05:39:51 +0000] "GET /api/v1 HTTP/1.1" 404 47 "-" "Mozilla/5.0 (Windows NT 10.0; Win64; x64) AppleWebKit/537.36 (KHTML, like Gecko) Postman/11.17.0 Electron/28.3.1 Safari/537.36"

info: ::1 - - [18/Oct/2024:05:40:30 +0000] "GET /api/v1/home HTTP/1.1" 200 27 "-" "PostmanRuntime/7.42.0"

info: ::1 - - [18/Oct/2024:05:41:41 +0000] "GET /api/v1/users/login HTTP/1.1" 404 47 "-" "PostmanRuntime/7.42.0"

info: ::1 - - [18/Oct/2024:05:41:44 +0000] "GET /api/v1/users/login HTTP/1.1" 404 47 "-" "PostmanRuntime/7.42.0"

info: ::1 - - [18/Oct/2024:05:42:26 +0000] "GET /api/v1/users/login HTTP/1.1" 404 47 "-" "PostmanRuntime/7.42.0"

info: ::1 - - [18/Oct/2024:05:42:49 +0000] "POST /api/v1/users/login HTTP/1.1" 200 69 "-" "PostmanRuntime/7.42.0"

info: ::1 - - [18/Oct/2024:06:03:17 +0000] "POST /api/v1/users/login HTTP/1.1" 200 66 "-" "PostmanRuntime/7.42.0"

info: ::1 - - [18/Oct/2024:06:05:15 +0000] "POST /api/v1/users/login HTTP/1.1" 200 69 "-" "PostmanRuntime/7.42.0"

info: ::1 - - [18/Oct/2024:06:05:32 +0000] "POST /api/v1/users/login HTTP/1.1" 200 69 "-" "PostmanRuntime/7.39.1"

info: ::1 - - [18/Oct/2024:06:05:34 +0000] "POST /api/v1/users/login HTTP/1.1" 400 48 "-" "PostmanRuntime/7.42.0"

info: ::1 - - [18/Oct/2024:06:05:49 +0000] "POST /api/v1/users/login HTTP/1.1" 400 46 "-" "PostmanRuntime/7.42.0"

info: ::1 - - [18/Oct/2024:06:08:03 +0000] "POST /api/v1/users/login HTTP/1.1" 200 69 "-" "PostmanRuntime/7.42.0"

info: ::1 - - [18/Oct/2024:06:09:59 +0000] "POST /api/v1/users/register HTTP/1.1" 201 335 "-" "PostmanRuntime/7.42.0"

info: ::1 - - [18/Oct/2024:06:10:40 +0000] "POST /api/v1/users/register HTTP/1.1" 400 59 "-" "PostmanRuntime/7.42.0"

info: ::1 - - [18/Oct/2024:07:09:52 +0000] "POST /api/v1/users/login HTTP/1.1" 200 69 "-" "PostmanRuntime/7.42.0"

info: ::1 - - [18/Oct/2024:07:10:05 +0000] "POST /api/v1/users/login HTTP/1.1" 200 69 "-" "PostmanRuntime/7.42.0"

info: ::1 - - [18/Oct/2024:07:11:00 +0000] "POST /api/v1/users/login HTTP/1.1" 200 69 "-" "PostmanRuntime/7.42.0"

info: ::1 - - [18/Oct/2024:07:11:03 +0000] "POST /api/v1/users/login HTTP/1.1" 200 69 "-" "PostmanRuntime/7.42.0"

info: ::1 - - [18/Oct/2024:07:11:06 +0000] "POST /api/v1/users/login HTTP/1.1" 200 69 "-" "PostmanRuntime/7.42.0"

info: ::1 - - [18/Oct/2024:07:11:09 +0000] "POST /api/v1/users/login HTTP/1.1" 200 69 "-" "PostmanRuntime/7.42.0"

info: ::1 - - [18/Oct/2024:07:11:11 +0000] "POST /api/v1/users/login HTTP/1.1" 200 69 "-" "PostmanRuntime/7.42.0"

info: ::1 - - [18/Oct/2024:07:11:15 +0000] "POST /api/v1/users/login HTTP/1.1" 200 69 "-" "PostmanRuntime/7.42.0"

info: ::1 - - [18/Oct/2024:07:11:18 +0000] "POST /api/v1/users/login HTTP/1.1" 200 69 "-" "PostmanRuntime/7.42.0"

