info: Server started at http://localhost:3000/api/v1/ {"timestamp":"2024-10-27T07:34:18.669Z"}
info: Connected to the database. {"timestamp":"2024-10-27T07:34:20.700Z"}
info: Server started at http://localhost:3000/api/v1/ {"timestamp":"2024-10-27T07:35:11.921Z"}
info: Connected to the database. {"timestamp":"2024-10-27T07:35:12.058Z"}
info: Server started at http://localhost:3000/api/v1/ {"timestamp":"2024-10-27T08:36:49.568Z"}
info: Connected to the database. {"timestamp":"2024-10-27T08:36:49.870Z"}
info: Server started at http://localhost:3000/api/v1/ {"timestamp":"2024-10-27T08:40:27.338Z"}
info: Connected to the database. {"timestamp":"2024-10-27T08:40:27.520Z"}
info: Server started at http://localhost:3000/api/v1/ {"timestamp":"2024-10-27T08:40:47.121Z"}
info: Connected to the database. {"timestamp":"2024-10-27T08:40:47.272Z"}
info: Server started at http://localhost:3000/api/v1/ {"timestamp":"2024-10-27T08:43:16.532Z"}
info: Connected to the database. {"timestamp":"2024-10-27T08:43:16.700Z"}
info: Server started at http://localhost:3000/api/v1/ {"timestamp":"2024-10-27T08:47:35.312Z"}
info: Connected to the database. {"timestamp":"2024-10-27T08:47:35.465Z"}
info: Server started at http://localhost:3000/api/v1/ {"timestamp":"2024-10-27T09:18:31.445Z"}
info: Connected to the database. {"timestamp":"2024-10-27T09:18:31.690Z"}
error: 
    status - 500 
    message - ValidationError: "title" is required 
    url - /api/v1/notes/createnote 
    method - POST 
    IP - ::ffff:127.0.0.1
   {"timestamp":"2024-10-27T09:18:33.552Z"}
info: Server started at http://localhost:3000/api/v1/ {"timestamp":"2024-10-27T09:19:47.770Z"}
info: Connected to the database. {"timestamp":"2024-10-27T09:19:48.004Z"}
error: 
    status - 500 
    message - ValidationError: "title" is required 
    url - /api/v1/notes/createnote 
    method - POST 
    IP - ::ffff:127.0.0.1
   {"timestamp":"2024-10-27T09:19:48.745Z"}
info: Server started at http://localhost:3000/api/v1/ {"timestamp":"2024-10-27T09:24:22.677Z"}
info: Connected to the database. {"timestamp":"2024-10-27T09:24:22.843Z"}
info: Server started at http://localhost:3000/api/v1/ {"timestamp":"2024-10-27T09:37:42.883Z"}
info: Connected to the database. {"timestamp":"2024-10-27T09:37:43.026Z"}
error: 
    status - 500 
    message - ValidationError: "color" is not allowed 
    url - /api/v1/notes/createnote 
    method - POST 
    IP - ::ffff:127.0.0.1
   {"timestamp":"2024-10-27T09:37:43.542Z"}
error: 
    status - 500 
    message - ValidationError: "title" is required 
    url - /api/v1/notes/createnote 
    method - POST 
    IP - ::ffff:127.0.0.1
   {"timestamp":"2024-10-27T09:37:43.751Z"}
info: Server started at http://localhost:3000/api/v1/ {"timestamp":"2024-10-27T09:45:14.362Z"}
info: Connected to the database. {"timestamp":"2024-10-27T09:45:14.472Z"}
error: 
    status - 500 
    message - ValidationError: "title" is required 
    url - /api/v1/notes/createnote 
    method - POST 
    IP - ::ffff:127.0.0.1
   {"timestamp":"2024-10-27T09:45:15.149Z"}
info: Server started at http://localhost:3000/api/v1/ {"timestamp":"2024-10-27T09:49:55.414Z"}
info: Connected to the database. {"timestamp":"2024-10-27T09:49:55.539Z"}
error: 
    status - 500 
    message - ValidationError: "title" is required 
    url - /api/v1/notes/createnote 
    method - POST 
    IP - ::ffff:127.0.0.1
   {"timestamp":"2024-10-27T09:49:56.167Z"}
info: Server started at http://localhost:3000/api/v1/ {"timestamp":"2024-10-27T09:55:23.178Z"}
info: Connected to the database. {"timestamp":"2024-10-27T09:55:23.299Z"}
info: Server started at http://localhost:3000/api/v1/ {"timestamp":"2024-10-27T10:00:11.595Z"}
info: Connected to the database. {"timestamp":"2024-10-27T10:00:11.795Z"}
info: Server started at http://localhost:3000/api/v1/ {"timestamp":"2024-10-27T10:03:28.057Z"}
info: Connected to the database. {"timestamp":"2024-10-27T10:03:28.182Z"}
info: Server started at http://localhost:3000/api/v1/ {"timestamp":"2024-10-27T10:04:21.709Z"}
info: Connected to the database. {"timestamp":"2024-10-27T10:04:21.845Z"}
info: Server started at http://localhost:3000/api/v1/ {"timestamp":"2024-10-27T10:07:07.697Z"}
info: Connected to the database. {"timestamp":"2024-10-27T10:07:07.838Z"}
info: Server started at http://localhost:3000/api/v1/ {"timestamp":"2024-10-27T10:14:18.969Z"}
info: Connected to the database. {"timestamp":"2024-10-27T10:14:19.133Z"}
info: Server started at http://localhost:3000/api/v1/ {"timestamp":"2024-10-27T10:18:23.325Z"}
info: Connected to the database. {"timestamp":"2024-10-27T10:18:23.442Z"}
info: Server started at http://localhost:3000/api/v1/ {"timestamp":"2024-10-27T10:46:52.053Z"}
info: Connected to the database. {"timestamp":"2024-10-27T10:46:52.198Z"}
info: Server started at http://localhost:3000/api/v1/ {"timestamp":"2024-10-27T10:48:20.332Z"}
info: Connected to the database. {"timestamp":"2024-10-27T10:48:20.727Z"}
info: Server started at http://localhost:3000/api/v1/ {"timestamp":"2024-10-27T11:44:48.324Z"}
info: Connected to the database. {"timestamp":"2024-10-27T11:44:48.615Z"}
info: Server started at http://localhost:3000/api/v1/ {"timestamp":"2024-10-27T11:47:23.131Z"}
info: Connected to the database. {"timestamp":"2024-10-27T11:47:23.379Z"}
info: Server started at http://localhost:3000/api/v1/ {"timestamp":"2024-10-27T12:04:56.413Z"}
info: Connected to the database. {"timestamp":"2024-10-27T12:04:56.594Z"}
info: Server started at http://localhost:3000/api/v1/ {"timestamp":"2024-10-27T12:05:34.092Z"}
info: Connected to the database. {"timestamp":"2024-10-27T12:05:34.220Z"}
info: Server started at http://localhost:3000/api/v1/ {"timestamp":"2024-10-27T12:06:17.859Z"}
info: Connected to the database. {"timestamp":"2024-10-27T12:06:17.978Z"}
info: Server started at http://localhost:3000/api/v1/ {"timestamp":"2024-10-27T12:06:50.346Z"}
info: Connected to the database. {"timestamp":"2024-10-27T12:06:50.500Z"}
info: Server started at http://localhost:3000/api/v1/ {"timestamp":"2024-10-27T12:07:27.737Z"}
info: Connected to the database. {"timestamp":"2024-10-27T12:07:27.864Z"}
info: Server started at http://localhost:3000/api/v1/ {"timestamp":"2024-10-27T12:07:57.322Z"}
info: Connected to the database. {"timestamp":"2024-10-27T12:07:57.453Z"}
info: Server started at http://localhost:3000/api/v1/ {"timestamp":"2024-10-27T12:09:08.733Z"}
info: Connected to the database. {"timestamp":"2024-10-27T12:09:08.848Z"}
