info: Server started at http://localhost:3000/api/v1/ {"timestamp":"2024-10-24T09:19:52.824Z"}
error: Could not connect to the database. {"reason":{"commonWireVersion":null,"compatibilityError":null,"compatible":true,"heartbeatFrequencyMS":10000,"localThresholdMS":15,"logicalSessionTimeoutMinutes":null,"maxElectionId":null,"maxSetVersion":null,"servers":{},"setName":null,"stale":false,"type":"Single"},"stack":"MongooseServerSelectionError: \n    at NativeConnection.Connection.openUri (E:\\FunDoNotes\\FunDoNotes\\node_modules\\mongoose\\lib\\connection.js:847:32)\n    at E:\\FunDoNotes\\FunDoNotes\\node_modules\\mongoose\\lib\\index.js:351:10\n    at E:\\FunDoNotes\\FunDoNotes\\node_modules\\mongoose\\lib\\helpers\\promiseOrCallback.js:32:5\n    at new Promise (<anonymous>)\n    at promiseOrCallback (E:\\FunDoNotes\\FunDoNotes\\node_modules\\mongoose\\lib\\helpers\\promiseOrCallback.js:31:10)\n    at Mongoose._promiseOrCallback (E:\\FunDoNotes\\FunDoNotes\\node_modules\\mongoose\\lib\\index.js:1149:10)\n    at Mongoose.connect (E:\\FunDoNotes\\FunDoNotes\\node_modules\\mongoose\\lib\\index.js:350:20)\n    at Database.<anonymous> (E:\\FunDoNotes\\FunDoNotes\\src\\config\\database.ts:20:22)\n    at Generator.next (<anonymous>)\n    at E:\\FunDoNotes\\FunDoNotes\\src\\config\\database.ts:8:71\n    at new Promise (<anonymous>)\n    at __awaiter (E:\\FunDoNotes\\FunDoNotes\\src\\config\\database.ts:4:12)\n    at Database.initializeDatabase (E:\\FunDoNotes\\FunDoNotes\\src\\config\\database.ts:18:57)\n    at App.initializeDatabase (E:\\FunDoNotes\\FunDoNotes\\src\\index.ts:48:13)\n    at new App (E:\\FunDoNotes\\FunDoNotes\\src\\index.ts:34:10)\n    at Object.<anonymous> (E:\\FunDoNotes\\FunDoNotes\\src\\index.ts:74:13)","timestamp":"2024-10-24T09:20:22.842Z"}
info: Server started at http://localhost:3000/api/v1/ {"timestamp":"2024-10-24T09:27:16.218Z"}
error: Could not connect to the database. {"reason":{"commonWireVersion":null,"compatibilityError":null,"compatible":true,"heartbeatFrequencyMS":10000,"localThresholdMS":15,"logicalSessionTimeoutMinutes":null,"maxElectionId":null,"maxSetVersion":null,"servers":{},"setName":null,"stale":false,"type":"Single"},"stack":"MongooseServerSelectionError: \n    at NativeConnection.Connection.openUri (E:\\FunDoNotes\\FunDoNotes\\node_modules\\mongoose\\lib\\connection.js:847:32)\n    at E:\\FunDoNotes\\FunDoNotes\\node_modules\\mongoose\\lib\\index.js:351:10\n    at E:\\FunDoNotes\\FunDoNotes\\node_modules\\mongoose\\lib\\helpers\\promiseOrCallback.js:32:5\n    at new Promise (<anonymous>)\n    at promiseOrCallback (E:\\FunDoNotes\\FunDoNotes\\node_modules\\mongoose\\lib\\helpers\\promiseOrCallback.js:31:10)\n    at Mongoose._promiseOrCallback (E:\\FunDoNotes\\FunDoNotes\\node_modules\\mongoose\\lib\\index.js:1149:10)\n    at Mongoose.connect (E:\\FunDoNotes\\FunDoNotes\\node_modules\\mongoose\\lib\\index.js:350:20)\n    at Database.<anonymous> (E:\\FunDoNotes\\FunDoNotes\\src\\config\\database.ts:20:22)\n    at Generator.next (<anonymous>)\n    at E:\\FunDoNotes\\FunDoNotes\\src\\config\\database.ts:8:71\n    at new Promise (<anonymous>)\n    at __awaiter (E:\\FunDoNotes\\FunDoNotes\\src\\config\\database.ts:4:12)\n    at Database.initializeDatabase (E:\\FunDoNotes\\FunDoNotes\\src\\config\\database.ts:18:57)\n    at App.initializeDatabase (E:\\FunDoNotes\\FunDoNotes\\src\\index.ts:48:13)\n    at new App (E:\\FunDoNotes\\FunDoNotes\\src\\index.ts:34:10)\n    at Object.<anonymous> (E:\\FunDoNotes\\FunDoNotes\\src\\index.ts:74:13)","timestamp":"2024-10-24T09:27:46.237Z"}
info: Server started at http://localhost:3000/api/v1/ {"timestamp":"2024-10-24T09:49:42.866Z"}
info: Connected to the database. {"timestamp":"2024-10-24T09:49:43.354Z"}
info: Server started at http://localhost:3000/api/v1/ {"timestamp":"2024-10-24T10:02:39.200Z"}
info: Connected to the database. {"timestamp":"2024-10-24T10:02:39.367Z"}
info: Server started at http://localhost:3000/api/v1/ {"timestamp":"2024-10-24T10:04:48.005Z"}
info: Connected to the database. {"timestamp":"2024-10-24T10:04:48.134Z"}
info: Server started at http://localhost:3000/api/v1/ {"timestamp":"2024-10-24T10:04:57.395Z"}
info: Connected to the database. {"timestamp":"2024-10-24T10:04:57.489Z"}
info: Server started at http://localhost:3000/api/v1/ {"timestamp":"2024-10-24T10:05:03.637Z"}
info: Connected to the database. {"timestamp":"2024-10-24T10:05:03.727Z"}
info: Server started at http://localhost:3000/api/v1/ {"timestamp":"2024-10-24T10:05:08.475Z"}
info: Connected to the database. {"timestamp":"2024-10-24T10:05:08.577Z"}
info: Server started at http://localhost:3000/api/v1/ {"timestamp":"2024-10-24T10:18:25.078Z"}
info: Connected to the database. {"timestamp":"2024-10-24T10:18:25.370Z"}
info: Server started at http://localhost:3000/api/v1/ {"timestamp":"2024-10-24T10:19:48.415Z"}
info: Connected to the database. {"timestamp":"2024-10-24T10:19:48.490Z"}
info: Server started at http://localhost:3000/api/v1/ {"timestamp":"2024-10-24T10:43:31.271Z"}
error: Could not connect to the database. connection <monitor> to 127.0.0.1:27017 timed out {"reason":{"commonWireVersion":null,"compatibilityError":null,"compatible":true,"heartbeatFrequencyMS":10000,"localThresholdMS":15,"logicalSessionTimeoutMinutes":null,"maxElectionId":null,"maxSetVersion":null,"servers":{},"setName":null,"stale":false,"type":"Single"},"stack":"MongooseServerSelectionError: connection <monitor> to 127.0.0.1:27017 timed out\n    at NativeConnection.Connection.openUri (E:\\FunDoNotes\\FunDoNotes\\node_modules\\mongoose\\lib\\connection.js:847:32)\n    at E:\\FunDoNotes\\FunDoNotes\\node_modules\\mongoose\\lib\\index.js:351:10\n    at E:\\FunDoNotes\\FunDoNotes\\node_modules\\mongoose\\lib\\helpers\\promiseOrCallback.js:32:5\n    at new Promise (<anonymous>)\n    at promiseOrCallback (E:\\FunDoNotes\\FunDoNotes\\node_modules\\mongoose\\lib\\helpers\\promiseOrCallback.js:31:10)\n    at Mongoose._promiseOrCallback (E:\\FunDoNotes\\FunDoNotes\\node_modules\\mongoose\\lib\\index.js:1149:10)\n    at Mongoose.connect (E:\\FunDoNotes\\FunDoNotes\\node_modules\\mongoose\\lib\\index.js:350:20)\n    at Database.<anonymous> (E:\\FunDoNotes\\FunDoNotes\\src\\config\\database.ts:20:22)\n    at Generator.next (<anonymous>)\n    at E:\\FunDoNotes\\FunDoNotes\\src\\config\\database.ts:8:71\n    at new Promise (<anonymous>)\n    at __awaiter (E:\\FunDoNotes\\FunDoNotes\\src\\config\\database.ts:4:12)\n    at Database.initializeDatabase (E:\\FunDoNotes\\FunDoNotes\\src\\config\\database.ts:18:57)\n    at App.initializeDatabase (E:\\FunDoNotes\\FunDoNotes\\src\\index.ts:48:13)\n    at new App (E:\\FunDoNotes\\FunDoNotes\\src\\index.ts:34:10)\n    at Object.<anonymous> (E:\\FunDoNotes\\FunDoNotes\\src\\index.ts:74:13)","timestamp":"2024-10-24T10:44:01.294Z"}
<<<<<<< Updated upstream
=======
info: Server started at http://localhost:3000/api/v1/ {"timestamp":"2024-10-24T10:49:40.180Z"}
error: Could not connect to the database. connection <monitor> to 127.0.0.1:27017 timed out {"reason":{"commonWireVersion":null,"compatibilityError":null,"compatible":true,"heartbeatFrequencyMS":10000,"localThresholdMS":15,"logicalSessionTimeoutMinutes":null,"maxElectionId":null,"maxSetVersion":null,"servers":{},"setName":null,"stale":false,"type":"Single"},"stack":"MongooseServerSelectionError: connection <monitor> to 127.0.0.1:27017 timed out\n    at NativeConnection.Connection.openUri (E:\\FunDoNotes\\FunDoNotes\\node_modules\\mongoose\\lib\\connection.js:847:32)\n    at E:\\FunDoNotes\\FunDoNotes\\node_modules\\mongoose\\lib\\index.js:351:10\n    at E:\\FunDoNotes\\FunDoNotes\\node_modules\\mongoose\\lib\\helpers\\promiseOrCallback.js:32:5\n    at new Promise (<anonymous>)\n    at promiseOrCallback (E:\\FunDoNotes\\FunDoNotes\\node_modules\\mongoose\\lib\\helpers\\promiseOrCallback.js:31:10)\n    at Mongoose._promiseOrCallback (E:\\FunDoNotes\\FunDoNotes\\node_modules\\mongoose\\lib\\index.js:1149:10)\n    at Mongoose.connect (E:\\FunDoNotes\\FunDoNotes\\node_modules\\mongoose\\lib\\index.js:350:20)\n    at Database.<anonymous> (E:\\FunDoNotes\\FunDoNotes\\src\\config\\database.ts:20:22)\n    at Generator.next (<anonymous>)\n    at E:\\FunDoNotes\\FunDoNotes\\src\\config\\database.ts:8:71\n    at new Promise (<anonymous>)\n    at __awaiter (E:\\FunDoNotes\\FunDoNotes\\src\\config\\database.ts:4:12)\n    at Database.initializeDatabase (E:\\FunDoNotes\\FunDoNotes\\src\\config\\database.ts:18:57)\n    at App.initializeDatabase (E:\\FunDoNotes\\FunDoNotes\\src\\index.ts:48:13)\n    at new App (E:\\FunDoNotes\\FunDoNotes\\src\\index.ts:34:10)\n    at Object.<anonymous> (E:\\FunDoNotes\\FunDoNotes\\src\\index.ts:74:13)","timestamp":"2024-10-24T10:50:10.204Z"}
info: Server started at http://localhost:3000/api/v1/ {"timestamp":"2024-10-24T10:51:49.562Z"}
info: Server started at http://localhost:3000/api/v1/ {"timestamp":"2024-10-24T10:51:58.024Z"}
error: Could not connect to the database. connection <monitor> to 127.0.0.1:27017 timed out {"reason":{"commonWireVersion":null,"compatibilityError":null,"compatible":true,"heartbeatFrequencyMS":10000,"localThresholdMS":15,"logicalSessionTimeoutMinutes":null,"maxElectionId":null,"maxSetVersion":null,"servers":{},"setName":null,"stale":false,"type":"Single"},"stack":"MongooseServerSelectionError: connection <monitor> to 127.0.0.1:27017 timed out\n    at NativeConnection.Connection.openUri (E:\\FunDoNotes\\FunDoNotes\\node_modules\\mongoose\\lib\\connection.js:847:32)\n    at E:\\FunDoNotes\\FunDoNotes\\node_modules\\mongoose\\lib\\index.js:351:10\n    at E:\\FunDoNotes\\FunDoNotes\\node_modules\\mongoose\\lib\\helpers\\promiseOrCallback.js:32:5\n    at new Promise (<anonymous>)\n    at promiseOrCallback (E:\\FunDoNotes\\FunDoNotes\\node_modules\\mongoose\\lib\\helpers\\promiseOrCallback.js:31:10)\n    at Mongoose._promiseOrCallback (E:\\FunDoNotes\\FunDoNotes\\node_modules\\mongoose\\lib\\index.js:1149:10)\n    at Mongoose.connect (E:\\FunDoNotes\\FunDoNotes\\node_modules\\mongoose\\lib\\index.js:350:20)\n    at Database.<anonymous> (E:\\FunDoNotes\\FunDoNotes\\src\\config\\database.ts:20:22)\n    at Generator.next (<anonymous>)\n    at E:\\FunDoNotes\\FunDoNotes\\src\\config\\database.ts:8:71\n    at new Promise (<anonymous>)\n    at __awaiter (E:\\FunDoNotes\\FunDoNotes\\src\\config\\database.ts:4:12)\n    at Database.initializeDatabase (E:\\FunDoNotes\\FunDoNotes\\src\\config\\database.ts:18:57)\n    at App.initializeDatabase (E:\\FunDoNotes\\FunDoNotes\\src\\index.ts:48:13)\n    at new App (E:\\FunDoNotes\\FunDoNotes\\src\\index.ts:34:10)\n    at Object.<anonymous> (E:\\FunDoNotes\\FunDoNotes\\src\\index.ts:74:13)","timestamp":"2024-10-24T10:52:28.026Z"}
info: Server started at http://localhost:3000/api/v1/ {"timestamp":"2024-10-24T10:52:51.749Z"}
error: Could not connect to the database. connection <monitor> to 127.0.0.1:27017 timed out {"reason":{"commonWireVersion":null,"compatibilityError":null,"compatible":true,"heartbeatFrequencyMS":10000,"localThresholdMS":15,"logicalSessionTimeoutMinutes":null,"maxElectionId":null,"maxSetVersion":null,"servers":{},"setName":null,"stale":false,"type":"Single"},"stack":"MongooseServerSelectionError: connection <monitor> to 127.0.0.1:27017 timed out\n    at NativeConnection.Connection.openUri (E:\\FunDoNotes\\FunDoNotes\\node_modules\\mongoose\\lib\\connection.js:847:32)\n    at E:\\FunDoNotes\\FunDoNotes\\node_modules\\mongoose\\lib\\index.js:351:10\n    at E:\\FunDoNotes\\FunDoNotes\\node_modules\\mongoose\\lib\\helpers\\promiseOrCallback.js:32:5\n    at new Promise (<anonymous>)\n    at promiseOrCallback (E:\\FunDoNotes\\FunDoNotes\\node_modules\\mongoose\\lib\\helpers\\promiseOrCallback.js:31:10)\n    at Mongoose._promiseOrCallback (E:\\FunDoNotes\\FunDoNotes\\node_modules\\mongoose\\lib\\index.js:1149:10)\n    at Mongoose.connect (E:\\FunDoNotes\\FunDoNotes\\node_modules\\mongoose\\lib\\index.js:350:20)\n    at Database.<anonymous> (E:\\FunDoNotes\\FunDoNotes\\src\\config\\database.ts:20:22)\n    at Generator.next (<anonymous>)\n    at E:\\FunDoNotes\\FunDoNotes\\src\\config\\database.ts:8:71\n    at new Promise (<anonymous>)\n    at __awaiter (E:\\FunDoNotes\\FunDoNotes\\src\\config\\database.ts:4:12)\n    at Database.initializeDatabase (E:\\FunDoNotes\\FunDoNotes\\src\\config\\database.ts:18:57)\n    at App.initializeDatabase (E:\\FunDoNotes\\FunDoNotes\\src\\index.ts:48:13)\n    at new App (E:\\FunDoNotes\\FunDoNotes\\src\\index.ts:34:10)\n    at Object.<anonymous> (E:\\FunDoNotes\\FunDoNotes\\src\\index.ts:74:13)","timestamp":"2024-10-24T10:53:21.782Z"}
info: Server started at http://localhost:3000/api/v1/ {"timestamp":"2024-10-24T10:55:46.233Z"}
error: Could not connect to the database. connection <monitor> to 127.0.0.1:27017 timed out {"reason":{"commonWireVersion":null,"compatibilityError":null,"compatible":true,"heartbeatFrequencyMS":10000,"localThresholdMS":15,"logicalSessionTimeoutMinutes":null,"maxElectionId":null,"maxSetVersion":null,"servers":{},"setName":null,"stale":false,"type":"Single"},"stack":"MongooseServerSelectionError: connection <monitor> to 127.0.0.1:27017 timed out\n    at NativeConnection.Connection.openUri (E:\\FunDoNotes\\FunDoNotes\\node_modules\\mongoose\\lib\\connection.js:847:32)\n    at E:\\FunDoNotes\\FunDoNotes\\node_modules\\mongoose\\lib\\index.js:351:10\n    at E:\\FunDoNotes\\FunDoNotes\\node_modules\\mongoose\\lib\\helpers\\promiseOrCallback.js:32:5\n    at new Promise (<anonymous>)\n    at promiseOrCallback (E:\\FunDoNotes\\FunDoNotes\\node_modules\\mongoose\\lib\\helpers\\promiseOrCallback.js:31:10)\n    at Mongoose._promiseOrCallback (E:\\FunDoNotes\\FunDoNotes\\node_modules\\mongoose\\lib\\index.js:1149:10)\n    at Mongoose.connect (E:\\FunDoNotes\\FunDoNotes\\node_modules\\mongoose\\lib\\index.js:350:20)\n    at Database.<anonymous> (E:\\FunDoNotes\\FunDoNotes\\src\\config\\database.ts:20:22)\n    at Generator.next (<anonymous>)\n    at E:\\FunDoNotes\\FunDoNotes\\src\\config\\database.ts:8:71\n    at new Promise (<anonymous>)\n    at __awaiter (E:\\FunDoNotes\\FunDoNotes\\src\\config\\database.ts:4:12)\n    at Database.initializeDatabase (E:\\FunDoNotes\\FunDoNotes\\src\\config\\database.ts:18:57)\n    at App.initializeDatabase (E:\\FunDoNotes\\FunDoNotes\\src\\index.ts:48:13)\n    at new App (E:\\FunDoNotes\\FunDoNotes\\src\\index.ts:34:10)\n    at Object.<anonymous> (E:\\FunDoNotes\\FunDoNotes\\src\\index.ts:74:13)","timestamp":"2024-10-24T10:56:16.329Z"}
info: Server started at http://localhost:3000/api/v1/ {"timestamp":"2024-10-24T11:18:00.722Z"}
error: Could not connect to the database. connection <monitor> to 127.0.0.1:27017 timed out {"reason":{"commonWireVersion":null,"compatibilityError":null,"compatible":true,"heartbeatFrequencyMS":10000,"localThresholdMS":15,"logicalSessionTimeoutMinutes":null,"maxElectionId":null,"maxSetVersion":null,"servers":{},"setName":null,"stale":false,"type":"Single"},"stack":"MongooseServerSelectionError: connection <monitor> to 127.0.0.1:27017 timed out\n    at NativeConnection.Connection.openUri (E:\\FunDoNotes\\FunDoNotes\\node_modules\\mongoose\\lib\\connection.js:847:32)\n    at E:\\FunDoNotes\\FunDoNotes\\node_modules\\mongoose\\lib\\index.js:351:10\n    at E:\\FunDoNotes\\FunDoNotes\\node_modules\\mongoose\\lib\\helpers\\promiseOrCallback.js:32:5\n    at new Promise (<anonymous>)\n    at promiseOrCallback (E:\\FunDoNotes\\FunDoNotes\\node_modules\\mongoose\\lib\\helpers\\promiseOrCallback.js:31:10)\n    at Mongoose._promiseOrCallback (E:\\FunDoNotes\\FunDoNotes\\node_modules\\mongoose\\lib\\index.js:1149:10)\n    at Mongoose.connect (E:\\FunDoNotes\\FunDoNotes\\node_modules\\mongoose\\lib\\index.js:350:20)\n    at Database.<anonymous> (E:\\FunDoNotes\\FunDoNotes\\src\\config\\database.ts:20:22)\n    at Generator.next (<anonymous>)\n    at E:\\FunDoNotes\\FunDoNotes\\src\\config\\database.ts:8:71\n    at new Promise (<anonymous>)\n    at __awaiter (E:\\FunDoNotes\\FunDoNotes\\src\\config\\database.ts:4:12)\n    at Database.initializeDatabase (E:\\FunDoNotes\\FunDoNotes\\src\\config\\database.ts:18:57)\n    at App.initializeDatabase (E:\\FunDoNotes\\FunDoNotes\\src\\index.ts:48:13)\n    at new App (E:\\FunDoNotes\\FunDoNotes\\src\\index.ts:34:10)\n    at Object.<anonymous> (E:\\FunDoNotes\\FunDoNotes\\src\\index.ts:74:13)","timestamp":"2024-10-24T11:18:30.745Z"}
info: Server started at http://localhost:3000/api/v1/ {"timestamp":"2024-10-24T12:18:13.677Z"}
info: Connected to the database. {"timestamp":"2024-10-24T12:18:13.996Z"}
info: Server started at http://localhost:3000/api/v1/ {"timestamp":"2024-10-24T12:23:24.133Z"}
info: Connected to the database. {"timestamp":"2024-10-24T12:23:24.202Z"}
info: Server started at http://localhost:3000/api/v1/ {"timestamp":"2024-10-24T12:29:23.248Z"}
info: Connected to the database. {"timestamp":"2024-10-24T12:29:23.331Z"}
info: Server started at http://localhost:3000/api/v1/ {"timestamp":"2024-10-24T12:34:01.884Z"}
info: Connected to the database. {"timestamp":"2024-10-24T12:34:02.020Z"}
info: Server started at http://localhost:3000/api/v1/ {"timestamp":"2024-10-24T12:35:23.772Z"}
info: Connected to the database. {"timestamp":"2024-10-24T12:35:23.852Z"}
info: Server started at http://localhost:3000/api/v1/ {"timestamp":"2024-10-24T12:35:37.746Z"}
info: Connected to the database. {"timestamp":"2024-10-24T12:35:37.817Z"}
info: Server started at http://localhost:3000/api/v1/ {"timestamp":"2024-10-24T12:36:19.681Z"}
info: Connected to the database. {"timestamp":"2024-10-24T12:36:19.763Z"}
info: Server started at http://localhost:3000/api/v1/ {"timestamp":"2024-10-24T12:36:35.198Z"}
info: Connected to the database. {"timestamp":"2024-10-24T12:36:35.288Z"}
info: Server started at http://localhost:3000/api/v1/ {"timestamp":"2024-10-24T12:37:27.745Z"}
info: Connected to the database. {"timestamp":"2024-10-24T12:37:27.851Z"}
info: Server started at http://localhost:3000/api/v1/ {"timestamp":"2024-10-24T12:37:42.596Z"}
info: Connected to the database. {"timestamp":"2024-10-24T12:37:43.101Z"}
info: Server started at http://localhost:3000/api/v1/ {"timestamp":"2024-10-24T12:51:08.721Z"}
info: Connected to the database. {"timestamp":"2024-10-24T12:51:08.913Z"}
info: Server started at http://localhost:3000/api/v1/ {"timestamp":"2024-10-24T12:55:57.321Z"}
info: Connected to the database. {"timestamp":"2024-10-24T12:55:57.436Z"}
info: Server started at http://localhost:3000/api/v1/ {"timestamp":"2024-10-24T13:07:44.062Z"}
info: Connected to the database. {"timestamp":"2024-10-24T13:07:44.180Z"}
>>>>>>> Stashed changes
