info: Server started at http://localhost:3000/api/v1/ {"timestamp":"2024-10-20T06:09:31.961Z"}
info: Connected to the database. {"timestamp":"2024-10-20T06:09:49.604Z"}
info: Server started at http://localhost:3000/api/v1/ {"timestamp":"2024-10-20T07:23:42.534Z"}
info: Connected to the database. {"timestamp":"2024-10-20T07:23:44.036Z"}
error: 
    status - 500 
    message - ValidationError: "Email" is required 
    url - /api/v1/users/login 
    method - POST 
    IP - ::1
   {"timestamp":"2024-10-20T07:27:14.563Z"}
info: Server started at http://localhost:3000/api/v1/ {"timestamp":"2024-10-20T08:48:15.453Z"}
info: Connected to the database. {"timestamp":"2024-10-20T08:48:17.476Z"}
info: Server started at http://localhost:3000/api/v1/ {"timestamp":"2024-10-20T08:52:38.952Z"}
info: Connected to the database. {"timestamp":"2024-10-20T08:52:39.391Z"}
error: 
    status - 500 
    message - JsonWebTokenError: invalid signature
    at E:\FunDoNotes\FunDoNotes\node_modules\jsonwebtoken\verify.js:133:19
    at getSecret (E:\FunDoNotes\FunDoNotes\node_modules\jsonwebtoken\verify.js:90:14)
    at Object.module.exports [as verify] (E:\FunDoNotes\FunDoNotes\node_modules\jsonwebtoken\verify.js:94:10)
    at E:\FunDoNotes\FunDoNotes\src\middlewares\auth.middleware.ts:28:35
    at Generator.next (<anonymous>)
    at E:\FunDoNotes\FunDoNotes\src\middlewares\auth.middleware.ts:8:71
    at new Promise (<anonymous>)
    at __awaiter (E:\FunDoNotes\FunDoNotes\src\middlewares\auth.middleware.ts:4:12)
    at userAuth (E:\FunDoNotes\FunDoNotes\src\middlewares\auth.middleware.ts:18:20)
    at Layer.handle [as handle_request] (E:\FunDoNotes\FunDoNotes\node_modules\express\lib\router\layer.js:95:5)
    at next (E:\FunDoNotes\FunDoNotes\node_modules\express\lib\router\route.js:149:13)
    at NoteValidator.newNote (E:\FunDoNotes\FunDoNotes\src\validators\note.validator.ts:15:5)
    at Layer.handle [as handle_request] (E:\FunDoNotes\FunDoNotes\node_modules\express\lib\router\layer.js:95:5)
    at next (E:\FunDoNotes\FunDoNotes\node_modules\express\lib\router\route.js:149:13)
    at Route.dispatch (E:\FunDoNotes\FunDoNotes\node_modules\express\lib\router\route.js:119:3)
    at Layer.handle [as handle_request] (E:\FunDoNotes\FunDoNotes\node_modules\express\lib\router\layer.js:95:5) 
    url - /api/v1/notes 
    method - POST 
    IP - ::1
   {"timestamp":"2024-10-20T08:53:20.840Z"}
error: 
    status - 500 
    message - ValidationError: "title" is required 
    url - /api/v1/notes 
    method - POST 
    IP - ::1
   {"timestamp":"2024-10-20T09:00:46.472Z"}
error: 
    status - 500 
    message - ValidationError: "title" is required 
    url - /api/v1/notes 
    method - POST 
    IP - ::1
   {"timestamp":"2024-10-20T09:00:58.038Z"}
error: 
    status - 500 
    message - JsonWebTokenError: invalid signature
    at E:\FunDoNotes\FunDoNotes\node_modules\jsonwebtoken\verify.js:133:19
    at getSecret (E:\FunDoNotes\FunDoNotes\node_modules\jsonwebtoken\verify.js:90:14)
    at Object.module.exports [as verify] (E:\FunDoNotes\FunDoNotes\node_modules\jsonwebtoken\verify.js:94:10)
    at E:\FunDoNotes\FunDoNotes\src\middlewares\auth.middleware.ts:28:35
    at Generator.next (<anonymous>)
    at E:\FunDoNotes\FunDoNotes\src\middlewares\auth.middleware.ts:8:71
    at new Promise (<anonymous>)
    at __awaiter (E:\FunDoNotes\FunDoNotes\src\middlewares\auth.middleware.ts:4:12)
    at userAuth (E:\FunDoNotes\FunDoNotes\src\middlewares\auth.middleware.ts:18:20)
    at Layer.handle [as handle_request] (E:\FunDoNotes\FunDoNotes\node_modules\express\lib\router\layer.js:95:5)
    at next (E:\FunDoNotes\FunDoNotes\node_modules\express\lib\router\route.js:149:13)
    at NoteValidator.newNote (E:\FunDoNotes\FunDoNotes\src\validators\note.validator.ts:15:5)
    at Layer.handle [as handle_request] (E:\FunDoNotes\FunDoNotes\node_modules\express\lib\router\layer.js:95:5)
    at next (E:\FunDoNotes\FunDoNotes\node_modules\express\lib\router\route.js:149:13)
    at Route.dispatch (E:\FunDoNotes\FunDoNotes\node_modules\express\lib\router\route.js:119:3)
    at Layer.handle [as handle_request] (E:\FunDoNotes\FunDoNotes\node_modules\express\lib\router\layer.js:95:5) 
    url - /api/v1/notes 
    method - POST 
    IP - ::1
   {"timestamp":"2024-10-20T09:01:11.796Z"}
info: Server started at http://localhost:3000/api/v1/ {"timestamp":"2024-10-20T09:14:58.137Z"}
info: Connected to the database. {"timestamp":"2024-10-20T09:14:58.582Z"}
error: 
    status - 500 
    message - JsonWebTokenError: invalid signature
    at E:\FunDoNotes\FunDoNotes\node_modules\jsonwebtoken\verify.js:133:19
    at getSecret (E:\FunDoNotes\FunDoNotes\node_modules\jsonwebtoken\verify.js:90:14)
    at Object.module.exports [as verify] (E:\FunDoNotes\FunDoNotes\node_modules\jsonwebtoken\verify.js:94:10)
    at E:\FunDoNotes\FunDoNotes\src\middlewares\auth.middleware.ts:28:35
    at Generator.next (<anonymous>)
    at E:\FunDoNotes\FunDoNotes\src\middlewares\auth.middleware.ts:8:71
    at new Promise (<anonymous>)
    at __awaiter (E:\FunDoNotes\FunDoNotes\src\middlewares\auth.middleware.ts:4:12)
    at userAuth (E:\FunDoNotes\FunDoNotes\src\middlewares\auth.middleware.ts:18:20)
    at Layer.handle [as handle_request] (E:\FunDoNotes\FunDoNotes\node_modules\express\lib\router\layer.js:95:5)
    at next (E:\FunDoNotes\FunDoNotes\node_modules\express\lib\router\route.js:149:13)
    at NoteValidator.newNote (E:\FunDoNotes\FunDoNotes\src\validators\note.validator.ts:15:5)
    at Layer.handle [as handle_request] (E:\FunDoNotes\FunDoNotes\node_modules\express\lib\router\layer.js:95:5)
    at next (E:\FunDoNotes\FunDoNotes\node_modules\express\lib\router\route.js:149:13)
    at Route.dispatch (E:\FunDoNotes\FunDoNotes\node_modules\express\lib\router\route.js:119:3)
    at Layer.handle [as handle_request] (E:\FunDoNotes\FunDoNotes\node_modules\express\lib\router\layer.js:95:5) 
    url - /api/v1/notes 
    method - POST 
    IP - ::1
   {"timestamp":"2024-10-20T09:17:39.052Z"}
error: 
    status - 500 
    message - JsonWebTokenError: invalid signature
    at E:\FunDoNotes\FunDoNotes\node_modules\jsonwebtoken\verify.js:133:19
    at getSecret (E:\FunDoNotes\FunDoNotes\node_modules\jsonwebtoken\verify.js:90:14)
    at Object.module.exports [as verify] (E:\FunDoNotes\FunDoNotes\node_modules\jsonwebtoken\verify.js:94:10)
    at E:\FunDoNotes\FunDoNotes\src\middlewares\auth.middleware.ts:28:35
    at Generator.next (<anonymous>)
    at E:\FunDoNotes\FunDoNotes\src\middlewares\auth.middleware.ts:8:71
    at new Promise (<anonymous>)
    at __awaiter (E:\FunDoNotes\FunDoNotes\src\middlewares\auth.middleware.ts:4:12)
    at userAuth (E:\FunDoNotes\FunDoNotes\src\middlewares\auth.middleware.ts:18:20)
    at Layer.handle [as handle_request] (E:\FunDoNotes\FunDoNotes\node_modules\express\lib\router\layer.js:95:5)
    at next (E:\FunDoNotes\FunDoNotes\node_modules\express\lib\router\route.js:149:13)
    at NoteValidator.newNote (E:\FunDoNotes\FunDoNotes\src\validators\note.validator.ts:15:5)
    at Layer.handle [as handle_request] (E:\FunDoNotes\FunDoNotes\node_modules\express\lib\router\layer.js:95:5)
    at next (E:\FunDoNotes\FunDoNotes\node_modules\express\lib\router\route.js:149:13)
    at Route.dispatch (E:\FunDoNotes\FunDoNotes\node_modules\express\lib\router\route.js:119:3)
    at Layer.handle [as handle_request] (E:\FunDoNotes\FunDoNotes\node_modules\express\lib\router\layer.js:95:5) 
    url - /api/v1/notes 
    method - POST 
    IP - ::1
   {"timestamp":"2024-10-20T09:18:24.472Z"}
info: Server started at http://localhost:3000/api/v1/ {"timestamp":"2024-10-20T09:31:52.534Z"}
info: Connected to the database. {"timestamp":"2024-10-20T09:31:54.704Z"}
info: Server started at http://localhost:3000/api/v1/ {"timestamp":"2024-10-20T09:37:03.731Z"}
info: Connected to the database. {"timestamp":"2024-10-20T09:37:03.826Z"}
info: Server started at http://localhost:3000/api/v1/ {"timestamp":"2024-10-20T09:37:37.851Z"}
info: Connected to the database. {"timestamp":"2024-10-20T09:37:37.941Z"}
info: Connected to the database. {"timestamp":"2024-10-20T10:12:34.268Z"}
info: Server started at http://localhost:3000/api/v1/ {"timestamp":"2024-10-20T10:28:16.163Z"}
info: Connected to the database. {"timestamp":"2024-10-20T10:28:16.675Z"}
info: Server started at http://localhost:3000/api/v1/ {"timestamp":"2024-10-20T10:41:43.194Z"}
info: Connected to the database. {"timestamp":"2024-10-20T10:41:43.839Z"}
info: Server started at http://localhost:3000/api/v1/ {"timestamp":"2024-10-20T10:41:56.323Z"}
info: Connected to the database. {"timestamp":"2024-10-20T10:41:56.451Z"}
info: Server started at http://localhost:3000/api/v1/ {"timestamp":"2024-10-20T11:04:35.755Z"}
info: Connected to the database. {"timestamp":"2024-10-20T11:04:36.696Z"}
info: Server started at http://localhost:3000/api/v1/ {"timestamp":"2024-10-20T11:22:50.736Z"}
info: Connected to the database. {"timestamp":"2024-10-20T11:22:51.937Z"}
info: Server started at http://localhost:3000/api/v1/ {"timestamp":"2024-10-20T12:08:44.476Z"}
info: Connected to the database. {"timestamp":"2024-10-20T12:08:45.233Z"}
error: 
    status - 500 
    message - TokenExpiredError: jwt expired
    at E:\FunDoNotes\FunDoNotes\node_modules\jsonwebtoken\verify.js:152:21
    at getSecret (E:\FunDoNotes\FunDoNotes\node_modules\jsonwebtoken\verify.js:90:14)
    at Object.module.exports [as verify] (E:\FunDoNotes\FunDoNotes\node_modules\jsonwebtoken\verify.js:94:10)
    at E:\FunDoNotes\FunDoNotes\src\middlewares\auth.middleware.ts:28:35
    at Generator.next (<anonymous>)
    at E:\FunDoNotes\FunDoNotes\src\middlewares\auth.middleware.ts:8:71
    at new Promise (<anonymous>)
    at __awaiter (E:\FunDoNotes\FunDoNotes\src\middlewares\auth.middleware.ts:4:12)
    at userAuth (E:\FunDoNotes\FunDoNotes\src\middlewares\auth.middleware.ts:18:20)
    at Layer.handle [as handle_request] (E:\FunDoNotes\FunDoNotes\node_modules\express\lib\router\layer.js:95:5)
    at next (E:\FunDoNotes\FunDoNotes\node_modules\express\lib\router\route.js:149:13)
    at NoteValidator.newNote (E:\FunDoNotes\FunDoNotes\src\validators\note.validator.ts:15:5)
    at Layer.handle [as handle_request] (E:\FunDoNotes\FunDoNotes\node_modules\express\lib\router\layer.js:95:5)
    at next (E:\FunDoNotes\FunDoNotes\node_modules\express\lib\router\route.js:149:13)
    at Route.dispatch (E:\FunDoNotes\FunDoNotes\node_modules\express\lib\router\route.js:119:3)
    at Layer.handle [as handle_request] (E:\FunDoNotes\FunDoNotes\node_modules\express\lib\router\layer.js:95:5) 
    url - /api/v1/notes 
    method - POST 
    IP - ::1
   {"timestamp":"2024-10-20T12:10:03.755Z"}
error: 
    status - 500 
    message - TokenExpiredError: jwt expired
    at E:\FunDoNotes\FunDoNotes\node_modules\jsonwebtoken\verify.js:152:21
    at getSecret (E:\FunDoNotes\FunDoNotes\node_modules\jsonwebtoken\verify.js:90:14)
    at Object.module.exports [as verify] (E:\FunDoNotes\FunDoNotes\node_modules\jsonwebtoken\verify.js:94:10)
    at E:\FunDoNotes\FunDoNotes\src\middlewares\auth.middleware.ts:28:35
    at Generator.next (<anonymous>)
    at E:\FunDoNotes\FunDoNotes\src\middlewares\auth.middleware.ts:8:71
    at new Promise (<anonymous>)
    at __awaiter (E:\FunDoNotes\FunDoNotes\src\middlewares\auth.middleware.ts:4:12)
    at userAuth (E:\FunDoNotes\FunDoNotes\src\middlewares\auth.middleware.ts:18:20)
    at Layer.handle [as handle_request] (E:\FunDoNotes\FunDoNotes\node_modules\express\lib\router\layer.js:95:5)
    at next (E:\FunDoNotes\FunDoNotes\node_modules\express\lib\router\route.js:149:13)
    at NoteValidator.newNote (E:\FunDoNotes\FunDoNotes\src\validators\note.validator.ts:15:5)
    at Layer.handle [as handle_request] (E:\FunDoNotes\FunDoNotes\node_modules\express\lib\router\layer.js:95:5)
    at next (E:\FunDoNotes\FunDoNotes\node_modules\express\lib\router\route.js:149:13)
    at Route.dispatch (E:\FunDoNotes\FunDoNotes\node_modules\express\lib\router\route.js:119:3)
    at Layer.handle [as handle_request] (E:\FunDoNotes\FunDoNotes\node_modules\express\lib\router\layer.js:95:5) 
    url - /api/v1/notes 
    method - POST 
    IP - ::1
   {"timestamp":"2024-10-20T12:10:20.761Z"}
info: Server started at http://localhost:3000/api/v1/ {"timestamp":"2024-10-20T12:37:19.179Z"}
info: Connected to the database. {"timestamp":"2024-10-20T12:37:21.818Z"}
info: Server started at http://localhost:3000/api/v1/ {"timestamp":"2024-10-20T13:00:39.367Z"}
info: Connected to the database. {"timestamp":"2024-10-20T13:00:42.463Z"}
info: Server started at http://localhost:3000/api/v1/ {"timestamp":"2024-10-20T13:13:29.191Z"}
info: Connected to the database. {"timestamp":"2024-10-20T13:13:31.151Z"}
error: 
    status - 500 
    message - TokenExpiredError: jwt expired
    at E:\FunDoNotes\FunDoNotes\node_modules\jsonwebtoken\verify.js:152:21
    at getSecret (E:\FunDoNotes\FunDoNotes\node_modules\jsonwebtoken\verify.js:90:14)
    at Object.module.exports [as verify] (E:\FunDoNotes\FunDoNotes\node_modules\jsonwebtoken\verify.js:94:10)
    at E:\FunDoNotes\FunDoNotes\src\middlewares\auth.middleware.ts:28:35
    at Generator.next (<anonymous>)
    at E:\FunDoNotes\FunDoNotes\src\middlewares\auth.middleware.ts:8:71
    at new Promise (<anonymous>)
    at __awaiter (E:\FunDoNotes\FunDoNotes\src\middlewares\auth.middleware.ts:4:12)
    at userAuth (E:\FunDoNotes\FunDoNotes\src\middlewares\auth.middleware.ts:18:20)
    at Layer.handle [as handle_request] (E:\FunDoNotes\FunDoNotes\node_modules\express\lib\router\layer.js:95:5)
    at next (E:\FunDoNotes\FunDoNotes\node_modules\express\lib\router\route.js:149:13)
    at NoteValidator.newNote (E:\FunDoNotes\FunDoNotes\src\validators\note.validator.ts:15:5)
    at Layer.handle [as handle_request] (E:\FunDoNotes\FunDoNotes\node_modules\express\lib\router\layer.js:95:5)
    at next (E:\FunDoNotes\FunDoNotes\node_modules\express\lib\router\route.js:149:13)
    at Route.dispatch (E:\FunDoNotes\FunDoNotes\node_modules\express\lib\router\route.js:119:3)
    at Layer.handle [as handle_request] (E:\FunDoNotes\FunDoNotes\node_modules\express\lib\router\layer.js:95:5) 
    url - /api/v1/notes 
    method - POST 
    IP - ::ffff:127.0.0.1
   {"timestamp":"2024-10-20T13:17:15.878Z"}
error: 
    status - 500 
    message - ValidationError: "description" is required 
    url - /api/v1/notes 
    method - POST 
    IP - ::1
   {"timestamp":"2024-10-20T13:20:24.123Z"}
error: 
    status - 500 
    message - JsonWebTokenError: invalid signature
    at E:\FunDoNotes\FunDoNotes\node_modules\jsonwebtoken\verify.js:133:19
    at getSecret (E:\FunDoNotes\FunDoNotes\node_modules\jsonwebtoken\verify.js:90:14)
    at Object.module.exports [as verify] (E:\FunDoNotes\FunDoNotes\node_modules\jsonwebtoken\verify.js:94:10)
    at E:\FunDoNotes\FunDoNotes\src\middlewares\auth.middleware.ts:28:35
    at Generator.next (<anonymous>)
    at E:\FunDoNotes\FunDoNotes\src\middlewares\auth.middleware.ts:8:71
    at new Promise (<anonymous>)
    at __awaiter (E:\FunDoNotes\FunDoNotes\src\middlewares\auth.middleware.ts:4:12)
    at userAuth (E:\FunDoNotes\FunDoNotes\src\middlewares\auth.middleware.ts:18:20)
    at Layer.handle [as handle_request] (E:\FunDoNotes\FunDoNotes\node_modules\express\lib\router\layer.js:95:5)
    at next (E:\FunDoNotes\FunDoNotes\node_modules\express\lib\router\route.js:149:13)
    at NoteValidator.newNote (E:\FunDoNotes\FunDoNotes\src\validators\note.validator.ts:15:5)
    at Layer.handle [as handle_request] (E:\FunDoNotes\FunDoNotes\node_modules\express\lib\router\layer.js:95:5)
    at next (E:\FunDoNotes\FunDoNotes\node_modules\express\lib\router\route.js:149:13)
    at Route.dispatch (E:\FunDoNotes\FunDoNotes\node_modules\express\lib\router\route.js:119:3)
    at Layer.handle [as handle_request] (E:\FunDoNotes\FunDoNotes\node_modules\express\lib\router\layer.js:95:5) 
    url - /api/v1/notes 
    method - POST 
    IP - ::1
   {"timestamp":"2024-10-20T13:20:41.424Z"}
error: 
    status - 500 
    message - JsonWebTokenError: invalid signature
    at E:\FunDoNotes\FunDoNotes\node_modules\jsonwebtoken\verify.js:133:19
    at getSecret (E:\FunDoNotes\FunDoNotes\node_modules\jsonwebtoken\verify.js:90:14)
    at Object.module.exports [as verify] (E:\FunDoNotes\FunDoNotes\node_modules\jsonwebtoken\verify.js:94:10)
    at E:\FunDoNotes\FunDoNotes\src\middlewares\auth.middleware.ts:28:35
    at Generator.next (<anonymous>)
    at E:\FunDoNotes\FunDoNotes\src\middlewares\auth.middleware.ts:8:71
    at new Promise (<anonymous>)
    at __awaiter (E:\FunDoNotes\FunDoNotes\src\middlewares\auth.middleware.ts:4:12)
    at userAuth (E:\FunDoNotes\FunDoNotes\src\middlewares\auth.middleware.ts:18:20)
    at Layer.handle [as handle_request] (E:\FunDoNotes\FunDoNotes\node_modules\express\lib\router\layer.js:95:5)
    at next (E:\FunDoNotes\FunDoNotes\node_modules\express\lib\router\route.js:149:13)
    at NoteValidator.newNote (E:\FunDoNotes\FunDoNotes\src\validators\note.validator.ts:15:5)
    at Layer.handle [as handle_request] (E:\FunDoNotes\FunDoNotes\node_modules\express\lib\router\layer.js:95:5)
    at next (E:\FunDoNotes\FunDoNotes\node_modules\express\lib\router\route.js:149:13)
    at Route.dispatch (E:\FunDoNotes\FunDoNotes\node_modules\express\lib\router\route.js:119:3)
    at Layer.handle [as handle_request] (E:\FunDoNotes\FunDoNotes\node_modules\express\lib\router\layer.js:95:5) 
    url - /api/v1/notes 
    method - POST 
    IP - ::1
   {"timestamp":"2024-10-20T13:20:46.120Z"}
info: Server started at http://localhost:3000/api/v1/ {"timestamp":"2024-10-20T13:38:46.007Z"}
info: Connected to the database. {"timestamp":"2024-10-20T13:38:47.222Z"}
info: Server started at http://localhost:3000/api/v1/ {"timestamp":"2024-10-20T13:50:16.440Z"}
info: Connected to the database. {"timestamp":"2024-10-20T13:50:17.694Z"}
info: Server started at http://localhost:3000/api/v1/ {"timestamp":"2024-10-20T14:01:29.660Z"}
info: Connected to the database. {"timestamp":"2024-10-20T14:01:34.891Z"}
info: Server started at http://localhost:3000/api/v1/ {"timestamp":"2024-10-20T14:23:22.785Z"}
info: Connected to the database. {"timestamp":"2024-10-20T14:23:30.019Z"}
info: Server started at http://localhost:3000/api/v1/ {"timestamp":"2024-10-20T15:09:47.789Z"}
info: Connected to the database. {"timestamp":"2024-10-20T15:09:49.474Z"}
info: Server started at http://localhost:3000/api/v1/ {"timestamp":"2024-10-20T15:13:50.518Z"}
info: Connected to the database. {"timestamp":"2024-10-20T15:13:50.680Z"}
error: 
    status - 500 
    message - ValidationError: "Email" is required 
    url - /api/v1/users/login 
    method - POST 
    IP - ::1
   {"timestamp":"2024-10-20T15:20:50.383Z"}
info: Server started at http://localhost:3000/api/v1/ {"timestamp":"2024-10-20T15:23:30.960Z"}
info: Connected to the database. {"timestamp":"2024-10-20T15:23:31.116Z"}
info: Server started at http://localhost:3000/api/v1/ {"timestamp":"2024-10-20T15:44:31.876Z"}
info: Connected to the database. {"timestamp":"2024-10-20T15:44:33.014Z"}
error: 
      status - 401
      message - Invalid token 
      url - /api/v1/notes 
      method - POST 
      IP - ::1
     {"timestamp":"2024-10-20T15:48:00.186Z"}
error: 
      status - 401
      message - Invalid token 
      url - /api/v1/notes 
      method - POST 
      IP - ::1
     {"timestamp":"2024-10-20T15:48:24.016Z"}
error: 
      status - 401
      message - Invalid token 
      url - /api/v1/notes 
      method - POST 
      IP - ::1
     {"timestamp":"2024-10-20T15:51:06.849Z"}
error: 
      status - 401
      message - Invalid token 
      url - /api/v1/notes 
      method - POST 
      IP - ::1
     {"timestamp":"2024-10-20T15:51:10.315Z"}
error: 
      status - 401
      message - Invalid token 
      url - /api/v1/notes 
      method - POST 
      IP - ::1
     {"timestamp":"2024-10-20T15:51:12.990Z"}
info: Server started at http://localhost:3000/api/v1/ {"timestamp":"2024-10-20T16:17:38.291Z"}
info: Connected to the database. {"timestamp":"2024-10-20T16:17:41.842Z"}
error: 
      status - 401
      message - Invalid token 
      url - /api/v1/notes 
      method - POST 
      IP - ::1
     {"timestamp":"2024-10-20T16:19:05.844Z"}
error: 
      status - 401
      message - Invalid token 
      url - /api/v1/notes 
      method - POST 
      IP - ::1
     {"timestamp":"2024-10-20T16:21:36.454Z"}
