info: Server started at http://localhost:3000/api/v1/ {"timestamp":"2024-10-22T06:51:33.685Z"}
info: Connected to the database. {"timestamp":"2024-10-22T06:51:39.263Z"}
info: Server started at http://localhost:3000/api/v1/ {"timestamp":"2024-10-22T06:57:05.740Z"}
info: Connected to the database. {"timestamp":"2024-10-22T06:57:06.299Z"}
info: Server started at http://localhost:3000/api/v1/ {"timestamp":"2024-10-22T06:57:39.073Z"}
info: Connected to the database. {"timestamp":"2024-10-22T06:57:39.143Z"}
info: Server started at http://localhost:3000/api/v1/ {"timestamp":"2024-10-22T06:58:47.266Z"}
info: Connected to the database. {"timestamp":"2024-10-22T06:58:47.378Z"}
info: Server started at http://localhost:3000/api/v1/ {"timestamp":"2024-10-22T07:17:57.277Z"}
info: Connected to the database. {"timestamp":"2024-10-22T07:17:57.524Z"}
info: Server started at http://localhost:3000/api/v1/ {"timestamp":"2024-10-22T07:18:07.334Z"}
info: Connected to the database. {"timestamp":"2024-10-22T07:18:07.410Z"}
info: Server started at http://localhost:3000/api/v1/ {"timestamp":"2024-10-22T07:39:18.031Z"}
info: Connected to the database. {"timestamp":"2024-10-22T07:39:18.100Z"}
info: Server started at http://localhost:3000/api/v1/ {"timestamp":"2024-10-22T08:33:15.294Z"}
info: Connected to the database. {"timestamp":"2024-10-22T08:33:16.437Z"}
info: Server started at http://localhost:3000/api/v1/ {"timestamp":"2024-10-22T08:49:41.085Z"}
info: Connected to the database. {"timestamp":"2024-10-22T08:49:41.981Z"}
info: Server started at http://localhost:3000/api/v1/ {"timestamp":"2024-10-22T09:12:26.902Z"}
info: Connected to the database. {"timestamp":"2024-10-22T09:12:27.601Z"}
info: Server started at http://localhost:3000/api/v1/ {"timestamp":"2024-10-22T09:23:59.245Z"}
info: Connected to the database. {"timestamp":"2024-10-22T09:24:03.365Z"}
info: Server started at http://localhost:3000/api/v1/ {"timestamp":"2024-10-22T09:37:47.164Z"}
info: Connected to the database. {"timestamp":"2024-10-22T09:37:54.732Z"}
info: Server started at http://localhost:3000/api/v1/ {"timestamp":"2024-10-22T09:42:47.944Z"}
info: Connected to the database. {"timestamp":"2024-10-22T09:42:48.745Z"}
info: Server started at http://localhost:3000/api/v1/ {"timestamp":"2024-10-22T10:05:13.364Z"}
info: Connected to the database. {"timestamp":"2024-10-22T10:05:13.823Z"}
info: Server started at http://localhost:3000/api/v1/ {"timestamp":"2024-10-22T10:06:16.907Z"}
info: Connected to the database. {"timestamp":"2024-10-22T10:06:16.995Z"}
info: Server started at http://localhost:3000/api/v1/ {"timestamp":"2024-10-22T10:22:26.380Z"}
info: Connected to the database. {"timestamp":"2024-10-22T10:22:26.833Z"}
info: Server started at http://localhost:3000/api/v1/ {"timestamp":"2024-10-22T10:35:58.220Z"}
info: Connected to the database. {"timestamp":"2024-10-22T10:35:59.732Z"}
info: Server started at http://localhost:3000/api/v1/ {"timestamp":"2024-10-22T10:50:15.575Z"}
info: Connected to the database. {"timestamp":"2024-10-22T10:50:18.088Z"}
info: Server started at http://localhost:3000/api/v1/ {"timestamp":"2024-10-22T11:06:47.213Z"}
info: Connected to the database. {"timestamp":"2024-10-22T11:06:48.124Z"}
info: Server started at http://localhost:3000/api/v1/ {"timestamp":"2024-10-22T11:19:42.180Z"}
info: Connected to the database. {"timestamp":"2024-10-22T11:19:42.264Z"}
info: Server started at http://localhost:3000/api/v1/ {"timestamp":"2024-10-22T11:20:22.994Z"}
info: Connected to the database. {"timestamp":"2024-10-22T11:20:23.093Z"}
info: Server started at http://localhost:3000/api/v1/ {"timestamp":"2024-10-22T11:22:20.182Z"}
info: Connected to the database. {"timestamp":"2024-10-22T11:22:20.254Z"}
info: Server started at http://localhost:3000/api/v1/ {"timestamp":"2024-10-22T11:22:35.432Z"}
info: Connected to the database. {"timestamp":"2024-10-22T11:22:35.531Z"}
info: Server started at http://localhost:3000/api/v1/ {"timestamp":"2024-10-22T11:23:06.790Z"}
info: Connected to the database. {"timestamp":"2024-10-22T11:23:06.920Z"}
info: Server started at http://localhost:3000/api/v1/ {"timestamp":"2024-10-22T11:23:20.495Z"}
info: Connected to the database. {"timestamp":"2024-10-22T11:23:20.630Z"}
info: Server started at http://localhost:3000/api/v1/ {"timestamp":"2024-10-22T11:23:45.019Z"}
info: Connected to the database. {"timestamp":"2024-10-22T11:23:45.086Z"}
info: Server started at http://localhost:3000/api/v1/ {"timestamp":"2024-10-22T11:27:23.850Z"}
info: Connected to the database. {"timestamp":"2024-10-22T11:27:24.068Z"}
info: Server started at http://localhost:3000/api/v1/ {"timestamp":"2024-10-22T11:29:25.222Z"}
info: Connected to the database. {"timestamp":"2024-10-22T11:29:25.291Z"}
info: Server started at http://localhost:3000/api/v1/ {"timestamp":"2024-10-22T11:29:42.691Z"}
info: Connected to the database. {"timestamp":"2024-10-22T11:29:42.768Z"}
info: Server started at http://localhost:3000/api/v1/ {"timestamp":"2024-10-22T11:39:51.544Z"}
info: Connected to the database. {"timestamp":"2024-10-22T11:39:51.951Z"}
info: Server started at http://localhost:3000/api/v1/ {"timestamp":"2024-10-22T15:00:43.983Z"}
info: Connected to the database. {"timestamp":"2024-10-22T15:00:47.281Z"}
info: Server started at http://localhost:3000/api/v1/ {"timestamp":"2024-10-22T15:03:40.221Z"}
info: Connected to the database. {"timestamp":"2024-10-22T15:03:40.908Z"}
info: Server started at http://localhost:3000/api/v1/ {"timestamp":"2024-10-22T15:13:41.450Z"}
info: Connected to the database. {"timestamp":"2024-10-22T15:13:42.867Z"}
info: Server started at http://localhost:3000/api/v1/ {"timestamp":"2024-10-22T15:15:06.103Z"}
info: Connected to the database. {"timestamp":"2024-10-22T15:15:07.164Z"}
info: Server started at http://localhost:3000/api/v1/ {"timestamp":"2024-10-22T15:33:35.496Z"}
info: Connected to the database. {"timestamp":"2024-10-22T15:33:37.076Z"}
info: Server started at http://localhost:3000/api/v1/ {"timestamp":"2024-10-22T15:34:48.578Z"}
info: Connected to the database. {"timestamp":"2024-10-22T15:34:48.812Z"}
info: Server started at http://localhost:3000/api/v1/ {"timestamp":"2024-10-22T15:48:12.166Z"}
info: Connected to the database. {"timestamp":"2024-10-22T15:48:15.033Z"}
info: Server started at http://localhost:3000/api/v1/ {"timestamp":"2024-10-22T16:01:15.743Z"}
info: Connected to the database. {"timestamp":"2024-10-22T16:01:16.885Z"}
info: Server started at http://localhost:3000/api/v1/ {"timestamp":"2024-10-22T16:07:23.803Z"}
info: Connected to the database. {"timestamp":"2024-10-22T16:07:24.627Z"}
info: Server started at http://localhost:3000/api/v1/ {"timestamp":"2024-10-22T16:11:52.945Z"}
info: Connected to the database. {"timestamp":"2024-10-22T16:11:53.402Z"}
info: Server started at http://localhost:3000/api/v1/ {"timestamp":"2024-10-22T16:14:38.445Z"}
info: Connected to the database. {"timestamp":"2024-10-22T16:14:44.321Z"}
error: 
      status - 400
      message - Authorization token is required 
      url - /api/v1/notes/update/6717c18294859d3f38fdd1b2 
      method - PUT 
      IP - ::1
     {"timestamp":"2024-10-22T16:16:56.523Z"}
info: Server started at http://localhost:3000/api/v1/ {"timestamp":"2024-10-22T16:24:17.988Z"}
info: Connected to the database. {"timestamp":"2024-10-22T16:24:18.803Z"}
info: Server started at http://localhost:3000/api/v1/ {"timestamp":"2024-10-22T16:29:17.690Z"}
info: Connected to the database. {"timestamp":"2024-10-22T16:29:17.816Z"}
info: Server started at http://localhost:3000/api/v1/ {"timestamp":"2024-10-22T16:32:36.463Z"}
info: Connected to the database. {"timestamp":"2024-10-22T16:32:36.733Z"}
info: Server started at http://localhost:3000/api/v1/ {"timestamp":"2024-10-22T16:45:54.430Z"}
info: Connected to the database. {"timestamp":"2024-10-22T16:45:56.351Z"}
info: Server started at http://localhost:3000/api/v1/ {"timestamp":"2024-10-22T17:19:11.041Z"}
info: Connected to the database. {"timestamp":"2024-10-22T17:19:11.791Z"}
error: 
    status - 500 
    message - TokenExpiredError: jwt expired
    at E:\FunDoNotes\FunDoNotes\node_modules\jsonwebtoken\verify.js:152:21
    at getSecret (E:\FunDoNotes\FunDoNotes\node_modules\jsonwebtoken\verify.js:90:14)
    at Object.module.exports [as verify] (E:\FunDoNotes\FunDoNotes\node_modules\jsonwebtoken\verify.js:94:10)
    at E:\FunDoNotes\FunDoNotes\src\middlewares\auth.middleware.ts:27:35
    at Generator.next (<anonymous>)
    at E:\FunDoNotes\FunDoNotes\src\middlewares\auth.middleware.ts:8:71
    at new Promise (<anonymous>)
    at __awaiter (E:\FunDoNotes\FunDoNotes\src\middlewares\auth.middleware.ts:4:12)
    at userAuth (E:\FunDoNotes\FunDoNotes\src\middlewares\auth.middleware.ts:18:20)
    at Layer.handle [as handle_request] (E:\FunDoNotes\FunDoNotes\node_modules\express\lib\router\layer.js:95:5)
    at next (E:\FunDoNotes\FunDoNotes\node_modules\express\lib\router\route.js:149:13)
    at Route.dispatch (E:\FunDoNotes\FunDoNotes\node_modules\express\lib\router\route.js:119:3)
    at Layer.handle [as handle_request] (E:\FunDoNotes\FunDoNotes\node_modules\express\lib\router\layer.js:95:5)
    at E:\FunDoNotes\FunDoNotes\node_modules\express\lib\router\index.js:284:15
    at Function.process_params (E:\FunDoNotes\FunDoNotes\node_modules\express\lib\router\index.js:346:12)
    at next (E:\FunDoNotes\FunDoNotes\node_modules\express\lib\router\index.js:280:10) 
    url - /api/v1/notes/viewall 
    method - GET 
    IP - ::1
   {"timestamp":"2024-10-22T17:20:10.560Z"}
info: Server started at http://localhost:3000/api/v1/ {"timestamp":"2024-10-22T17:31:46.674Z"}
info: Connected to the database. {"timestamp":"2024-10-22T17:31:50.302Z"}
info: Server started at http://localhost:3000/api/v1/ {"timestamp":"2024-10-22T17:55:36.157Z"}
info: Connected to the database. {"timestamp":"2024-10-22T17:55:38.755Z"}
