info: Server started at http://localhost:3000/api/v1/ {"timestamp":"2024-12-06T05:22:00.571Z"}
info: Connected to the database. {"timestamp":"2024-12-06T05:22:00.598Z"}
error: 
    status - 500 
    message - Error: Authorization token is required
    at D:\FunDoNotes\src\middlewares\auth.middleware.ts:17:15
    at Generator.next (<anonymous>)
    at D:\FunDoNotes\src\middlewares\auth.middleware.ts:8:71
    at new Promise (<anonymous>)
    at __awaiter (D:\FunDoNotes\src\middlewares\auth.middleware.ts:4:12)
    at D:\FunDoNotes\src\middlewares\auth.middleware.ts:13:82
    at Layer.handle [as handle_request] (D:\FunDoNotes\node_modules\express\lib\router\layer.js:95:5)
    at next (D:\FunDoNotes\node_modules\express\lib\router\route.js:149:13)
    at Route.dispatch (D:\FunDoNotes\node_modules\express\lib\router\route.js:119:3)
    at Layer.handle [as handle_request] (D:\FunDoNotes\node_modules\express\lib\router\layer.js:95:5)
    at D:\FunDoNotes\node_modules\express\lib\router\index.js:284:15
    at param (D:\FunDoNotes\node_modules\express\lib\router\index.js:365:14)
    at param (D:\FunDoNotes\node_modules\express\lib\router\index.js:376:14)
    at Function.process_params (D:\FunDoNotes\node_modules\express\lib\router\index.js:421:3)
    at next (D:\FunDoNotes\node_modules\express\lib\router\index.js:280:10)
    at Function.handle (D:\FunDoNotes\node_modules\express\lib\router\index.js:175:3) 
    url - /api/v1/notes/dashbooard 
    method - GET 
    IP - ::1
   {"timestamp":"2024-12-06T05:25:30.089Z"}
info: Server started at http://localhost:3000/api/v1/ {"timestamp":"2024-12-06T05:26:32.630Z"}
info: Connected to the database. {"timestamp":"2024-12-06T05:26:32.654Z"}
info: Server started at http://localhost:3000/api/v1/ {"timestamp":"2024-12-06T05:38:41.862Z"}
info: Connected to the database. {"timestamp":"2024-12-06T05:38:41.899Z"}
error: 
    status - 500 
    message - ValidationError: "title" is not allowed to be empty 
    url - /api/v1/notes 
    method - POST 
    IP - ::1
   {"timestamp":"2024-12-06T10:11:17.640Z"}
