info: Server started at http://localhost:3000/api/v1/ {"timestamp":"2024-10-29T05:44:52.145Z"}
info: Connected to the database. {"timestamp":"2024-10-29T05:44:57.449Z"}
error: 
    status - 500 
    message - SyntaxError: Expected ',' or '}' after property value in JSON at position 73
    at JSON.parse (<anonymous>)
    at parse (E:\FunDoNotes\FunDoNotes\node_modules\body-parser\lib\types\json.js:92:19)
    at E:\FunDoNotes\FunDoNotes\node_modules\body-parser\lib\read.js:128:18
    at AsyncResource.runInAsyncScope (node:async_hooks:206:9)
    at invokeCallback (E:\FunDoNotes\FunDoNotes\node_modules\raw-body\index.js:238:16)
    at done (E:\FunDoNotes\FunDoNotes\node_modules\raw-body\index.js:227:7)
    at IncomingMessage.onEnd (E:\FunDoNotes\FunDoNotes\node_modules\raw-body\index.js:287:7)
    at IncomingMessage.emit (node:events:519:28)
    at endReadableNT (node:internal/streams/readable:1696:12)
    at processTicksAndRejections (node:internal/process/task_queues:82:21) 
    url - /api/v1/notes/update/672076dbd268701cdcfedae2 
    method - PUT 
    IP - ::1
   {"timestamp":"2024-10-29T05:48:55.021Z"}
info: Server started at http://localhost:3000/api/v1/ {"timestamp":"2024-10-29T05:53:44.069Z"}
info: Connected to the database. {"timestamp":"2024-10-29T05:53:46.443Z"}
info: Server started at http://localhost:3000/api/v1/ {"timestamp":"2024-10-29T05:56:46.944Z"}
info: Connected to the database. {"timestamp":"2024-10-29T05:56:47.036Z"}
info: Server started at http://localhost:3000/api/v1/ {"timestamp":"2024-10-29T06:56:50.428Z"}
info: Connected to the database. {"timestamp":"2024-10-29T06:56:50.855Z"}
info: Server started at http://localhost:3000/api/v1/ {"timestamp":"2024-10-29T06:57:20.183Z"}
info: Connected to the database. {"timestamp":"2024-10-29T06:57:20.270Z"}
