info: ::1 - - [16/Oct/2024:13:41:31 +0000] "GET /api/v1/home HTTP/1.1" 404 47 "-" "PostmanRuntime/7.39.1"

info: ::1 - - [16/Oct/2024:13:41:51 +0000] "GET /api/v1/ HTTP/1.1" 200 9 "-" "PostmanRuntime/7.39.1"

info: ::1 - - [16/Oct/2024:13:43:02 +0000] "GET /api/v1/home HTTP/1.1" 200 27 "-" "PostmanRuntime/7.39.1"

info: ::1 - - [16/Oct/2024:13:47:41 +0000] "POST /api/v1/users/register HTTP/1.1" 500 55 "-" "PostmanRuntime/7.39.1"

info: ::1 - - [16/Oct/2024:13:49:21 +0000] "POST /api/v1/users/ HTTP/1.1" 404 47 "-" "PostmanRuntime/7.39.1"

info: ::1 - - [16/Oct/2024:13:49:37 +0000] "POST /api/v1 HTTP/1.1" 404 47 "-" "PostmanRuntime/7.39.1"

info: ::1 - - [16/Oct/2024:13:49:46 +0000] "POST /api/v1/users HTTP/1.1" 404 47 "-" "PostmanRuntime/7.39.1"

info: ::1 - - [16/Oct/2024:14:00:02 +0000] "POST /api/v1/users HTTP/1.1" 404 47 "-" "PostmanRuntime/7.39.1"

info: ::1 - - [16/Oct/2024:14:57:47 +0000] "POST /api/v1/users/ HTTP/1.1" 404 47 "-" "PostmanRuntime/7.39.1"

info: ::1 - - [16/Oct/2024:15:12:08 +0000] "POST /api/v1/users/register HTTP/1.1" 500 59 "-" "PostmanRuntime/7.39.1"

info: ::1 - - [16/Oct/2024:15:12:50 +0000] "POST /api/v1/users/ HTTP/1.1" 500 59 "-" "PostmanRuntime/7.39.1"

info: ::1 - - [16/Oct/2024:15:12:52 +0000] "POST /api/v1/users/ HTTP/1.1" 500 59 "-" "PostmanRuntime/7.39.1"

info: ::1 - - [16/Oct/2024:15:24:16 +0000] "POST /api/v1/users/ HTTP/1.1" 500 59 "-" "PostmanRuntime/7.39.1"

info: ::1 - - [16/Oct/2024:15:29:55 +0000] "POST /api/v1/users/ HTTP/1.1" 500 59 "-" "PostmanRuntime/7.39.1"

info: ::1 - - [16/Oct/2024:15:39:06 +0000] "POST /api/v1/users/ HTTP/1.1" 500 59 "-" "PostmanRuntime/7.39.1"

info: ::1 - - [16/Oct/2024:15:42:40 +0000] "POST /api/v1/users/ HTTP/1.1" 201 178 "-" "PostmanRuntime/7.39.1"

info: ::1 - - [16/Oct/2024:17:33:24 +0000] "POST /api/v1/users/register HTTP/1.1" 404 47 "-" "PostmanRuntime/7.39.1"

info: ::1 - - [16/Oct/2024:17:33:34 +0000] "POST /api/v1/users/users/register HTTP/1.1" 404 47 "-" "PostmanRuntime/7.39.1"

info: ::1 - - [16/Oct/2024:17:38:37 +0000] "POST /api/v1/users/register HTTP/1.1" 201 179 "-" "PostmanRuntime/7.39.1"

info: ::1 - - [16/Oct/2024:17:52:21 +0000] "POST /api/v1/users/register HTTP/1.1" 404 47 "-" "PostmanRuntime/7.39.1"

info: ::1 - - [16/Oct/2024:17:54:58 +0000] "POST /api/v1/users/register HTTP/1.1" 404 47 "-" "PostmanRuntime/7.39.1"

info: ::1 - - [16/Oct/2024:17:56:46 +0000] "POST /api/v1/users/register HTTP/1.1" 404 47 "-" "PostmanRuntime/7.39.1"

info: ::1 - - [16/Oct/2024:17:57:11 +0000] "GET /api/v1/home HTTP/1.1" 404 47 "-" "PostmanRuntime/7.39.1"

info: ::1 - - [16/Oct/2024:17:57:15 +0000] "GET /api/v1/home HTTP/1.1" 404 47 "-" "PostmanRuntime/7.39.1"

info: ::1 - - [16/Oct/2024:17:57:23 +0000] "GET /api/v1 HTTP/1.1" 404 47 "-" "PostmanRuntime/7.39.1"

info: ::1 - - [16/Oct/2024:17:57:28 +0000] "GET /api/v1/home HTTP/1.1" 404 47 "-" "PostmanRuntime/7.39.1"

info: ::1 - - [16/Oct/2024:18:04:28 +0000] "GET /api/v1/home HTTP/1.1" 200 27 "-" "PostmanRuntime/7.39.1"

info: ::1 - - [16/Oct/2024:18:04:39 +0000] "GET /api/v1 HTTP/1.1" 404 47 "-" "PostmanRuntime/7.39.1"

info: ::1 - - [16/Oct/2024:18:04:48 +0000] "GET /api/v1/home HTTP/1.1" 200 27 "-" "PostmanRuntime/7.39.1"

info: ::1 - - [16/Oct/2024:18:05:36 +0000] "GET /api/v1/home HTTP/1.1" 404 47 "-" "PostmanRuntime/7.39.1"

info: ::1 - - [16/Oct/2024:18:05:39 +0000] "GET /api/v1/home HTTP/1.1" 404 47 "-" "PostmanRuntime/7.39.1"

info: ::1 - - [16/Oct/2024:18:05:43 +0000] "GET /api/v1/home/ HTTP/1.1" 404 47 "-" "PostmanRuntime/7.39.1"

info: ::1 - - [16/Oct/2024:18:06:46 +0000] "GET /api/v1/home/ HTTP/1.1" 200 27 "-" "PostmanRuntime/7.39.1"

info: ::1 - - [16/Oct/2024:18:07:10 +0000] "POST /api/v1/users/register HTTP/1.1" 201 179 "-" "PostmanRuntime/7.39.1"

info: ::1 - - [16/Oct/2024:18:17:56 +0000] "POST /api/v1/users/register HTTP/1.1" 201 256 "-" "PostmanRuntime/7.39.1"

info: ::1 - - [16/Oct/2024:18:22:07 +0000] "POST /api/v1/users/register HTTP/1.1" 500 61 "-" "PostmanRuntime/7.39.1"

info: ::1 - - [16/Oct/2024:18:22:23 +0000] "POST /api/v1/users/register HTTP/1.1" 201 257 "-" "PostmanRuntime/7.39.1"

info: ::1 - - [16/Oct/2024:18:28:30 +0000] "POST /api/v1/users/register HTTP/1.1" 201 257 "-" "PostmanRuntime/7.39.1"

info: ::1 - - [16/Oct/2024:18:36:44 +0000] "POST /api/v1/users/register HTTP/1.1" 500 61 "-" "PostmanRuntime/7.39.1"

info: ::1 - - [16/Oct/2024:18:37:58 +0000] "POST /api/v1/users/register HTTP/1.1" 201 258 "-" "PostmanRuntime/7.39.1"

info: ::1 - - [16/Oct/2024:18:47:42 +0000] "POST /api/v1/users/register HTTP/1.1" 201 280 "-" "PostmanRuntime/7.39.1"

info: ::1 - - [16/Oct/2024:19:23:34 +0000] "POST /api/v1/users/signin HTTP/1.1" 500 82 "-" "PostmanRuntime/7.39.1"

info: ::1 - - [16/Oct/2024:19:29:31 +0000] "POST /api/v1/users/signin HTTP/1.1" 500 82 "-" "PostmanRuntime/7.39.1"

info: ::1 - - [16/Oct/2024:19:33:52 +0000] "POST /api/v1/users/signin HTTP/1.1" 500 82 "-" "PostmanRuntime/7.39.1"

info: ::1 - - [16/Oct/2024:19:35:23 +0000] "POST /api/v1/users/signin HTTP/1.1" 200 170 "-" "PostmanRuntime/7.39.1"

info: ::1 - - [16/Oct/2024:19:47:56 +0000] "POST /api/v1/users/signin HTTP/1.1" 500 59 "-" "PostmanRuntime/7.39.1"

info: ::1 - - [16/Oct/2024:20:01:10 +0000] "POST /api/v1/users/signin HTTP/1.1" 200 206 "-" "PostmanRuntime/7.39.1"

info: ::1 - - [16/Oct/2024:20:16:50 +0000] "POST /api/v1/users/signin HTTP/1.1" 200 170 "-" "PostmanRuntime/7.39.1"

info: ::1 - - [16/Oct/2024:20:16:50 +0000] "POST /api/v1/users/signin HTTP/1.1" 200 170 "-" "PostmanRuntime/7.39.1"

info: ::1 - - [16/Oct/2024:20:18:38 +0000] "POST /api/v1/users/register HTTP/1.1" 201 277 "-" "PostmanRuntime/7.39.1"

info: ::1 - - [16/Oct/2024:20:20:29 +0000] "POST /api/v1/users/signin HTTP/1.1" 200 170 "-" "PostmanRuntime/7.39.1"

info: ::1 - - [17/Oct/2024:04:43:28 +0000] "GET /api/v1/home HTTP/1.1" 200 27 "-" "PostmanRuntime/7.39.1"

info: ::1 - - [17/Oct/2024:04:44:02 +0000] "GET /api/v1/users/signin HTTP/1.1" 404 47 "-" "PostmanRuntime/7.39.1"

info: ::1 - - [17/Oct/2024:04:44:14 +0000] "POST /api/v1/users/signin HTTP/1.1" 200 170 "-" "PostmanRuntime/7.39.1"

info: ::1 - - [17/Oct/2024:04:52:13 +0000] "GET /api/v1/home HTTP/1.1" 200 27 "-" "PostmanRuntime/7.39.1"

info: ::1 - - [17/Oct/2024:04:52:39 +0000] "POST /api/v1/users/sigin HTTP/1.1" 404 47 "-" "PostmanRuntime/7.39.1"

info: ::1 - - [17/Oct/2024:04:52:46 +0000] "POST /api/v1/users/signin HTTP/1.1" 200 170 "-" "PostmanRuntime/7.39.1"

info: ::1 - - [17/Oct/2024:05:06:25 +0000] "POST /api/v1/users/register HTTP/1.1" 500 60 "-" "PostmanRuntime/7.39.1"

info: ::1 - - [17/Oct/2024:05:06:36 +0000] "POST /api/v1/users/register HTTP/1.1" 500 81 "-" "PostmanRuntime/7.39.1"

info: ::1 - - [17/Oct/2024:05:07:48 +0000] "POST /api/v1/users/register HTTP/1.1" 500 81 "-" "PostmanRuntime/7.39.1"

info: ::1 - - [17/Oct/2024:05:12:17 +0000] "POST /api/v1/users/register HTTP/1.1" 409 55 "-" "PostmanRuntime/7.39.1"

info: ::1 - - [17/Oct/2024:05:12:43 +0000] "POST /api/v1/users/register HTTP/1.1" 201 272 "-" "PostmanRuntime/7.39.1"

info: ::1 - - [17/Oct/2024:05:13:25 +0000] "POST /api/v1/users/signin HTTP/1.1" 200 170 "-" "PostmanRuntime/7.39.1"

info: ::1 - - [17/Oct/2024:05:15:18 +0000] "POST /api/v1/users/register HTTP/1.1" 201 270 "-" "PostmanRuntime/7.39.1"

info: ::1 - - [17/Oct/2024:05:15:58 +0000] "POST /api/v1/users/register HTTP/1.1" 409 55 "-" "PostmanRuntime/7.39.1"

info: ::1 - - [17/Oct/2024:05:31:28 +0000] "POST /api/v1/users/register HTTP/1.1" 201 292 "-" "PostmanRuntime/7.39.1"

info: ::1 - - [17/Oct/2024:05:35:32 +0000] "POST /api/v1/users/register HTTP/1.1" 201 288 "-" "PostmanRuntime/7.39.1"

info: ::1 - - [17/Oct/2024:06:12:30 +0000] "POST /api/v1/users/signin HTTP/1.1" 200 169 "-" "PostmanRuntime/7.39.1"

info: ::1 - - [17/Oct/2024:06:20:12 +0000] "POST /api/v1/users/signin HTTP/1.1" 200 169 "-" "PostmanRuntime/7.39.1"

info: ::1 - - [17/Oct/2024:07:50:49 +0000] "POST /api/v1/users/register HTTP/1.1" 500 60 "-" "PostmanRuntime/7.39.1"

info: ::1 - - [17/Oct/2024:07:50:59 +0000] "POST /api/v1/users/register HTTP/1.1" 500 61 "-" "PostmanRuntime/7.39.1"

info: ::1 - - [17/Oct/2024:08:57:50 +0000] "POST /api/v1/users/register HTTP/1.1" 400 57 "-" "PostmanRuntime/7.39.1"

info: ::1 - - [17/Oct/2024:08:58:51 +0000] "POST /api/v1/users/register HTTP/1.1" 400 57 "-" "PostmanRuntime/7.39.1"

info: ::1 - - [17/Oct/2024:09:14:11 +0000] "POST /api/v1/users/register HTTP/1.1" 400 57 "-" "PostmanRuntime/7.39.1"

info: ::1 - - [17/Oct/2024:09:14:44 +0000] "POST /api/v1/users/register HTTP/1.1" 400 154 "-" "PostmanRuntime/7.39.1"

info: ::1 - - [17/Oct/2024:09:18:34 +0000] "POST /api/v1/users/register HTTP/1.1" 400 154 "-" "PostmanRuntime/7.39.1"

info: ::1 - - [17/Oct/2024:09:20:28 +0000] "POST /api/v1/users/register HTTP/1.1" 400 59 "-" "PostmanRuntime/7.39.1"

info: ::1 - - [17/Oct/2024:09:21:13 +0000] "POST /api/v1/users/register HTTP/1.1" 201 295 "-" "PostmanRuntime/7.39.1"

info: ::1 - - [17/Oct/2024:09:34:32 +0000] "POST /api/v1/users/signin HTTP/1.1" 200 169 "-" "PostmanRuntime/7.39.1"

info: ::1 - - [17/Oct/2024:09:59:13 +0000] "POST /api/v1/users/login HTTP/1.1" 404 47 "-" "PostmanRuntime/7.39.1"

info: ::1 - - [17/Oct/2024:09:59:50 +0000] "POST /api/v1/users/login HTTP/1.1" 200 169 "-" "PostmanRuntime/7.39.1"

info: ::1 - - [17/Oct/2024:10:01:17 +0000] "POST /api/v1/users/login HTTP/1.1" 200 61 "-" "PostmanRuntime/7.39.1"

info: ::1 - - [17/Oct/2024:10:04:54 +0000] "POST /api/v1/users/login HTTP/1.1" 200 61 "-" "PostmanRuntime/7.39.1"

info: ::1 - - [17/Oct/2024:10:07:00 +0000] "POST /api/v1/users/login HTTP/1.1" 200 61 "-" "PostmanRuntime/7.39.1"

info: ::1 - - [17/Oct/2024:10:07:14 +0000] "POST /api/v1/users/login HTTP/1.1" 200 62 "-" "PostmanRuntime/7.39.1"

info: ::1 - - [17/Oct/2024:10:08:39 +0000] "POST /api/v1/users/login HTTP/1.1" 200 62 "-" "PostmanRuntime/7.39.1"

info: ::1 - - [17/Oct/2024:10:12:02 +0000] "POST /api/v1/users/login HTTP/1.1" 200 62 "-" "PostmanRuntime/7.39.1"

info: ::1 - - [17/Oct/2024:10:13:53 +0000] "POST /api/v1/users/login HTTP/1.1" 200 62 "-" "PostmanRuntime/7.39.1"

info: ::1 - - [17/Oct/2024:10:16:12 +0000] "POST /api/v1/users/login HTTP/1.1" 200 62 "-" "PostmanRuntime/7.39.1"

info: ::1 - - [17/Oct/2024:10:16:34 +0000] "POST /api/v1/users/login HTTP/1.1" 200 62 "-" "PostmanRuntime/7.39.1"

info: ::1 - - [17/Oct/2024:10:17:20 +0000] "POST /api/v1/users/login HTTP/1.1" 200 62 "-" "PostmanRuntime/7.39.1"

info: ::1 - - [17/Oct/2024:10:17:56 +0000] "POST /api/v1/users/login HTTP/1.1" 200 62 "-" "PostmanRuntime/7.39.1"

info: ::1 - - [17/Oct/2024:10:18:07 +0000] "POST /api/v1/users/login HTTP/1.1" 200 62 "-" "PostmanRuntime/7.39.1"

info: ::1 - - [17/Oct/2024:10:18:43 +0000] "POST /api/v1/users/login HTTP/1.1" 200 56 "-" "PostmanRuntime/7.39.1"

info: ::1 - - [17/Oct/2024:10:19:35 +0000] "POST /api/v1/users/login HTTP/1.1" 200 56 "-" "PostmanRuntime/7.39.1"

info: ::1 - - [17/Oct/2024:10:19:48 +0000] "POST /api/v1/users/login HTTP/1.1" 200 56 "-" "PostmanRuntime/7.39.1"

info: ::1 - - [17/Oct/2024:10:19:53 +0000] "POST /api/v1/users/login HTTP/1.1" 200 56 "-" "PostmanRuntime/7.39.1"

info: ::1 - - [17/Oct/2024:10:20:06 +0000] "POST /api/v1/users/login HTTP/1.1" 400 92 "-" "PostmanRuntime/7.39.1"

info: ::1 - - [17/Oct/2024:10:20:27 +0000] "POST /api/v1/users/login HTTP/1.1" 200 56 "-" "PostmanRuntime/7.39.1"

info: ::1 - - [17/Oct/2024:10:20:41 +0000] "POST /api/v1/users/login HTTP/1.1" 500 66 "-" "PostmanRuntime/7.39.1"

info: ::1 - - [17/Oct/2024:10:21:02 +0000] "POST /api/v1/users/login HTTP/1.1" 400 92 "-" "PostmanRuntime/7.39.1"

info: ::1 - - [17/Oct/2024:10:23:58 +0000] "POST /api/v1/users/login HTTP/1.1" 400 46 "-" "PostmanRuntime/7.39.1"

info: ::1 - - [17/Oct/2024:10:24:12 +0000] "POST /api/v1/users/login HTTP/1.1" 200 56 "-" "PostmanRuntime/7.39.1"

info: ::1 - - [17/Oct/2024:10:25:35 +0000] "POST /api/v1/users/login HTTP/1.1" 400 48 "-" "PostmanRuntime/7.39.1"

info: ::1 - - [17/Oct/2024:10:25:48 +0000] "POST /api/v1/users/login HTTP/1.1" 400 48 "-" "PostmanRuntime/7.39.1"

info: ::1 - - [17/Oct/2024:10:25:54 +0000] "POST /api/v1/users/login HTTP/1.1" 400 48 "-" "PostmanRuntime/7.39.1"

info: ::1 - - [17/Oct/2024:10:25:56 +0000] "POST /api/v1/users/login HTTP/1.1" 400 48 "-" "PostmanRuntime/7.39.1"

info: ::1 - - [17/Oct/2024:10:26:12 +0000] "POST /api/v1/users/login HTTP/1.1" 400 48 "-" "PostmanRuntime/7.39.1"

info: ::1 - - [17/Oct/2024:10:26:42 +0000] "POST /api/v1/users/login HTTP/1.1" 400 48 "-" "PostmanRuntime/7.39.1"

info: ::1 - - [17/Oct/2024:10:26:44 +0000] "POST /api/v1/users/login HTTP/1.1" 400 48 "-" "PostmanRuntime/7.39.1"

info: ::1 - - [17/Oct/2024:10:27:48 +0000] "POST /api/v1/users/login HTTP/1.1" 400 48 "-" "PostmanRuntime/7.39.1"

info: ::1 - - [17/Oct/2024:10:27:50 +0000] "POST /api/v1/users/login HTTP/1.1" 400 48 "-" "PostmanRuntime/7.39.1"

info: ::1 - - [17/Oct/2024:10:28:14 +0000] "POST /api/v1/users/login HTTP/1.1" 400 48 "-" "PostmanRuntime/7.39.1"

info: ::1 - - [17/Oct/2024:10:30:12 +0000] "POST /api/v1/users/login HTTP/1.1" 200 56 "-" "PostmanRuntime/7.39.1"

info: ::1 - - [17/Oct/2024:10:30:23 +0000] "POST /api/v1/users/login HTTP/1.1" 400 46 "-" "PostmanRuntime/7.39.1"

info: ::1 - - [17/Oct/2024:10:30:37 +0000] "POST /api/v1/users/login HTTP/1.1" 400 48 "-" "PostmanRuntime/7.39.1"

info: ::1 - - [17/Oct/2024:12:04:41 +0000] "POST /api/v1/users/register HTTP/1.1" 201 335 "-" "PostmanRuntime/7.39.1"

info: ::1 - - [17/Oct/2024:12:19:24 +0000] "POST /api/v1/users/login HTTP/1.1" 200 59 "-" "PostmanRuntime/7.39.1"

info: ::1 - - [17/Oct/2024:12:20:12 +0000] "POST /api/v1/users/login HTTP/1.1" 200 55 "-" "PostmanRuntime/7.39.1"

info: ::1 - - [17/Oct/2024:15:49:08 +0000] "POST /api/v1/users/login HTTP/1.1" 200 55 "-" "PostmanRuntime/7.39.1"

info: ::1 - - [17/Oct/2024:15:49:22 +0000] "POST /api/v1/users/login HTTP/1.1" 400 48 "-" "PostmanRuntime/7.39.1"

info: ::1 - - [17/Oct/2024:15:49:32 +0000] "POST /api/v1/users/login HTTP/1.1" 200 55 "-" "PostmanRuntime/7.39.1"

info: ::1 - - [17/Oct/2024:15:49:39 +0000] "POST /api/v1/users/login HTTP/1.1" 400 46 "-" "PostmanRuntime/7.39.1"

info: ::1 - - [17/Oct/2024:15:49:46 +0000] "POST /api/v1/users/login HTTP/1.1" 200 55 "-" "PostmanRuntime/7.39.1"

info: ::1 - - [18/Oct/2024:04:54:42 +0000] "POST /api/v1/users/login HTTP/1.1" 200 118 "-" "PostmanRuntime/7.39.1"

info: ::1 - - [18/Oct/2024:05:17:48 +0000] "POST /api/v1/users/login HTTP/1.1" 200 69 "-" "PostmanRuntime/7.39.1"

info: ::1 - - [18/Oct/2024:05:39:00 +0000] "GET /api/v1 HTTP/1.1" 404 47 "-" "Mozilla/5.0 (Windows NT 10.0; Win64; x64) AppleWebKit/537.36 (KHTML, like Gecko) Postman/11.17.0 Electron/28.3.1 Safari/537.36"

info: ::1 - - [18/Oct/2024:05:39:51 +0000] "GET /api/v1 HTTP/1.1" 404 47 "-" "Mozilla/5.0 (Windows NT 10.0; Win64; x64) AppleWebKit/537.36 (KHTML, like Gecko) Postman/11.17.0 Electron/28.3.1 Safari/537.36"

info: ::1 - - [18/Oct/2024:05:40:30 +0000] "GET /api/v1/home HTTP/1.1" 200 27 "-" "PostmanRuntime/7.42.0"

info: ::1 - - [18/Oct/2024:05:41:41 +0000] "GET /api/v1/users/login HTTP/1.1" 404 47 "-" "PostmanRuntime/7.42.0"

info: ::1 - - [18/Oct/2024:05:41:44 +0000] "GET /api/v1/users/login HTTP/1.1" 404 47 "-" "PostmanRuntime/7.42.0"

info: ::1 - - [18/Oct/2024:05:42:26 +0000] "GET /api/v1/users/login HTTP/1.1" 404 47 "-" "PostmanRuntime/7.42.0"

info: ::1 - - [18/Oct/2024:05:42:49 +0000] "POST /api/v1/users/login HTTP/1.1" 200 69 "-" "PostmanRuntime/7.42.0"

info: ::1 - - [18/Oct/2024:06:03:17 +0000] "POST /api/v1/users/login HTTP/1.1" 200 66 "-" "PostmanRuntime/7.42.0"

info: ::1 - - [18/Oct/2024:06:05:15 +0000] "POST /api/v1/users/login HTTP/1.1" 200 69 "-" "PostmanRuntime/7.42.0"

info: ::1 - - [18/Oct/2024:06:05:32 +0000] "POST /api/v1/users/login HTTP/1.1" 200 69 "-" "PostmanRuntime/7.39.1"

info: ::1 - - [18/Oct/2024:06:05:34 +0000] "POST /api/v1/users/login HTTP/1.1" 400 48 "-" "PostmanRuntime/7.42.0"

info: ::1 - - [18/Oct/2024:06:05:49 +0000] "POST /api/v1/users/login HTTP/1.1" 400 46 "-" "PostmanRuntime/7.42.0"

info: ::1 - - [18/Oct/2024:06:08:03 +0000] "POST /api/v1/users/login HTTP/1.1" 200 69 "-" "PostmanRuntime/7.42.0"

info: ::1 - - [18/Oct/2024:06:09:59 +0000] "POST /api/v1/users/register HTTP/1.1" 201 335 "-" "PostmanRuntime/7.42.0"

info: ::1 - - [18/Oct/2024:06:10:40 +0000] "POST /api/v1/users/register HTTP/1.1" 400 59 "-" "PostmanRuntime/7.42.0"

info: ::1 - - [18/Oct/2024:07:09:52 +0000] "POST /api/v1/users/login HTTP/1.1" 200 69 "-" "PostmanRuntime/7.42.0"

info: ::1 - - [18/Oct/2024:07:10:05 +0000] "POST /api/v1/users/login HTTP/1.1" 200 69 "-" "PostmanRuntime/7.42.0"

info: ::1 - - [18/Oct/2024:07:11:00 +0000] "POST /api/v1/users/login HTTP/1.1" 200 69 "-" "PostmanRuntime/7.42.0"

info: ::1 - - [18/Oct/2024:07:11:03 +0000] "POST /api/v1/users/login HTTP/1.1" 200 69 "-" "PostmanRuntime/7.42.0"

info: ::1 - - [18/Oct/2024:07:11:06 +0000] "POST /api/v1/users/login HTTP/1.1" 200 69 "-" "PostmanRuntime/7.42.0"

info: ::1 - - [18/Oct/2024:07:11:09 +0000] "POST /api/v1/users/login HTTP/1.1" 200 69 "-" "PostmanRuntime/7.42.0"

info: ::1 - - [18/Oct/2024:07:11:11 +0000] "POST /api/v1/users/login HTTP/1.1" 200 69 "-" "PostmanRuntime/7.42.0"

info: ::1 - - [18/Oct/2024:07:11:15 +0000] "POST /api/v1/users/login HTTP/1.1" 200 69 "-" "PostmanRuntime/7.42.0"

info: ::1 - - [18/Oct/2024:07:11:18 +0000] "POST /api/v1/users/login HTTP/1.1" 200 69 "-" "PostmanRuntime/7.42.0"

info: ::1 - - [19/Oct/2024:07:16:19 +0000] "POST /api/v1/users/login HTTP/1.1" 200 173 "-" "PostmanRuntime/7.42.0"

info: ::1 - - [19/Oct/2024:07:25:47 +0000] "POST /api/v1/users/login HTTP/1.1" 200 174 "-" "PostmanRuntime/7.42.0"

info: ::1 - - [20/Oct/2024:07:24:24 +0000] "POST /api/v1/users/login HTTP/1.1" 200 174 "-" "PostmanRuntime/7.42.0"

info: ::1 - - [20/Oct/2024:07:27:14 +0000] "POST /api/v1/users/login HTTP/1.1" 500 56 "-" "PostmanRuntime/7.42.0"

info: ::1 - - [20/Oct/2024:08:53:20 +0000] "POST /api/v1/notes HTTP/1.1" 500 52 "-" "PostmanRuntime/7.42.0"

info: ::1 - - [20/Oct/2024:08:59:08 +0000] "POST /api/v1/users/login HTTP/1.1" 400 48 "-" "PostmanRuntime/7.42.0"

info: ::1 - - [20/Oct/2024:08:59:31 +0000] "POST /api/v1/users/login HTTP/1.1" 200 174 "-" "PostmanRuntime/7.42.0"

info: ::1 - - [20/Oct/2024:09:00:46 +0000] "POST /api/v1/notes HTTP/1.1" 500 56 "-" "PostmanRuntime/7.42.0"

info: ::1 - - [20/Oct/2024:09:00:58 +0000] "POST /api/v1/notes HTTP/1.1" 500 56 "-" "PostmanRuntime/7.42.0"

info: ::1 - - [20/Oct/2024:09:01:12 +0000] "POST /api/v1/notes HTTP/1.1" 500 52 "-" "PostmanRuntime/7.42.0"

info: ::1 - - [20/Oct/2024:09:17:39 +0000] "POST /api/v1/notes HTTP/1.1" 500 52 "-" "PostmanRuntime/7.42.0"

info: ::1 - - [20/Oct/2024:09:18:24 +0000] "POST /api/v1/notes HTTP/1.1" 500 52 "-" "PostmanRuntime/7.42.0"

info: ::1 - - [20/Oct/2024:09:42:31 +0000] "POST /api/v1/users/login HTTP/1.1" 400 68 "-" "PostmanRuntime/7.42.0"

info: ::ffff:127.0.0.1 - - [20/Oct/2024:10:30:25 +0000] "POST /api/v1/users/login HTTP/1.1" 400 68 "-" "PostmanRuntime/7.42.0"

info: ::ffff:127.0.0.1 - - [20/Oct/2024:10:47:33 +0000] "POST /api/v1/users/login HTTP/1.1" 400 68 "-" "PostmanRuntime/7.42.0"

info: ::1 - - [20/Oct/2024:11:08:12 +0000] "POST /api/v1/users/login HTTP/1.1" 200 224 "-" "PostmanRuntime/7.42.0"

info: ::1 - - [20/Oct/2024:11:10:41 +0000] "POST /api/v1/notes HTTP/1.1" 400 94 "-" "PostmanRuntime/7.42.0"

info: ::ffff:127.0.0.1 - - [20/Oct/2024:11:48:51 +0000] "POST /api/v1/notes HTTP/1.1" 400 82 "-" "PostmanRuntime/7.42.0"

info: ::1 - - [20/Oct/2024:11:49:09 +0000] "POST /api/v1/notes HTTP/1.1" 400 82 "-" "PostmanRuntime/7.42.0"

info: ::1 - - [20/Oct/2024:12:10:03 +0000] "POST /api/v1/notes HTTP/1.1" 500 46 "-" "PostmanRuntime/7.42.0"

info: ::1 - - [20/Oct/2024:12:10:20 +0000] "POST /api/v1/notes HTTP/1.1" 500 46 "-" "PostmanRuntime/7.42.0"

info: ::1 - - [20/Oct/2024:12:11:32 +0000] "POST /api/v1/users/login HTTP/1.1" 200 224 "-" "PostmanRuntime/7.42.0"

info: ::1 - - [20/Oct/2024:12:12:45 +0000] "POST /api/v1/notes HTTP/1.1" 400 82 "-" "PostmanRuntime/7.42.0"

info: ::1 - - [20/Oct/2024:12:38:42 +0000] "POST /api/v1/notes HTTP/1.1" 201 237 "-" "PostmanRuntime/7.42.0"

info: ::ffff:127.0.0.1 - - [20/Oct/2024:13:17:16 +0000] "POST /api/v1/notes HTTP/1.1" 500 46 "-" "PostmanRuntime/7.42.0"

info: ::1 - - [20/Oct/2024:13:19:10 +0000] "POST /api/v1/users/login HTTP/1.1" 200 224 "-" "PostmanRuntime/7.42.0"

info: ::1 - - [20/Oct/2024:13:20:24 +0000] "POST /api/v1/notes HTTP/1.1" 500 62 "-" "PostmanRuntime/7.42.0"

info: ::1 - - [20/Oct/2024:13:20:41 +0000] "POST /api/v1/notes HTTP/1.1" 500 52 "-" "PostmanRuntime/7.42.0"

info: ::1 - - [20/Oct/2024:13:20:46 +0000] "POST /api/v1/notes HTTP/1.1" 500 52 "-" "PostmanRuntime/7.42.0"

info: ::1 - - [20/Oct/2024:13:22:02 +0000] "POST /api/v1/users/login HTTP/1.1" 200 224 "-" "PostmanRuntime/7.42.0"

info: ::1 - - [20/Oct/2024:13:23:19 +0000] "POST /api/v1/notes HTTP/1.1" 400 82 "-" "PostmanRuntime/7.42.0"

info: ::1 - - [20/Oct/2024:13:41:01 +0000] "POST /api/v1/notes HTTP/1.1" 400 52 "-" "PostmanRuntime/7.42.0"

info: ::1 - - [20/Oct/2024:13:54:31 +0000] "POST /api/v1/user HTTP/1.1" 404 47 "-" "PostmanRuntime/7.42.0"

info: ::1 - - [20/Oct/2024:13:54:41 +0000] "POST /api/v1/users/login HTTP/1.1" 200 266 "-" "PostmanRuntime/7.42.0"

info: ::1 - - [20/Oct/2024:13:55:49 +0000] "POST /api/v1/notes HTTP/1.1" 400 52 "-" "PostmanRuntime/7.42.0"

info: ::1 - - [20/Oct/2024:13:55:53 +0000] "POST /api/v1/notes HTTP/1.1" 400 52 "-" "PostmanRuntime/7.42.0"

info: ::1 - - [20/Oct/2024:13:55:55 +0000] "POST /api/v1/notes HTTP/1.1" 400 52 "-" "PostmanRuntime/7.42.0"

info: ::1 - - [20/Oct/2024:14:07:42 +0000] "POST /api/v1/notes HTTP/1.1" 400 52 "-" "PostmanRuntime/7.42.0"

info: ::1 - - [20/Oct/2024:15:18:43 +0000] "POST /api/v1/users/login HTTP/1.1" 400 46 "-" "PostmanRuntime/7.42.0"

info: ::1 - - [20/Oct/2024:15:19:25 +0000] "POST /api/v1/users/login HTTP/1.1" 200 266 "-" "PostmanRuntime/7.42.0"

info: ::1 - - [20/Oct/2024:15:20:50 +0000] "POST /api/v1/users/login HTTP/1.1" 500 56 "-" "PostmanRuntime/7.42.0"

info: ::1 - - [20/Oct/2024:15:21:03 +0000] "POST /api/v1/notes HTTP/1.1" 400 52 "-" "PostmanRuntime/7.42.0"

info: ::1 - - [20/Oct/2024:15:23:42 +0000] "POST /api/v1/notes HTTP/1.1" 400 52 "-" "PostmanRuntime/7.42.0"

info: ::1 - - [20/Oct/2024:15:48:00 +0000] "POST /api/v1/notes HTTP/1.1" 401 38 "-" "PostmanRuntime/7.42.0"

info: ::1 - - [20/Oct/2024:15:48:24 +0000] "POST /api/v1/notes HTTP/1.1" 401 38 "-" "PostmanRuntime/7.42.0"

info: ::1 - - [20/Oct/2024:15:49:44 +0000] "POST /api/v1/users/login HTTP/1.1" 200 266 "-" "PostmanRuntime/7.42.0"

info: ::1 - - [20/Oct/2024:15:50:45 +0000] "POST /api/v1notes HTTP/1.1" 404 47 "-" "PostmanRuntime/7.42.0"

info: ::1 - - [20/Oct/2024:15:50:51 +0000] "POST /api/v1notes HTTP/1.1" 404 47 "-" "PostmanRuntime/7.42.0"

info: ::1 - - [20/Oct/2024:15:50:53 +0000] "POST /api/v1notes HTTP/1.1" 404 47 "-" "PostmanRuntime/7.42.0"

info: ::1 - - [20/Oct/2024:15:51:06 +0000] "POST /api/v1/notes HTTP/1.1" 401 38 "-" "PostmanRuntime/7.42.0"

info: ::1 - - [20/Oct/2024:15:51:10 +0000] "POST /api/v1/notes HTTP/1.1" 401 38 "-" "PostmanRuntime/7.42.0"

info: ::1 - - [20/Oct/2024:15:51:13 +0000] "POST /api/v1/notes HTTP/1.1" 401 38 "-" "PostmanRuntime/7.42.0"

info: ::1 - - [20/Oct/2024:16:19:05 +0000] "POST /api/v1/notes HTTP/1.1" 401 38 "-" "PostmanRuntime/7.42.0"

info: ::1 - - [20/Oct/2024:16:20:05 +0000] "POST /api/v1/users/login HTTP/1.1" 200 266 "-" "PostmanRuntime/7.42.0"

info: ::1 - - [20/Oct/2024:16:21:36 +0000] "POST /api/v1/notes HTTP/1.1" 401 38 "-" "PostmanRuntime/7.42.0"

info: ::1 - - [21/Oct/2024:04:56:32 +0000] "POST /api/v1/users/login HTTP/1.1" 200 266 "-" "PostmanRuntime/7.42.0"

info: ::1 - - [21/Oct/2024:04:58:06 +0000] "POST /api/v1/users/login HTTP/1.1" 500 56 "-" "PostmanRuntime/7.42.0"

info: ::1 - - [21/Oct/2024:04:58:19 +0000] "POST /api/v1/notes HTTP/1.1" 400 52 "-" "PostmanRuntime/7.42.0"

info: ::1 - - [21/Oct/2024:05:11:50 +0000] "POST /api/v1/notes HTTP/1.1" 400 52 "-" "PostmanRuntime/7.42.0"

info: ::1 - - [21/Oct/2024:05:11:56 +0000] "POST /api/v1/notes HTTP/1.1" 400 52 "-" "PostmanRuntime/7.42.0"

info: ::1 - - [21/Oct/2024:05:21:44 +0000] "POST /api/v1/notes HTTP/1.1" 400 52 "-" "PostmanRuntime/7.42.0"

info: ::1 - - [21/Oct/2024:05:22:45 +0000] "POST /api/v1/notes HTTP/1.1" 400 52 "-" "PostmanRuntime/7.42.0"

info: ::1 - - [21/Oct/2024:05:23:45 +0000] "POST /api/v1/notes HTTP/1.1" 400 87 "-" "PostmanRuntime/7.42.0"

info: ::1 - - [21/Oct/2024:05:26:00 +0000] "POST /api/v1/notes HTTP/1.1" 201 1073 "-" "PostmanRuntime/7.42.0"

info: ::1 - - [21/Oct/2024:05:30:56 +0000] "POST /api/v1/notes HTTP/1.1" 201 322 "-" "PostmanRuntime/7.42.0"

info: ::1 - - [21/Oct/2024:05:32:21 +0000] "POST /api/v1/notes HTTP/1.1" 400 82 "-" "PostmanRuntime/7.42.0"

info: ::1 - - [21/Oct/2024:05:32:25 +0000] "POST /api/v1/notes HTTP/1.1" 400 82 "-" "PostmanRuntime/7.42.0"

info: ::1 - - [21/Oct/2024:05:32:51 +0000] "POST /api/v1/notes HTTP/1.1" 201 322 "-" "PostmanRuntime/7.42.0"

info: ::1 - - [21/Oct/2024:07:25:03 +0000] "POST /api/v1/notes HTTP/1.1" 500 46 "-" "PostmanRuntime/7.42.0"

info: ::1 - - [21/Oct/2024:07:30:19 +0000] "POST /api/v1/users/login HTTP/1.1" 200 266 "-" "PostmanRuntime/7.42.0"

info: ::1 - - [21/Oct/2024:07:31:55 +0000] "POST /api/v1/users/login HTTP/1.1" 500 56 "-" "PostmanRuntime/7.42.0"

info: ::1 - - [21/Oct/2024:07:32:03 +0000] "POST /api/v1/notes HTTP/1.1" 400 52 "-" "PostmanRuntime/7.42.0"

info: ::1 - - [21/Oct/2024:07:45:15 +0000] "POST /api/v1/notes HTTP/1.1" 400 82 "-" "PostmanRuntime/7.42.0"

info: ::1 - - [21/Oct/2024:07:46:20 +0000] "POST /api/v1/notes HTTP/1.1" 201 274 "-" "PostmanRuntime/7.42.0"

info: ::1 - - [21/Oct/2024:09:06:05 +0000] "POST /api/v1/notes HTTP/1.1" 500 56 "-" "PostmanRuntime/7.42.0"

info: ::1 - - [21/Oct/2024:09:06:12 +0000] "POST /api/v1/users/login HTTP/1.1" 200 304 "-" "PostmanRuntime/7.42.0"

info: ::1 - - [21/Oct/2024:09:07:32 +0000] "POST /api/v1/users/login HTTP/1.1" 200 304 "-" "PostmanRuntime/7.42.0"

info: ::1 - - [21/Oct/2024:09:11:16 +0000] "POST /api/v1/users/login HTTP/1.1" 200 298 "-" "PostmanRuntime/7.42.0"

info: ::1 - - [21/Oct/2024:09:12:08 +0000] "POST /api/v1/users/login HTTP/1.1" 200 279 "-" "PostmanRuntime/7.42.0"

info: ::1 - - [21/Oct/2024:09:13:25 +0000] "GET /api/v1/notes/view HTTP/1.1" 404 47 "-" "PostmanRuntime/7.42.0"

info: ::1 - - [21/Oct/2024:09:13:29 +0000] "GET /api/v1/notes/view HTTP/1.1" 404 47 "-" "PostmanRuntime/7.42.0"

info: ::1 - - [21/Oct/2024:09:16:52 +0000] "GET /api/v1/notes/view HTTP/1.1" 404 47 "-" "PostmanRuntime/7.42.0"

info: ::1 - - [21/Oct/2024:09:32:18 +0000] "GET /api/v1/notes/view HTTP/1.1" 200 174 "-" "PostmanRuntime/7.42.0"

info: ::1 - - [21/Oct/2024:09:32:42 +0000] "GET /api/v1/notes/view HTTP/1.1" 200 174 "-" "PostmanRuntime/7.42.0"

info: ::1 - - [21/Oct/2024:09:38:43 +0000] "GET /api/v1/notes/createnote HTTP/1.1" 404 47 "-" "PostmanRuntime/7.42.0"

info: ::1 - - [21/Oct/2024:09:38:48 +0000] "GET /api/v1/notes/createnote HTTP/1.1" 404 47 "-" "PostmanRuntime/7.42.0"

info: ::1 - - [21/Oct/2024:09:39:12 +0000] "GET /api/v1/notes/createnote HTTP/1.1" 404 47 "-" "PostmanRuntime/7.42.0"

info: ::1 - - [21/Oct/2024:09:39:15 +0000] "GET /api/v1/notes/createnote HTTP/1.1" 404 47 "-" "PostmanRuntime/7.42.0"

info: ::1 - - [21/Oct/2024:09:39:50 +0000] "GET /api/v1/notes/createnote HTTP/1.1" 404 47 "-" "PostmanRuntime/7.42.0"

info: ::1 - - [21/Oct/2024:09:40:31 +0000] "GET /api/v1/notes/createnote HTTP/1.1" 404 47 "-" "PostmanRuntime/7.42.0"

info: ::1 - - [21/Oct/2024:09:40:34 +0000] "GET /api/v1/notes/createnote HTTP/1.1" 404 47 "-" "PostmanRuntime/7.42.0"

info: ::1 - - [21/Oct/2024:09:42:11 +0000] "GET /api/v1/notes/createnote HTTP/1.1" 404 47 "-" "PostmanRuntime/7.42.0"

info: ::1 - - [21/Oct/2024:10:00:17 +0000] "GET /api/v1/notes/createnote HTTP/1.1" 404 47 "-" "PostmanRuntime/7.42.0"

info: ::1 - - [21/Oct/2024:10:02:59 +0000] "POST /api/v1/notes/createnote HTTP/1.1" 201 261 "-" "PostmanRuntime/7.42.0"

info: ::1 - - [21/Oct/2024:10:14:36 +0000] "POST /api/v1/notes/createnote HTTP/1.1" 201 261 "-" "PostmanRuntime/7.42.0"

info: ::1 - - [21/Oct/2024:10:15:31 +0000] "POST /api/v1/notes/createnote HTTP/1.1" 201 261 "-" "PostmanRuntime/7.42.0"

info: ::1 - - [21/Oct/2024:10:17:44 +0000] "POST /api/v1/notes/createnote HTTP/1.1" 201 261 "-" "PostmanRuntime/7.42.0"

info: ::1 - - [21/Oct/2024:10:19:44 +0000] "POST /api/v1/notes/createnote HTTP/1.1" 201 261 "-" "PostmanRuntime/7.42.0"

info: ::1 - - [21/Oct/2024:10:22:07 +0000] "POST /api/v1/notes/createnote HTTP/1.1" 201 261 "-" "PostmanRuntime/7.42.0"

info: ::1 - - [21/Oct/2024:10:24:54 +0000] "POST /api/v1/notes/createnote HTTP/1.1" 201 261 "-" "PostmanRuntime/7.42.0"

info: ::1 - - [21/Oct/2024:10:26:30 +0000] "POST /api/v1/notes/createnote HTTP/1.1" 201 261 "-" "PostmanRuntime/7.42.0"

info: ::1 - - [21/Oct/2024:10:37:01 +0000] "POST /api/v1/notes/createnote HTTP/1.1" 201 284 "-" "PostmanRuntime/7.42.0"

info: ::1 - - [21/Oct/2024:10:41:39 +0000] "POST /api/v1/notes/createnote HTTP/1.1" 201 277 "-" "PostmanRuntime/7.42.0"

info: ::1 - - [21/Oct/2024:10:47:59 +0000] "POST /api/v1/notes/createnote HTTP/1.1" 201 277 "-" "PostmanRuntime/7.42.0"

info: ::1 - - [21/Oct/2024:10:53:18 +0000] "POST /api/v1/notes/createnote HTTP/1.1" 201 300 "-" "PostmanRuntime/7.42.0"

info: ::1 - - [21/Oct/2024:10:55:30 +0000] "POST /api/v1/notes/createnote HTTP/1.1" 201 300 "-" "PostmanRuntime/7.42.0"

info: ::1 - - [21/Oct/2024:10:55:36 +0000] "POST /api/v1/notes/createnote HTTP/1.1" 201 300 "-" "PostmanRuntime/7.42.0"

info: ::1 - - [21/Oct/2024:10:55:59 +0000] "GET /api/v1/notes/view HTTP/1.1" 200 262 "-" "PostmanRuntime/7.42.0"

info: ::1 - - [21/Oct/2024:10:56:39 +0000] "GET /api/v1/notes/view HTTP/1.1" 200 213 "-" "PostmanRuntime/7.42.0"

info: ::1 - - [21/Oct/2024:10:59:12 +0000] "GET /api/v1/notes/view HTTP/1.1" 200 2586 "-" "PostmanRuntime/7.42.0"

info: ::1 - - [21/Oct/2024:11:14:44 +0000] "GET /api/v1/notes/viewone HTTP/1.1" 500 46 "-" "PostmanRuntime/7.42.0"

info: ::1 - - [21/Oct/2024:11:16:25 +0000] "GET /api/v1/users/login HTTP/1.1" 404 47 "-" "PostmanRuntime/7.42.0"

info: ::1 - - [21/Oct/2024:11:16:35 +0000] "POST /api/v1/users/login HTTP/1.1" 400 46 "-" "PostmanRuntime/7.42.0"

info: ::1 - - [21/Oct/2024:11:16:40 +0000] "POST /api/v1/users/login HTTP/1.1" 400 46 "-" "PostmanRuntime/7.42.0"

info: ::1 - - [21/Oct/2024:11:16:50 +0000] "POST /api/v1/users/login HTTP/1.1" 200 279 "-" "PostmanRuntime/7.42.0"

info: ::1 - - [21/Oct/2024:11:17:31 +0000] "POST /api/v1/users/login HTTP/1.1" 200 279 "-" "PostmanRuntime/7.42.0"

info: ::1 - - [21/Oct/2024:11:18:17 +0000] "POST /api/v1/notes/viewone HTTP/1.1" 404 47 "-" "PostmanRuntime/7.42.0"

info: ::1 - - [21/Oct/2024:11:18:23 +0000] "GET /api/v1/notes/viewone HTTP/1.1" 400 51 "-" "PostmanRuntime/7.42.0"

info: ::1 - - [21/Oct/2024:11:19:44 +0000] "GET /api/v1/notes/viewone HTTP/1.1" 400 51 "-" "PostmanRuntime/7.42.0"

info: ::1 - - [21/Oct/2024:11:19:48 +0000] "GET /api/v1/notes/viewone HTTP/1.1" 400 51 "-" "PostmanRuntime/7.42.0"

info: ::1 - - [21/Oct/2024:11:20:39 +0000] "GET /api/v1/notes/viewone HTTP/1.1" 400 51 "-" "PostmanRuntime/7.42.0"

info: ::1 - - [21/Oct/2024:11:20:43 +0000] "GET /api/v1/notes/viewone HTTP/1.1" 400 51 "-" "PostmanRuntime/7.42.0"

info: ::1 - - [21/Oct/2024:11:22:41 +0000] "GET /api/v1/notes/viewone HTTP/1.1" 400 51 "-" "PostmanRuntime/7.42.0"

info: ::1 - - [21/Oct/2024:11:23:22 +0000] "GET /api/v1/notes/viewone HTTP/1.1" 400 51 "-" "PostmanRuntime/7.42.0"

info: ::1 - - [21/Oct/2024:11:24:16 +0000] "GET /api/v1/notes/viewone HTTP/1.1" 200 213 "-" "PostmanRuntime/7.42.0"

info: ::1 - - [21/Oct/2024:11:26:10 +0000] "GET /api/v1/notes/viewone HTTP/1.1" 200 213 "-" "PostmanRuntime/7.42.0"

info: ::1 - - [21/Oct/2024:11:26:14 +0000] "GET /api/v1/notes/viewone HTTP/1.1" 200 213 "-" "PostmanRuntime/7.42.0"

info: ::1 - - [21/Oct/2024:11:27:39 +0000] "GET /api/v1/notes/viewone HTTP/1.1" 200 12 "-" "PostmanRuntime/7.42.0"

info: ::1 - - [21/Oct/2024:11:31:35 +0000] "GET /api/v1/notes/viewone HTTP/1.1" 200 12 "-" "PostmanRuntime/7.42.0"

info: ::1 - - [21/Oct/2024:11:32:54 +0000] "GET /api/v1/notes/viewone HTTP/1.1" 200 12 "-" "PostmanRuntime/7.42.0"

info: ::1 - - [21/Oct/2024:11:33:45 +0000] "GET /api/v1/notes/viewone HTTP/1.1" 200 12 "-" "PostmanRuntime/7.42.0"

info: ::1 - - [21/Oct/2024:11:35:26 +0000] "GET /api/v1/notes/viewone HTTP/1.1" 200 12 "-" "PostmanRuntime/7.42.0"

info: ::1 - - [21/Oct/2024:11:38:12 +0000] "GET /api/v1/notes/viewone HTTP/1.1" 200 12 "-" "PostmanRuntime/7.42.0"

info: ::1 - - [21/Oct/2024:11:39:56 +0000] "GET /api/v1/notes/viewone HTTP/1.1" 200 12 "-" "PostmanRuntime/7.42.0"

info: ::1 - - [21/Oct/2024:11:40:45 +0000] "GET /api/v1/notes/viewone HTTP/1.1" 200 12 "-" "PostmanRuntime/7.42.0"

info: ::1 - - [21/Oct/2024:11:41:53 +0000] "GET /api/v1/notes/viewone HTTP/1.1" 200 12 "-" "PostmanRuntime/7.42.0"

info: ::1 - - [21/Oct/2024:11:43:10 +0000] "GET /api/v1/notes/viewone HTTP/1.1" 200 12 "-" "PostmanRuntime/7.42.0"

info: ::1 - - [21/Oct/2024:11:44:54 +0000] "GET /api/v1/notes/viewone HTTP/1.1" 200 12 "-" "PostmanRuntime/7.42.0"

info: ::1 - - [21/Oct/2024:11:46:33 +0000] "GET /api/v1/notes/viewone HTTP/1.1" 200 12 "-" "PostmanRuntime/7.42.0"

info: ::1 - - [21/Oct/2024:11:47:35 +0000] "GET /api/v1/notes/viewone HTTP/1.1" 200 12 "-" "PostmanRuntime/7.42.0"

info: ::1 - - [21/Oct/2024:11:48:42 +0000] "GET /api/v1/notes/viewone HTTP/1.1" 200 12 "-" "PostmanRuntime/7.42.0"

info: ::1 - - [21/Oct/2024:11:49:05 +0000] "GET /api/v1/notes/viewone HTTP/1.1" 200 12 "-" "PostmanRuntime/7.42.0"

info: ::1 - - [21/Oct/2024:11:51:17 +0000] "GET /api/v1/notes/viewone HTTP/1.1" 200 12 "-" "PostmanRuntime/7.42.0"

info: ::1 - - [21/Oct/2024:11:53:01 +0000] "GET /api/v1/notes/viewone HTTP/1.1" 200 12 "-" "PostmanRuntime/7.42.0"

info: ::1 - - [21/Oct/2024:11:53:23 +0000] "GET /api/v1/notes/viewone HTTP/1.1" 400 83 "-" "PostmanRuntime/7.42.0"

info: ::1 - - [21/Oct/2024:12:12:12 +0000] "GET /api/v1/notes/viewone HTTP/1.1" 400 74 "-" "PostmanRuntime/7.42.0"

info: ::1 - - [21/Oct/2024:12:14:27 +0000] "GET /api/v1/notes/viewone HTTP/1.1" 200 12 "-" "PostmanRuntime/7.42.0"

info: ::1 - - [21/Oct/2024:12:16:08 +0000] "GET /api/v1/notes/viewone HTTP/1.1" 200 24 "-" "PostmanRuntime/7.42.0"

info: ::1 - - [21/Oct/2024:12:16:11 +0000] "GET /api/v1/notes/viewone HTTP/1.1" 200 24 "-" "PostmanRuntime/7.42.0"

info: ::1 - - [21/Oct/2024:12:20:43 +0000] "GET /api/v1/notes/viewone HTTP/1.1" 200 24 "-" "PostmanRuntime/7.42.0"

info: ::1 - - [21/Oct/2024:12:21:40 +0000] "GET /api/v1/notes/viewone HTTP/1.1" 200 24 "-" "PostmanRuntime/7.42.0"

info: ::1 - - [21/Oct/2024:12:21:44 +0000] "GET /api/v1/notes/viewone HTTP/1.1" 200 24 "-" "PostmanRuntime/7.42.0"

info: ::1 - - [21/Oct/2024:12:27:44 +0000] "GET /api/v1/notes/viewone HTTP/1.1" 200 24 "-" "PostmanRuntime/7.42.0"

info: ::1 - - [21/Oct/2024:12:36:13 +0000] "GET /api/v1/notes/viewone HTTP/1.1" 200 24 "-" "PostmanRuntime/7.42.0"

info: ::1 - - [21/Oct/2024:12:41:42 +0000] "GET /api/v1/notes/viewone HTTP/1.1" 200 24 "-" "PostmanRuntime/7.42.0"

info: ::1 - - [21/Oct/2024:12:43:00 +0000] "GET /api/v1/notes/viewone HTTP/1.1" 200 24 "-" "PostmanRuntime/7.42.0"

info: ::1 - - [21/Oct/2024:12:43:03 +0000] "GET /api/v1/notes/viewone HTTP/1.1" 200 24 "-" "PostmanRuntime/7.42.0"

info: ::1 - - [21/Oct/2024:15:29:23 +0000] "GET /api/v1/users/login HTTP/1.1" 404 47 "-" "PostmanRuntime/7.42.0"

info: ::1 - - [21/Oct/2024:15:31:37 +0000] "POST /api/v1/users/login HTTP/1.1" 200 279 "-" "PostmanRuntime/7.42.0"

info: ::1 - - [21/Oct/2024:15:36:50 +0000] "GET /api/v1notes/viewone HTTP/1.1" 404 47 "-" "PostmanRuntime/7.42.0"

info: ::1 - - [21/Oct/2024:15:36:56 +0000] "GET /api/v1notes/viewone HTTP/1.1" 404 47 "-" "PostmanRuntime/7.42.0"

info: ::1 - - [21/Oct/2024:15:37:44 +0000] "GET /api/v1notes/viewone HTTP/1.1" 404 47 "-" "PostmanRuntime/7.42.0"

info: ::1 - - [21/Oct/2024:15:37:47 +0000] "GET /api/v1notes/viewone HTTP/1.1" 404 47 "-" "PostmanRuntime/7.42.0"

info: ::1 - - [21/Oct/2024:15:41:38 +0000] "GET /api/v1notes/viewone HTTP/1.1" 404 47 "-" "PostmanRuntime/7.42.0"

info: ::1 - - [21/Oct/2024:15:41:44 +0000] "GET /api/v1notes/viewone HTTP/1.1" 404 47 "-" "PostmanRuntime/7.42.0"

info: ::1 - - [21/Oct/2024:16:05:48 +0000] "GET /api/v1notes/viewone HTTP/1.1" 404 47 "-" "PostmanRuntime/7.42.0"

info: ::1 - - [21/Oct/2024:16:06:02 +0000] "GET /api/v1notes/viewone HTTP/1.1" 404 47 "-" "PostmanRuntime/7.42.0"

info: ::1 - - [21/Oct/2024:16:06:18 +0000] "GET /api/v1/notes/viewone HTTP/1.1" 200 24 "-" "PostmanRuntime/7.42.0"

info: ::1 - - [21/Oct/2024:16:12:38 +0000] "GET /api/v1/notes/viewone HTTP/1.1" 200 24 "-" "PostmanRuntime/7.42.0"

info: ::1 - - [21/Oct/2024:16:12:42 +0000] "GET /api/v1/notes/viewone HTTP/1.1" 200 24 "-" "PostmanRuntime/7.42.0"

info: ::1 - - [21/Oct/2024:16:17:37 +0000] "GET /api/v1/notes/viewone HTTP/1.1" 400 46 "-" "PostmanRuntime/7.42.0"

info: ::1 - - [21/Oct/2024:16:17:49 +0000] "GET /api/v1/notes/viewone HTTP/1.1" 400 46 "-" "PostmanRuntime/7.42.0"

info: ::1 - - [21/Oct/2024:16:25:44 +0000] "GET /api/v1/notes/viewone HTTP/1.1" 400 46 "-" "PostmanRuntime/7.42.0"

info: ::1 - - [21/Oct/2024:16:34:27 +0000] "GET /api/v1/notes/viewone HTTP/1.1" 400 46 "-" "PostmanRuntime/7.42.0"

info: ::1 - - [21/Oct/2024:16:38:30 +0000] "GET /api/v1/notes/viewone/6711fbb621325f3c9c302294 HTTP/1.1" - - "-" "PostmanRuntime/7.42.0"

info: ::1 - - [21/Oct/2024:16:38:35 +0000] "GET /api/v1/notes/viewone/6711fbb621325f3c9c302294 HTTP/1.1" 400 39 "-" "PostmanRuntime/7.42.0"

info: ::1 - - [21/Oct/2024:16:38:42 +0000] "GET /api/v1/notes/viewone/6711fbb621325f3c9c302294 HTTP/1.1" 400 39 "-" "PostmanRuntime/7.42.0"

info: ::1 - - [21/Oct/2024:16:43:18 +0000] "GET /api/v1/notes/viewone/67163321fd72260a8870992e HTTP/1.1" 200 262 "-" "PostmanRuntime/7.42.0"

info: ::1 - - [21/Oct/2024:16:54:10 +0000] "PUT /api/v1/notes/viewone/67163321fd72260a8870992e HTTP/1.1" 404 47 "-" "PostmanRuntime/7.42.0"

info: ::1 - - [21/Oct/2024:16:54:29 +0000] "PUT /api/v1/notes/update/67163321fd72260a8870992e HTTP/1.1" 404 28 "-" "PostmanRuntime/7.42.0"

info: ::1 - - [21/Oct/2024:16:54:34 +0000] "PUT /api/v1/notes/update/67163321fd72260a8870992e HTTP/1.1" 404 28 "-" "PostmanRuntime/7.42.0"

info: ::1 - - [21/Oct/2024:17:03:37 +0000] "PUT /api/v1/notes/update/67163321fd72260a8870992e HTTP/1.1" 200 24 "-" "PostmanRuntime/7.42.0"

info: ::1 - - [21/Oct/2024:17:12:01 +0000] "PUT /api/v1/notes/update/67163321fd72260a8870992e HTTP/1.1" 400 44 "-" "PostmanRuntime/7.42.0"

info: ::1 - - [21/Oct/2024:17:13:29 +0000] "PUT /api/v1/notes/update/67163321fd72260a8870992e HTTP/1.1" 400 44 "-" "PostmanRuntime/7.42.0"

info: ::1 - - [21/Oct/2024:17:16:39 +0000] "PUT /api/v1/notes/update/67163321fd72260a8870992e HTTP/1.1" 400 44 "-" "PostmanRuntime/7.42.0"

info: ::1 - - [21/Oct/2024:17:19:37 +0000] "PUT /api/v1/notes/update/67163321fd72260a8870992e HTTP/1.1" 400 44 "-" "PostmanRuntime/7.42.0"

info: ::1 - - [21/Oct/2024:17:19:44 +0000] "PUT /api/v1/notes/update/67163321fd72260a8870992e HTTP/1.1" 400 44 "-" "PostmanRuntime/7.42.0"

info: ::1 - - [21/Oct/2024:17:22:17 +0000] "PUT /api/v1/notes/update/67163321fd72260a8870992e HTTP/1.1" 400 44 "-" "PostmanRuntime/7.42.0"

info: ::ffff:127.0.0.1 - - [21/Oct/2024:17:44:53 +0000] "PUT /api/v1/notes/update/67163321fd72260a8870992e HTTP/1.1" 500 46 "-" "PostmanRuntime/7.42.0"

info: ::1 - - [21/Oct/2024:17:48:27 +0000] "POST /api/v1/users/login HTTP/1.1" 400 48 "-" "PostmanRuntime/7.42.0"

info: ::1 - - [21/Oct/2024:17:48:38 +0000] "POST /api/v1/users/login HTTP/1.1" 200 279 "-" "PostmanRuntime/7.42.0"

info: ::1 - - [21/Oct/2024:17:50:14 +0000] "PUT /api/v1/notes/update/67163321fd72260a8870992e HTTP/1.1" 200 309 "-" "PostmanRuntime/7.42.0"

info: ::1 - - [21/Oct/2024:17:56:12 +0000] "PUT /api/v1/notes/update/67163321fd72260a8870992e HTTP/1.1" 200 309 "-" "PostmanRuntime/7.42.0"

info: ::ffff:127.0.0.1 - - [22/Oct/2024:06:00:39 +0000] "POST /api/v1/users/login HTTP/1.1" 200 279 "-" "PostmanRuntime/7.42.0"

info: ::1 - - [22/Oct/2024:06:04:37 +0000] "DELETE /api/v1/notes/update/67163321fd72260a8870992e HTTP/1.1" 404 47 "-" "PostmanRuntime/7.42.0"

info: ::1 - - [22/Oct/2024:06:05:25 +0000] "DELETE /api/v1/notes/delete/67163321fd72260a8870992e HTTP/1.1" 200 298 "-" "PostmanRuntime/7.42.0"

info: ::ffff:127.0.0.1 - - [22/Oct/2024:07:05:39 +0000] "GET /api/v1/notes/viewall HTTP/1.1" 200 2180 "-" "PostmanRuntime/7.42.0"

info: ::1 - - [22/Oct/2024:07:45:39 +0000] "GET /api/v1/notes/delete/67163321fd72260a8870992e HTTP/1.1" 404 47 "-" "PostmanRuntime/7.42.0"

info: ::1 - - [22/Oct/2024:07:45:48 +0000] "GET /api/v1/notes/delete/67163321fd72260a8870992e HTTP/1.1" 404 47 "-" "PostmanRuntime/7.42.0"

info: ::1 - - [22/Oct/2024:07:45:51 +0000] "GET /api/v1/notes/delete/67163321fd72260a8870992e HTTP/1.1" 404 47 "-" "PostmanRuntime/7.42.0"

info: ::1 - - [22/Oct/2024:07:46:16 +0000] "DELETE /api/v1/notes/delete/67163321fd72260a8870992e HTTP/1.1" 200 45 "-" "PostmanRuntime/7.42.0"

info: ::1 - - [22/Oct/2024:07:46:25 +0000] "DELETE /api/v1/notes/delete/67163321fd72260a8870992e HTTP/1.1" 200 45 "-" "PostmanRuntime/7.42.0"

info: ::1 - - [22/Oct/2024:09:43:02 +0000] "POST /api/v1/notes/viewone/6711fbb621325f3c9c302294 HTTP/1.1" 404 47 "-" "PostmanRuntime/7.42.0"

info: ::1 - - [22/Oct/2024:09:43:35 +0000] "POST /api/v1/users/login HTTP/1.1" 200 279 "-" "PostmanRuntime/7.42.0"

info: ::1 - - [22/Oct/2024:09:53:45 +0000] "POST /api/v1/users/login HTTP/1.1" 200 279 "-" "PostmanRuntime/7.42.0"

info: ::1 - - [22/Oct/2024:09:55:33 +0000] "POST /api/v1/users/login HTTP/1.1" 200 279 "-" "PostmanRuntime/7.42.0"

info: ::1 - - [22/Oct/2024:10:02:10 +0000] "POST /api/v1/notes/archeive/6716329d7f694c3074d4783a%0A HTTP/1.1" 404 47 "-" "PostmanRuntime/7.42.0"

info: ::1 - - [22/Oct/2024:10:02:36 +0000] "PUT /api/v1/notes/archeive/6716329d7f694c3074d4783a%0A HTTP/1.1" 404 47 "-" "PostmanRuntime/7.42.0"

info: ::1 - - [22/Oct/2024:10:02:39 +0000] "PUT /api/v1/notes/archeive/6716329d7f694c3074d4783a%0A HTTP/1.1" 404 47 "-" "PostmanRuntime/7.42.0"

info: ::1 - - [22/Oct/2024:10:05:22 +0000] "PUT /api/v1/notes/archieve/6716329d7f694c3074d4783a%0A HTTP/1.1" 404 47 "-" "PostmanRuntime/7.42.0"

info: ::1 - - [22/Oct/2024:10:05:26 +0000] "PUT /api/v1/notes/archieve/6716329d7f694c3074d4783a%0A HTTP/1.1" 404 47 "-" "PostmanRuntime/7.42.0"

info: ::1 - - [22/Oct/2024:10:06:39 +0000] "PUT /api/v1/notes/archieve/6716329d7f694c3074d4783a%0A HTTP/1.1" 400 139 "-" "PostmanRuntime/7.42.0"

info: ::1 - - [22/Oct/2024:10:07:01 +0000] "PUT /api/v1/notes/archieve/6716329d7f694c3074d4783a%0A HTTP/1.1" 400 139 "-" "PostmanRuntime/7.42.0"

info: ::1 - - [22/Oct/2024:10:12:38 +0000] "PUT /api/v1/notes/archieve/6716329d7f694c3074d4783a HTTP/1.1" 200 312 "-" "PostmanRuntime/7.42.0"

info: ::1 - - [22/Oct/2024:10:13:57 +0000] "PUT /api/v1/notes/update/6716329d7f694c3074d4783a HTTP/1.1" 400 39 "-" "PostmanRuntime/7.42.0"

info: ::1 - - [22/Oct/2024:10:14:06 +0000] "PUT /api/v1/notes/update/6716329d7f694c3074d4783a HTTP/1.1" 400 39 "-" "PostmanRuntime/7.42.0"

info: ::1 - - [22/Oct/2024:10:23:36 +0000] "PUT /api/v1/notes/update/6716329d7f694c3074d4783a HTTP/1.1" 200 62 "-" "PostmanRuntime/7.42.0"

info: ::1 - - [22/Oct/2024:10:29:29 +0000] "PUT /api/v1/notes/update/6716333ffd72260a8870993 HTTP/1.1" 400 135 "-" "PostmanRuntime/7.42.0"

info: ::1 - - [22/Oct/2024:10:29:49 +0000] "PUT /api/v1/notes/update/6716333ffd72260a8870993 HTTP/1.1" 400 135 "-" "PostmanRuntime/7.42.0"

info: ::1 - - [22/Oct/2024:10:30:09 +0000] "PUT /api/v1/notes/update/6716333ffd72260a8870993 HTTP/1.1" 400 135 "-" "PostmanRuntime/7.42.0"

info: ::1 - - [22/Oct/2024:10:36:16 +0000] "PUT /api/v1/notes/update/6716333ffd72260a8870993 HTTP/1.1" 400 112 "-" "PostmanRuntime/7.42.0"

info: ::1 - - [22/Oct/2024:10:40:05 +0000] "PUT /api/v1/notes/update/6716333ffd72260a88709935 HTTP/1.1" 200 308 "-" "PostmanRuntime/7.42.0"

info: ::1 - - [22/Oct/2024:10:41:13 +0000] "PUT /api/v1/notes/update/6716333ffd72260a88709935 HTTP/1.1" 200 308 "-" "PostmanRuntime/7.42.0"

info: ::1 - - [22/Oct/2024:10:50:46 +0000] "PUT /api/v1/notes/update/6716333ffd72260a88709935 HTTP/1.1" 200 309 "-" "PostmanRuntime/7.42.0"

info: ::ffff:127.0.0.1 - - [22/Oct/2024:15:06:31 +0000] "POST /api/v1/users/register HTTP/1.1" 201 56 "-" "PostmanRuntime/7.42.0"

info: ::1 - - [22/Oct/2024:15:07:37 +0000] "POST /api/v1/users/login HTTP/1.1" 200 268 "-" "PostmanRuntime/7.42.0"

info: ::1 - - [22/Oct/2024:15:10:15 +0000] "POST /api/v1/notes/createnote HTTP/1.1" 400 82 "-" "PostmanRuntime/7.42.0"

info: ::1 - - [22/Oct/2024:15:15:14 +0000] "POST /api/v1/notes/createnote HTTP/1.1" 201 319 "-" "PostmanRuntime/7.42.0"

info: ::1 - - [22/Oct/2024:15:16:49 +0000] "GET /api/v1/notes/viewall HTTP/1.1" 200 2180 "-" "PostmanRuntime/7.42.0"

info: ::1 - - [22/Oct/2024:15:18:08 +0000] "GET /api/v1/notes/viewall HTTP/1.1" 200 2180 "-" "PostmanRuntime/7.42.0"

info: ::1 - - [22/Oct/2024:15:36:14 +0000] "GET /api/v1/notes/viewall HTTP/1.1" 200 225 "-" "PostmanRuntime/7.42.0"

info: ::1 - - [22/Oct/2024:15:39:20 +0000] "GET /api/v1/notes/viewall HTTP/1.1" 200 22 "-" "PostmanRuntime/7.42.0"

info: ::1 - - [22/Oct/2024:15:39:25 +0000] "GET /api/v1/notes/viewall HTTP/1.1" 200 22 "-" "PostmanRuntime/7.42.0"

info: ::1 - - [22/Oct/2024:15:48:42 +0000] "GET /api/v1/notes/viewall HTTP/1.1" 200 22 "-" "PostmanRuntime/7.42.0"

info: ::1 - - [22/Oct/2024:15:49:08 +0000] "GET /api/v1/notes/viewall HTTP/1.1" 200 22 "-" "PostmanRuntime/7.42.0"

info: ::1 - - [22/Oct/2024:16:03:53 +0000] "GET /api/v1/notes/viewall HTTP/1.1" 200 22 "-" "PostmanRuntime/7.42.0"

info: ::1 - - [22/Oct/2024:16:04:11 +0000] "GET /api/v1/notes/viewall HTTP/1.1" 200 22 "-" "PostmanRuntime/7.42.0"

info: ::1 - - [22/Oct/2024:16:08:42 +0000] "GET /api/v1/notes/viewall HTTP/1.1" 200 22 "-" "PostmanRuntime/7.42.0"

info: ::1 - - [22/Oct/2024:16:08:46 +0000] "GET /api/v1/notes/viewall HTTP/1.1" 200 22 "-" "PostmanRuntime/7.42.0"

info: ::1 - - [22/Oct/2024:16:12:11 +0000] "GET /api/v1/notes/viewall HTTP/1.1" 200 22 "-" "PostmanRuntime/7.42.0"

info: ::1 - - [22/Oct/2024:16:15:34 +0000] "GET /api/v1/notes/viewone/6717c18294859d3f38fdd1b2 HTTP/1.1" 200 281 "-" "PostmanRuntime/7.42.0"

info: ::1 - - [22/Oct/2024:16:16:56 +0000] "PUT /api/v1/notes/update/6717c18294859d3f38fdd1b2 HTTP/1.1" 400 56 "-" "PostmanRuntime/7.42.0"

info: ::1 - - [22/Oct/2024:16:17:08 +0000] "PUT /api/v1/notes/update/6717c18294859d3f38fdd1b2 HTTP/1.1" 200 313 "-" "PostmanRuntime/7.42.0"

info: ::1 - - [22/Oct/2024:16:17:45 +0000] "DELETE /api/v1/notes/trash/6717c18294859d3f38fdd1b2 HTTP/1.1" 200 61 "-" "PostmanRuntime/7.42.0"

info: ::1 - - [22/Oct/2024:16:18:47 +0000] "GET /api/v1/notes/trash HTTP/1.1" 200 22 "-" "PostmanRuntime/7.42.0"

info: ::1 - - [22/Oct/2024:16:18:52 +0000] "GET /api/v1/notes/trash HTTP/1.1" 200 22 "-" "PostmanRuntime/7.42.0"

info: ::1 - - [22/Oct/2024:16:19:29 +0000] "GET /api/v1/notes/viewall HTTP/1.1" 200 22 "-" "PostmanRuntime/7.42.0"

info: ::1 - - [22/Oct/2024:16:24:34 +0000] "GET /api/v1/notes/viewall HTTP/1.1" 200 22 "-" "PostmanRuntime/7.42.0"

info: ::ffff:127.0.0.1 - - [22/Oct/2024:16:35:25 +0000] "GET /api/v1/notes/viewall HTTP/1.1" 200 22 "-" "PostmanRuntime/7.42.0"

info: ::ffff:127.0.0.1 - - [22/Oct/2024:16:47:40 +0000] "GET /api/v1/notes/viewall HTTP/1.1" 200 22 "-" "PostmanRuntime/7.42.0"

info: ::1 - - [22/Oct/2024:17:20:11 +0000] "GET /api/v1/notes/viewall HTTP/1.1" 500 46 "-" "PostmanRuntime/7.42.0"

info: ::1 - - [22/Oct/2024:17:21:08 +0000] "POST /api/v1/users/login HTTP/1.1" 200 268 "-" "PostmanRuntime/7.42.0"

info: ::1 - - [22/Oct/2024:17:21:42 +0000] "GET /api/v1/notes/viewall HTTP/1.1" 200 22 "-" "PostmanRuntime/7.42.0"

info: ::ffff:127.0.0.1 - - [22/Oct/2024:17:35:45 +0000] "GET /api/v1/notes/viewall HTTP/1.1" 200 22 "-" "PostmanRuntime/7.42.0"

info: ::1 - - [22/Oct/2024:18:00:07 +0000] "GET /api/v1/notes/viewall HTTP/1.1" 200 22 "-" "PostmanRuntime/7.42.0"

info: ::ffff:127.0.0.1 - - [23/Oct/2024:04:47:59 +0000] "POST /api/v1/users/login HTTP/1.1" 200 268 "-" "PostmanRuntime/7.42.0"

info: ::1 - - [23/Oct/2024:05:52:22 +0000] "GET /api/v1/notes/viewall HTTP/1.1" 500 46 "-" "PostmanRuntime/7.42.0"

info: ::1 - - [23/Oct/2024:05:53:47 +0000] "GET /api/v1/notes/viewall HTTP/1.1" 200 22 "-" "PostmanRuntime/7.42.0"

info: ::1 - - [23/Oct/2024:05:59:30 +0000] "GET /api/v1/notes/viewall HTTP/1.1" 400 169 "-" "PostmanRuntime/7.42.0"

info: ::1 - - [23/Oct/2024:06:01:42 +0000] "GET /api/v1/notes/viewall HTTP/1.1" 200 22 "-" "PostmanRuntime/7.42.0"

info: ::1 - - [23/Oct/2024:06:01:46 +0000] "GET /api/v1/notes/viewall HTTP/1.1" 200 22 "-" "PostmanRuntime/7.42.0"

info: ::1 - - [23/Oct/2024:06:04:45 +0000] "DELETE /api/v1/notes/delete/6717c18294859d3f38fdd1b2 HTTP/1.1" 500 46 "-" "PostmanRuntime/7.42.0"

info: ::1 - - [23/Oct/2024:06:32:06 +0000] "POST /api/v1/users/login HTTP/1.1" 200 268 "-" "PostmanRuntime/7.42.0"

info: ::1 - - [23/Oct/2024:06:32:46 +0000] "DELETE /api/v1/notes/delete/6717c18294859d3f38fdd1b2 HTTP/1.1" 200 45 "-" "PostmanRuntime/7.42.0"

info: ::1 - - [23/Oct/2024:06:33:12 +0000] "GET /api/v1/notes/viewall HTTP/1.1" 200 277 "-" "PostmanRuntime/7.42.0"

info: ::1 - - [23/Oct/2024:06:43:17 +0000] "GET /api/v1/notes/viewall HTTP/1.1" 200 277 "-" "PostmanRuntime/7.42.0"

info: ::1 - - [23/Oct/2024:06:44:51 +0000] "GET /api/v1/notes/viewall HTTP/1.1" 200 277 "-" "PostmanRuntime/7.42.0"

info: ::1 - - [23/Oct/2024:06:46:36 +0000] "PUT /api/v1/notes/archiev/6717c18294859d3f38fdd1b2 HTTP/1.1" 404 47 "-" "PostmanRuntime/7.42.0"

info: ::1 - - [23/Oct/2024:06:46:45 +0000] "PUT /api/v1/notes/archiev/6717c18294859d3f38fdd1b2 HTTP/1.1" 404 47 "-" "PostmanRuntime/7.42.0"

info: ::1 - - [23/Oct/2024:06:49:51 +0000] "PUT /api/v1/notes/archive/6717c18294859d3f38fdd1b2 HTTP/1.1" 200 325 "-" "PostmanRuntime/7.42.0"

info: ::1 - - [23/Oct/2024:06:50:55 +0000] "GET /api/v1/notes/archive HTTP/1.1" 200 276 "-" "PostmanRuntime/7.42.0"

info: ::1 - - [23/Oct/2024:06:51:35 +0000] "PUT /api/v1/notes/archive/6717c18294859d3f38fdd1b2 HTTP/1.1" 200 316 "-" "PostmanRuntime/7.42.0"

info: ::1 - - [23/Oct/2024:06:51:45 +0000] "GET /api/v1/notes/archive HTTP/1.1" 200 22 "-" "PostmanRuntime/7.42.0"

info: ::1 - - [23/Oct/2024:06:56:57 +0000] "PUT /api/v1/notes/trash/6717c18294859d3f38fdd1b2 HTTP/1.1" 404 47 "-" "PostmanRuntime/7.42.0"

info: ::1 - - [23/Oct/2024:06:57:45 +0000] "DELETE /api/v1/notes/trash/6717c18294859d3f38fdd1b2 HTTP/1.1" 200 61 "-" "PostmanRuntime/7.42.0"

info: ::1 - - [23/Oct/2024:06:57:54 +0000] "GET /api/v1/notes/trash HTTP/1.1" 200 276 "-" "PostmanRuntime/7.42.0"

info: ::1 - - [23/Oct/2024:07:07:25 +0000] "DELETE /api/v1/notes/permanentlydelete/6717c18294859d3f38fdd1b2 HTTP/1.1" 200 45 "-" "PostmanRuntime/7.42.0"

info: ::1 - - [23/Oct/2024:09:07:28 +0000] "GET / HTTP/1.1" 404 47 "-" "Mozilla/5.0 (Windows NT 10.0; Win64; x64) AppleWebKit/537.36 (KHTML, like Gecko) Chrome/129.0.0.0 Safari/537.36"

info: ::1 - - [23/Oct/2024:09:07:30 +0000] "GET /favicon.ico HTTP/1.1" 404 47 "-" "Mozilla/5.0 (Windows NT 10.0; Win64; x64) AppleWebKit/537.36 (KHTML, like Gecko) Chrome/129.0.0.0 Safari/537.36"

info: ::1 - - [23/Oct/2024:09:09:08 +0000] "GET /api/v1 HTTP/1.1" 404 47 "-" "Mozilla/5.0 (Windows NT 10.0; Win64; x64) AppleWebKit/537.36 (KHTML, like Gecko) Chrome/129.0.0.0 Safari/537.36"

info: ::1 - - [23/Oct/2024:09:11:11 +0000] "GET /api/v1 HTTP/1.1" 404 47 "-" "Mozilla/5.0 (Windows NT 10.0; Win64; x64) AppleWebKit/537.36 (KHTML, like Gecko) Chrome/129.0.0.0 Safari/537.36"

info: ::1 - - [23/Oct/2024:09:11:15 +0000] "GET /api/v1 HTTP/1.1" 404 47 "-" "Mozilla/5.0 (Windows NT 10.0; Win64; x64) AppleWebKit/537.36 (KHTML, like Gecko) Chrome/129.0.0.0 Safari/537.36"

info: ::1 - - [23/Oct/2024:09:11:16 +0000] "GET /api/v1 HTTP/1.1" 404 47 "-" "Mozilla/5.0 (Windows NT 10.0; Win64; x64) AppleWebKit/537.36 (KHTML, like Gecko) Chrome/129.0.0.0 Safari/537.36"

info: ::1 - - [23/Oct/2024:09:13:42 +0000] "GET /api/v1/api-doc HTTP/1.1" 301 164 "-" "Mozilla/5.0 (Windows NT 10.0; Win64; x64) AppleWebKit/537.36 (KHTML, like Gecko) Chrome/129.0.0.0 Safari/537.36"

info: ::1 - - [23/Oct/2024:09:13:42 +0000] "GET /api/v1/api-doc/ HTTP/1.1" 200 3106 "-" "Mozilla/5.0 (Windows NT 10.0; Win64; x64) AppleWebKit/537.36 (KHTML, like Gecko) Chrome/129.0.0.0 Safari/537.36"

info: ::1 - - [23/Oct/2024:09:13:43 +0000] "GET /api/v1/api-doc/swagger-ui-init.js HTTP/1.1" 200 10598 "-" "Mozilla/5.0 (Windows NT 10.0; Win64; x64) AppleWebKit/537.36 (KHTML, like Gecko) Chrome/129.0.0.0 Safari/537.36"

info: ::1 - - [23/Oct/2024:09:13:43 +0000] "GET /api/v1/api-doc/swagger-ui-standalone-preset.js HTTP/1.1" 200 230293 "-" "Mozilla/5.0 (Windows NT 10.0; Win64; x64) AppleWebKit/537.36 (KHTML, like Gecko) Chrome/129.0.0.0 Safari/537.36"

info: ::1 - - [23/Oct/2024:09:13:43 +0000] "GET /api/v1/api-doc/swagger-ui.css HTTP/1.1" 200 152071 "-" "Mozilla/5.0 (Windows NT 10.0; Win64; x64) AppleWebKit/537.36 (KHTML, like Gecko) Chrome/129.0.0.0 Safari/537.36"

info: ::1 - - [23/Oct/2024:09:13:44 +0000] "GET /api/v1/api-doc/swagger-ui-bundle.js HTTP/1.1" 200 1452753 "-" "Mozilla/5.0 (Windows NT 10.0; Win64; x64) AppleWebKit/537.36 (KHTML, like Gecko) Chrome/129.0.0.0 Safari/537.36"

info: ::1 - - [23/Oct/2024:09:13:49 +0000] "GET /api/v1/api-doc/favicon-32x32.png HTTP/1.1" 200 628 "-" "Mozilla/5.0 (Windows NT 10.0; Win64; x64) AppleWebKit/537.36 (KHTML, like Gecko) Chrome/129.0.0.0 Safari/537.36"

info: ::1 - - [23/Oct/2024:09:15:03 +0000] "POST /api/v1/register HTTP/1.1" 404 47 "-" "Mozilla/5.0 (Windows NT 10.0; Win64; x64) AppleWebKit/537.36 (KHTML, like Gecko) Chrome/129.0.0.0 Safari/537.36"

info: ::1 - - [23/Oct/2024:09:21:38 +0000] "GET /api/v1/api-doc/ HTTP/1.1" 304 - "-" "Mozilla/5.0 (Windows NT 10.0; Win64; x64) AppleWebKit/537.36 (KHTML, like Gecko) Chrome/129.0.0.0 Safari/537.36"

info: ::1 - - [23/Oct/2024:09:21:39 +0000] "GET /api/v1/api-doc/ HTTP/1.1" 304 - "-" "Mozilla/5.0 (Windows NT 10.0; Win64; x64) AppleWebKit/537.36 (KHTML, like Gecko) Chrome/129.0.0.0 Safari/537.36"

info: ::1 - - [23/Oct/2024:09:21:41 +0000] "GET /api/v1/api-doc/swagger-ui.css HTTP/1.1" 304 - "-" "Mozilla/5.0 (Windows NT 10.0; Win64; x64) AppleWebKit/537.36 (KHTML, like Gecko) Chrome/129.0.0.0 Safari/537.36"

info: ::1 - - [23/Oct/2024:09:21:41 +0000] "GET /api/v1/api-doc/swagger-ui-init.js HTTP/1.1" 200 10627 "-" "Mozilla/5.0 (Windows NT 10.0; Win64; x64) AppleWebKit/537.36 (KHTML, like Gecko) Chrome/129.0.0.0 Safari/537.36"

info: ::1 - - [23/Oct/2024:09:21:41 +0000] "GET /api/v1/api-doc/swagger-ui-bundle.js HTTP/1.1" 304 - "-" "Mozilla/5.0 (Windows NT 10.0; Win64; x64) AppleWebKit/537.36 (KHTML, like Gecko) Chrome/129.0.0.0 Safari/537.36"

info: ::1 - - [23/Oct/2024:09:21:41 +0000] "GET /api/v1/api-doc/swagger-ui-standalone-preset.js HTTP/1.1" 304 - "-" "Mozilla/5.0 (Windows NT 10.0; Win64; x64) AppleWebKit/537.36 (KHTML, like Gecko) Chrome/129.0.0.0 Safari/537.36"

info: ::1 - - [23/Oct/2024:09:21:45 +0000] "GET /api/v1/api-doc/favicon-32x32.png HTTP/1.1" 304 - "-" "Mozilla/5.0 (Windows NT 10.0; Win64; x64) AppleWebKit/537.36 (KHTML, like Gecko) Chrome/129.0.0.0 Safari/537.36"

info: ::1 - - [23/Oct/2024:09:22:08 +0000] "POST /api/v1users/register HTTP/1.1" 404 47 "-" "Mozilla/5.0 (Windows NT 10.0; Win64; x64) AppleWebKit/537.36 (KHTML, like Gecko) Chrome/129.0.0.0 Safari/537.36"

info: ::1 - - [23/Oct/2024:09:25:21 +0000] "GET /api/v1/api-doc/ HTTP/1.1" 304 - "-" "Mozilla/5.0 (Windows NT 10.0; Win64; x64) AppleWebKit/537.36 (KHTML, like Gecko) Chrome/129.0.0.0 Safari/537.36"

info: ::1 - - [23/Oct/2024:09:25:24 +0000] "GET /api/v1/api-doc/swagger-ui.css HTTP/1.1" 304 - "-" "Mozilla/5.0 (Windows NT 10.0; Win64; x64) AppleWebKit/537.36 (KHTML, like Gecko) Chrome/129.0.0.0 Safari/537.36"

info: ::1 - - [23/Oct/2024:09:25:24 +0000] "GET /api/v1/api-doc/swagger-ui-init.js HTTP/1.1" 200 10629 "-" "Mozilla/5.0 (Windows NT 10.0; Win64; x64) AppleWebKit/537.36 (KHTML, like Gecko) Chrome/129.0.0.0 Safari/537.36"

info: ::1 - - [23/Oct/2024:09:25:24 +0000] "GET /api/v1/api-doc/swagger-ui-bundle.js HTTP/1.1" 304 - "-" "Mozilla/5.0 (Windows NT 10.0; Win64; x64) AppleWebKit/537.36 (KHTML, like Gecko) Chrome/129.0.0.0 Safari/537.36"

info: ::1 - - [23/Oct/2024:09:25:24 +0000] "GET /api/v1/api-doc/swagger-ui-standalone-preset.js HTTP/1.1" 304 - "-" "Mozilla/5.0 (Windows NT 10.0; Win64; x64) AppleWebKit/537.36 (KHTML, like Gecko) Chrome/129.0.0.0 Safari/537.36"

info: ::1 - - [23/Oct/2024:09:25:30 +0000] "GET /api/v1/api-doc/favicon-32x32.png HTTP/1.1" 304 - "-" "Mozilla/5.0 (Windows NT 10.0; Win64; x64) AppleWebKit/537.36 (KHTML, like Gecko) Chrome/129.0.0.0 Safari/537.36"

info: ::1 - - [23/Oct/2024:09:27:29 +0000] "POST /api/v1/users/register HTTP/1.1" 500 56 "-" "Mozilla/5.0 (Windows NT 10.0; Win64; x64) AppleWebKit/537.36 (KHTML, like Gecko) Chrome/129.0.0.0 Safari/537.36"

info: ::1 - - [23/Oct/2024:09:27:46 +0000] "POST /api/v1/users/register HTTP/1.1" 400 59 "-" "Mozilla/5.0 (Windows NT 10.0; Win64; x64) AppleWebKit/537.36 (KHTML, like Gecko) Chrome/129.0.0.0 Safari/537.36"

info: ::1 - - [23/Oct/2024:09:28:04 +0000] "POST /api/v1/users/register HTTP/1.1" 201 56 "-" "Mozilla/5.0 (Windows NT 10.0; Win64; x64) AppleWebKit/537.36 (KHTML, like Gecko) Chrome/129.0.0.0 Safari/537.36"

info: ::1 - - [23/Oct/2024:09:36:02 +0000] "GET /api/v1/api-doc/ HTTP/1.1" 304 - "-" "Mozilla/5.0 (Windows NT 10.0; Win64; x64) AppleWebKit/537.36 (KHTML, like Gecko) Chrome/129.0.0.0 Safari/537.36"

info: ::1 - - [23/Oct/2024:09:36:06 +0000] "GET /api/v1/api-doc/swagger-ui.css HTTP/1.1" 304 - "-" "Mozilla/5.0 (Windows NT 10.0; Win64; x64) AppleWebKit/537.36 (KHTML, like Gecko) Chrome/129.0.0.0 Safari/537.36"

info: ::1 - - [23/Oct/2024:09:36:07 +0000] "GET /api/v1/api-doc/swagger-ui-init.js HTTP/1.1" 200 10722 "-" "Mozilla/5.0 (Windows NT 10.0; Win64; x64) AppleWebKit/537.36 (KHTML, like Gecko) Chrome/129.0.0.0 Safari/537.36"

info: ::1 - - [23/Oct/2024:09:36:07 +0000] "GET /api/v1/api-doc/swagger-ui-standalone-preset.js HTTP/1.1" 304 - "-" "Mozilla/5.0 (Windows NT 10.0; Win64; x64) AppleWebKit/537.36 (KHTML, like Gecko) Chrome/129.0.0.0 Safari/537.36"

info: ::1 - - [23/Oct/2024:09:36:07 +0000] "GET /api/v1/api-doc/swagger-ui-bundle.js HTTP/1.1" 304 - "-" "Mozilla/5.0 (Windows NT 10.0; Win64; x64) AppleWebKit/537.36 (KHTML, like Gecko) Chrome/129.0.0.0 Safari/537.36"

info: ::1 - - [23/Oct/2024:09:36:20 +0000] "GET /api/v1/api-doc/favicon-32x32.png HTTP/1.1" 304 - "-" "Mozilla/5.0 (Windows NT 10.0; Win64; x64) AppleWebKit/537.36 (KHTML, like Gecko) Chrome/129.0.0.0 Safari/537.36"

info: ::1 - - [23/Oct/2024:09:37:28 +0000] "POST /api/v1/users/register HTTP/1.1" 201 63 "-" "Mozilla/5.0 (Windows NT 10.0; Win64; x64) AppleWebKit/537.36 (KHTML, like Gecko) Chrome/129.0.0.0 Safari/537.36"

info: ::1 - - [23/Oct/2024:09:38:28 +0000] "POST /api/v1/users/login HTTP/1.1" 200 284 "-" "Mozilla/5.0 (Windows NT 10.0; Win64; x64) AppleWebKit/537.36 (KHTML, like Gecko) Chrome/129.0.0.0 Safari/537.36"

info: ::1 - - [23/Oct/2024:10:11:45 +0000] "GET /api/v1/api-doc/ HTTP/1.1" 304 - "-" "Mozilla/5.0 (Windows NT 10.0; Win64; x64) AppleWebKit/537.36 (KHTML, like Gecko) Chrome/129.0.0.0 Safari/537.36"

info: ::1 - - [23/Oct/2024:10:11:48 +0000] "GET /api/v1/api-doc/ HTTP/1.1" 304 - "-" "Mozilla/5.0 (Windows NT 10.0; Win64; x64) AppleWebKit/537.36 (KHTML, like Gecko) Chrome/129.0.0.0 Safari/537.36"

info: ::1 - - [23/Oct/2024:10:11:53 +0000] "GET /api/v1/api-doc/swagger-ui.css HTTP/1.1" 304 - "-" "Mozilla/5.0 (Windows NT 10.0; Win64; x64) AppleWebKit/537.36 (KHTML, like Gecko) Chrome/129.0.0.0 Safari/537.36"

info: ::1 - - [23/Oct/2024:10:11:54 +0000] "GET /api/v1/api-doc/swagger-ui-init.js HTTP/1.1" 200 11641 "-" "Mozilla/5.0 (Windows NT 10.0; Win64; x64) AppleWebKit/537.36 (KHTML, like Gecko) Chrome/129.0.0.0 Safari/537.36"

info: ::1 - - [23/Oct/2024:10:11:54 +0000] "GET /api/v1/api-doc/swagger-ui-standalone-preset.js HTTP/1.1" 304 - "-" "Mozilla/5.0 (Windows NT 10.0; Win64; x64) AppleWebKit/537.36 (KHTML, like Gecko) Chrome/129.0.0.0 Safari/537.36"

info: ::1 - - [23/Oct/2024:10:11:54 +0000] "GET /api/v1/api-doc/swagger-ui-bundle.js HTTP/1.1" 304 - "-" "Mozilla/5.0 (Windows NT 10.0; Win64; x64) AppleWebKit/537.36 (KHTML, like Gecko) Chrome/129.0.0.0 Safari/537.36"

info: ::1 - - [23/Oct/2024:10:13:00 +0000] "GET /api/v1/api-doc/ HTTP/1.1" 304 - "-" "Mozilla/5.0 (Windows NT 10.0; Win64; x64) AppleWebKit/537.36 (KHTML, like Gecko) Chrome/129.0.0.0 Safari/537.36"

info: ::1 - - [23/Oct/2024:10:13:00 +0000] "GET /api/v1/api-doc/swagger-ui.css HTTP/1.1" 304 - "-" "Mozilla/5.0 (Windows NT 10.0; Win64; x64) AppleWebKit/537.36 (KHTML, like Gecko) Chrome/129.0.0.0 Safari/537.36"

info: ::1 - - [23/Oct/2024:10:13:00 +0000] "GET /api/v1/api-doc/swagger-ui-bundle.js HTTP/1.1" 304 - "-" "Mozilla/5.0 (Windows NT 10.0; Win64; x64) AppleWebKit/537.36 (KHTML, like Gecko) Chrome/129.0.0.0 Safari/537.36"

info: ::1 - - [23/Oct/2024:10:13:00 +0000] "GET /api/v1/api-doc/swagger-ui-standalone-preset.js HTTP/1.1" 304 - "-" "Mozilla/5.0 (Windows NT 10.0; Win64; x64) AppleWebKit/537.36 (KHTML, like Gecko) Chrome/129.0.0.0 Safari/537.36"

info: ::1 - - [23/Oct/2024:10:13:00 +0000] "GET /api/v1/api-doc/swagger-ui-init.js HTTP/1.1" 304 - "-" "Mozilla/5.0 (Windows NT 10.0; Win64; x64) AppleWebKit/537.36 (KHTML, like Gecko) Chrome/129.0.0.0 Safari/537.36"

info: ::1 - - [23/Oct/2024:10:13:08 +0000] "GET /api/v1/api-doc/favicon-32x32.png HTTP/1.1" 304 - "-" "Mozilla/5.0 (Windows NT 10.0; Win64; x64) AppleWebKit/537.36 (KHTML, like Gecko) Chrome/129.0.0.0 Safari/537.36"

info: ::1 - - [23/Oct/2024:10:14:20 +0000] "POST /api/v1/users/register HTTP/1.1" 201 63 "-" "Mozilla/5.0 (Windows NT 10.0; Win64; x64) AppleWebKit/537.36 (KHTML, like Gecko) Chrome/129.0.0.0 Safari/537.36"

info: ::1 - - [23/Oct/2024:10:15:22 +0000] "POST /api/v1/users/login HTTP/1.1" 200 284 "-" "Mozilla/5.0 (Windows NT 10.0; Win64; x64) AppleWebKit/537.36 (KHTML, like Gecko) Chrome/129.0.0.0 Safari/537.36"

info: ::1 - - [23/Oct/2024:10:17:03 +0000] "POST /api/v1/notes/createnote HTTP/1.1" 400 56 "-" "Mozilla/5.0 (Windows NT 10.0; Win64; x64) AppleWebKit/537.36 (KHTML, like Gecko) Chrome/129.0.0.0 Safari/537.36"

info: ::1 - - [23/Oct/2024:10:24:05 +0000] "GET /api/v1/api-doc/ HTTP/1.1" 304 - "-" "Mozilla/5.0 (Windows NT 10.0; Win64; x64) AppleWebKit/537.36 (KHTML, like Gecko) Chrome/129.0.0.0 Safari/537.36"

info: ::1 - - [23/Oct/2024:10:24:05 +0000] "GET /api/v1/api-doc/swagger-ui.css HTTP/1.1" 304 - "-" "Mozilla/5.0 (Windows NT 10.0; Win64; x64) AppleWebKit/537.36 (KHTML, like Gecko) Chrome/129.0.0.0 Safari/537.36"

info: ::1 - - [23/Oct/2024:10:24:05 +0000] "GET /api/v1/api-doc/swagger-ui-init.js HTTP/1.1" 200 11674 "-" "Mozilla/5.0 (Windows NT 10.0; Win64; x64) AppleWebKit/537.36 (KHTML, like Gecko) Chrome/129.0.0.0 Safari/537.36"

info: ::1 - - [23/Oct/2024:10:24:05 +0000] "GET /api/v1/api-doc/swagger-ui-bundle.js HTTP/1.1" 304 - "-" "Mozilla/5.0 (Windows NT 10.0; Win64; x64) AppleWebKit/537.36 (KHTML, like Gecko) Chrome/129.0.0.0 Safari/537.36"

info: ::1 - - [23/Oct/2024:10:24:05 +0000] "GET /api/v1/api-doc/swagger-ui-standalone-preset.js HTTP/1.1" 304 - "-" "Mozilla/5.0 (Windows NT 10.0; Win64; x64) AppleWebKit/537.36 (KHTML, like Gecko) Chrome/129.0.0.0 Safari/537.36"

info: ::1 - - [23/Oct/2024:10:24:09 +0000] "GET /api/v1/api-doc/favicon-32x32.png HTTP/1.1" 304 - "-" "Mozilla/5.0 (Windows NT 10.0; Win64; x64) AppleWebKit/537.36 (KHTML, like Gecko) Chrome/129.0.0.0 Safari/537.36"

info: ::1 - - [23/Oct/2024:10:25:09 +0000] "POST /api/v1/users/login HTTP/1.1" 200 284 "-" "Mozilla/5.0 (Windows NT 10.0; Win64; x64) AppleWebKit/537.36 (KHTML, like Gecko) Chrome/129.0.0.0 Safari/537.36"

info: ::1 - - [23/Oct/2024:10:29:39 +0000] "POST /api/v1/notes/createnote HTTP/1.1" 500 59 "-" "Mozilla/5.0 (Windows NT 10.0; Win64; x64) AppleWebKit/537.36 (KHTML, like Gecko) Chrome/129.0.0.0 Safari/537.36"

info: ::1 - - [23/Oct/2024:10:29:59 +0000] "POST /api/v1/notes/createnote HTTP/1.1" 400 56 "-" "Mozilla/5.0 (Windows NT 10.0; Win64; x64) AppleWebKit/537.36 (KHTML, like Gecko) Chrome/129.0.0.0 Safari/537.36"

info: ::1 - - [23/Oct/2024:10:42:14 +0000] "POST /api/v1/notes/createnote HTTP/1.1" 400 56 "-" "Mozilla/5.0 (Windows NT 10.0; Win64; x64) AppleWebKit/537.36 (KHTML, like Gecko) Chrome/129.0.0.0 Safari/537.36"

info: ::1 - - [23/Oct/2024:10:43:16 +0000] "POST /api/v1/notes/createnote HTTP/1.1" 400 56 "-" "Mozilla/5.0 (Windows NT 10.0; Win64; x64) AppleWebKit/537.36 (KHTML, like Gecko) Chrome/129.0.0.0 Safari/537.36"

info: ::1 - - [23/Oct/2024:10:45:12 +0000] "POST /api/v1/notes/createnote HTTP/1.1" 201 319 "-" "PostmanRuntime/7.42.0"

info: ::1 - - [23/Oct/2024:11:01:10 +0000] "GET /api/v1/api-doc/ HTTP/1.1" 304 - "-" "Mozilla/5.0 (Windows NT 10.0; Win64; x64) AppleWebKit/537.36 (KHTML, like Gecko) Chrome/129.0.0.0 Safari/537.36"

info: ::1 - - [23/Oct/2024:11:01:19 +0000] "GET /api/v1/api-doc/swagger-ui.css HTTP/1.1" 304 - "-" "Mozilla/5.0 (Windows NT 10.0; Win64; x64) AppleWebKit/537.36 (KHTML, like Gecko) Chrome/129.0.0.0 Safari/537.36"

info: ::1 - - [23/Oct/2024:11:01:50 +0000] "GET /api/v1/api-doc/ HTTP/1.1" 304 - "-" "Mozilla/5.0 (Windows NT 10.0; Win64; x64) AppleWebKit/537.36 (KHTML, like Gecko) Chrome/129.0.0.0 Safari/537.36"

info: ::1 - - [23/Oct/2024:11:01:50 +0000] "GET /api/v1/api-doc/swagger-ui.css HTTP/1.1" 304 - "-" "Mozilla/5.0 (Windows NT 10.0; Win64; x64) AppleWebKit/537.36 (KHTML, like Gecko) Chrome/129.0.0.0 Safari/537.36"

info: ::1 - - [23/Oct/2024:11:01:51 +0000] "GET /api/v1/api-doc/swagger-ui-init.js HTTP/1.1" 200 11674 "-" "Mozilla/5.0 (Windows NT 10.0; Win64; x64) AppleWebKit/537.36 (KHTML, like Gecko) Chrome/129.0.0.0 Safari/537.36"

info: ::1 - - [23/Oct/2024:11:01:51 +0000] "GET /api/v1/api-doc/swagger-ui-standalone-preset.js HTTP/1.1" 200 230293 "-" "Mozilla/5.0 (Windows NT 10.0; Win64; x64) AppleWebKit/537.36 (KHTML, like Gecko) Chrome/129.0.0.0 Safari/537.36"

info: ::1 - - [23/Oct/2024:11:01:52 +0000] "GET /api/v1/api-doc/swagger-ui-bundle.js HTTP/1.1" 200 1452753 "-" "Mozilla/5.0 (Windows NT 10.0; Win64; x64) AppleWebKit/537.36 (KHTML, like Gecko) Chrome/129.0.0.0 Safari/537.36"

info: ::1 - - [23/Oct/2024:11:02:00 +0000] "GET /api/v1/api-doc/favicon-32x32.png HTTP/1.1" 304 - "-" "Mozilla/5.0 (Windows NT 10.0; Win64; x64) AppleWebKit/537.36 (KHTML, like Gecko) Chrome/129.0.0.0 Safari/537.36"

info: ::1 - - [23/Oct/2024:11:02:52 +0000] "POST /api/v1/users/login HTTP/1.1" 200 284 "-" "Mozilla/5.0 (Windows NT 10.0; Win64; x64) AppleWebKit/537.36 (KHTML, like Gecko) Chrome/129.0.0.0 Safari/537.36"

info: ::1 - - [23/Oct/2024:11:04:07 +0000] "POST /api/v1/notes/createnote HTTP/1.1" 400 56 "-" "Mozilla/5.0 (Windows NT 10.0; Win64; x64) AppleWebKit/537.36 (KHTML, like Gecko) Chrome/129.0.0.0 Safari/537.36"

info: ::1 - - [23/Oct/2024:11:04:35 +0000] "POST /api/v1/notes/createnote HTTP/1.1" 400 56 "-" "Mozilla/5.0 (Windows NT 10.0; Win64; x64) AppleWebKit/537.36 (KHTML, like Gecko) Chrome/129.0.0.0 Safari/537.36"

info: ::1 - - [23/Oct/2024:11:04:59 +0000] "POST /api/v1/users/login HTTP/1.1" 200 284 "-" "Mozilla/5.0 (Windows NT 10.0; Win64; x64) AppleWebKit/537.36 (KHTML, like Gecko) Chrome/129.0.0.0 Safari/537.36"

info: ::1 - - [23/Oct/2024:11:06:37 +0000] "POST /api/v1/notes/createnote HTTP/1.1" 400 56 "-" "Mozilla/5.0 (Windows NT 10.0; Win64; x64) AppleWebKit/537.36 (KHTML, like Gecko) Chrome/129.0.0.0 Safari/537.36"

info: ::1 - - [23/Oct/2024:11:07:38 +0000] "POST /api/v1/notes/createnote HTTP/1.1" 201 319 "-" "PostmanRuntime/7.42.0"

info: ::1 - - [23/Oct/2024:11:12:46 +0000] "GET /api/v1/api-doc/ HTTP/1.1" 304 - "-" "Mozilla/5.0 (Windows NT 10.0; Win64; x64) AppleWebKit/537.36 (KHTML, like Gecko) Chrome/129.0.0.0 Safari/537.36"

info: ::1 - - [23/Oct/2024:11:12:49 +0000] "GET /api/v1/api-doc/swagger-ui.css HTTP/1.1" 304 - "-" "Mozilla/5.0 (Windows NT 10.0; Win64; x64) AppleWebKit/537.36 (KHTML, like Gecko) Chrome/129.0.0.0 Safari/537.36"

info: ::1 - - [23/Oct/2024:11:12:49 +0000] "GET /api/v1/api-doc/swagger-ui-init.js HTTP/1.1" 200 11664 "-" "Mozilla/5.0 (Windows NT 10.0; Win64; x64) AppleWebKit/537.36 (KHTML, like Gecko) Chrome/129.0.0.0 Safari/537.36"

info: ::1 - - [23/Oct/2024:11:12:49 +0000] "GET /api/v1/api-doc/swagger-ui-bundle.js HTTP/1.1" 304 - "-" "Mozilla/5.0 (Windows NT 10.0; Win64; x64) AppleWebKit/537.36 (KHTML, like Gecko) Chrome/129.0.0.0 Safari/537.36"

info: ::1 - - [23/Oct/2024:11:12:49 +0000] "GET /api/v1/api-doc/swagger-ui-standalone-preset.js HTTP/1.1" 304 - "-" "Mozilla/5.0 (Windows NT 10.0; Win64; x64) AppleWebKit/537.36 (KHTML, like Gecko) Chrome/129.0.0.0 Safari/537.36"

info: ::1 - - [23/Oct/2024:11:13:06 +0000] "GET /api/v1/api-doc/favicon-32x32.png HTTP/1.1" 304 - "-" "Mozilla/5.0 (Windows NT 10.0; Win64; x64) AppleWebKit/537.36 (KHTML, like Gecko) Chrome/129.0.0.0 Safari/537.36"

info: ::1 - - [23/Oct/2024:11:13:40 +0000] "POST /api/v1/users/login HTTP/1.1" 200 284 "-" "Mozilla/5.0 (Windows NT 10.0; Win64; x64) AppleWebKit/537.36 (KHTML, like Gecko) Chrome/129.0.0.0 Safari/537.36"

info: ::1 - - [23/Oct/2024:11:14:50 +0000] "POST /api/v1/notes/createnote HTTP/1.1" 500 48 "-" "Mozilla/5.0 (Windows NT 10.0; Win64; x64) AppleWebKit/537.36 (KHTML, like Gecko) Chrome/129.0.0.0 Safari/537.36"

info: ::1 - - [23/Oct/2024:11:15:06 +0000] "POST /api/v1/notes/createnote HTTP/1.1" 500 48 "-" "Mozilla/5.0 (Windows NT 10.0; Win64; x64) AppleWebKit/537.36 (KHTML, like Gecko) Chrome/129.0.0.0 Safari/537.36"

info: ::1 - - [23/Oct/2024:11:19:27 +0000] "POST /api/v1/users/login HTTP/1.1" 200 284 "-" "Mozilla/5.0 (Windows NT 10.0; Win64; x64) AppleWebKit/537.36 (KHTML, like Gecko) Chrome/129.0.0.0 Safari/537.36"

info: ::1 - - [23/Oct/2024:11:19:39 +0000] "POST /api/v1/notes/createnote HTTP/1.1" 201 299 "-" "Mozilla/5.0 (Windows NT 10.0; Win64; x64) AppleWebKit/537.36 (KHTML, like Gecko) Chrome/129.0.0.0 Safari/537.36"

info: ::1 - - [23/Oct/2024:11:20:32 +0000] "GET /api/v1/notes/viewall HTTP/1.1" 200 787 "-" "Mozilla/5.0 (Windows NT 10.0; Win64; x64) AppleWebKit/537.36 (KHTML, like Gecko) Chrome/129.0.0.0 Safari/537.36"

info: ::1 - - [23/Oct/2024:11:43:38 +0000] "GET /api/v1/api-doc/ HTTP/1.1" 200 3106 "-" "Mozilla/5.0 (Windows NT 10.0; Win64; x64) AppleWebKit/537.36 (KHTML, like Gecko) Chrome/129.0.0.0 Safari/537.36"

info: ::1 - - [23/Oct/2024:11:43:40 +0000] "GET /api/v1/api-doc/ HTTP/1.1" 304 - "-" "Mozilla/5.0 (Windows NT 10.0; Win64; x64) AppleWebKit/537.36 (KHTML, like Gecko) Chrome/129.0.0.0 Safari/537.36"

info: ::1 - - [23/Oct/2024:11:43:43 +0000] "GET /api/v1/api-doc/swagger-ui.css HTTP/1.1" 304 - "-" "Mozilla/5.0 (Windows NT 10.0; Win64; x64) AppleWebKit/537.36 (KHTML, like Gecko) Chrome/129.0.0.0 Safari/537.36"

info: ::1 - - [23/Oct/2024:11:43:44 +0000] "GET /api/v1/api-doc/swagger-ui-init.js HTTP/1.1" 304 - "-" "Mozilla/5.0 (Windows NT 10.0; Win64; x64) AppleWebKit/537.36 (KHTML, like Gecko) Chrome/129.0.0.0 Safari/537.36"

info: ::1 - - [23/Oct/2024:11:43:44 +0000] "GET /api/v1/api-doc/swagger-ui-bundle.js HTTP/1.1" 304 - "-" "Mozilla/5.0 (Windows NT 10.0; Win64; x64) AppleWebKit/537.36 (KHTML, like Gecko) Chrome/129.0.0.0 Safari/537.36"

info: ::1 - - [23/Oct/2024:11:43:45 +0000] "GET /api/v1/api-doc/swagger-ui-standalone-preset.js HTTP/1.1" - - "-" "Mozilla/5.0 (Windows NT 10.0; Win64; x64) AppleWebKit/537.36 (KHTML, like Gecko) Chrome/129.0.0.0 Safari/537.36"

info: ::1 - - [23/Oct/2024:11:43:46 +0000] "GET /api/v1/api-doc/swagger-ui-init.js HTTP/1.1" 304 - "-" "Mozilla/5.0 (Windows NT 10.0; Win64; x64) AppleWebKit/537.36 (KHTML, like Gecko) Chrome/129.0.0.0 Safari/537.36"

info: ::1 - - [23/Oct/2024:11:43:46 +0000] "GET /api/v1/api-doc/swagger-ui.css HTTP/1.1" 304 - "-" "Mozilla/5.0 (Windows NT 10.0; Win64; x64) AppleWebKit/537.36 (KHTML, like Gecko) Chrome/129.0.0.0 Safari/537.36"

info: ::1 - - [23/Oct/2024:11:43:46 +0000] "GET /api/v1/api-doc/swagger-ui-bundle.js HTTP/1.1" 304 - "-" "Mozilla/5.0 (Windows NT 10.0; Win64; x64) AppleWebKit/537.36 (KHTML, like Gecko) Chrome/129.0.0.0 Safari/537.36"

info: ::1 - - [23/Oct/2024:11:43:48 +0000] "GET /api/v1/api-doc/swagger-ui-standalone-preset.js HTTP/1.1" 200 230293 "-" "Mozilla/5.0 (Windows NT 10.0; Win64; x64) AppleWebKit/537.36 (KHTML, like Gecko) Chrome/129.0.0.0 Safari/537.36"

info: ::1 - - [23/Oct/2024:11:43:54 +0000] "GET /api/v1/api-doc/favicon-32x32.png HTTP/1.1" 304 - "-" "Mozilla/5.0 (Windows NT 10.0; Win64; x64) AppleWebKit/537.36 (KHTML, like Gecko) Chrome/129.0.0.0 Safari/537.36"

info: ::1 - - [23/Oct/2024:11:45:16 +0000] "POST /api/v1/users/login HTTP/1.1" 200 284 "-" "Mozilla/5.0 (Windows NT 10.0; Win64; x64) AppleWebKit/537.36 (KHTML, like Gecko) Chrome/129.0.0.0 Safari/537.36"

info: ::1 - - [23/Oct/2024:11:45:55 +0000] "GET /api/v1/notes/viewone/6718dbcb3841ef3ecc090047 HTTP/1.1" 400 39 "-" "Mozilla/5.0 (Windows NT 10.0; Win64; x64) AppleWebKit/537.36 (KHTML, like Gecko) Chrome/129.0.0.0 Safari/537.36"

info: ::1 - - [23/Oct/2024:11:46:32 +0000] "GET /api/v1/notes/viewone/6718dbcb3841ef3ecc090047 HTTP/1.1" 400 39 "-" "Mozilla/5.0 (Windows NT 10.0; Win64; x64) AppleWebKit/537.36 (KHTML, like Gecko) Chrome/129.0.0.0 Safari/537.36"

info: ::1 - - [23/Oct/2024:11:48:14 +0000] "GET /api/v1/notes/viewone/6718dbcb3841ef3ecc090047 HTTP/1.1" 400 39 "-" "PostmanRuntime/7.42.0"

info: ::1 - - [23/Oct/2024:11:51:05 +0000] "GET /api/v1/notes/viewone/6718dbcb3841ef3ecc090047 HTTP/1.1" 400 39 "-" "PostmanRuntime/7.42.0"

info: ::1 - - [23/Oct/2024:12:00:34 +0000] "GET /api/v1/notes/viewone/6718dbcb3841ef3ecc090047 HTTP/1.1" 400 39 "-" "Mozilla/5.0 (Windows NT 10.0; Win64; x64) AppleWebKit/537.36 (KHTML, like Gecko) Chrome/129.0.0.0 Safari/537.36"

info: ::1 - - [23/Oct/2024:12:04:33 +0000] "GET /api/v1/notes/viewone/6718dbcb3841ef3ecc090047 HTTP/1.1" 400 39 "-" "Mozilla/5.0 (Windows NT 10.0; Win64; x64) AppleWebKit/537.36 (KHTML, like Gecko) Chrome/129.0.0.0 Safari/537.36"

info: ::1 - - [23/Oct/2024:12:05:55 +0000] "GET /api/v1/notes/viewone/6718dbcb3841ef3ecc090047 HTTP/1.1" 400 39 "-" "Mozilla/5.0 (Windows NT 10.0; Win64; x64) AppleWebKit/537.36 (KHTML, like Gecko) Chrome/129.0.0.0 Safari/537.36"

info: ::1 - - [23/Oct/2024:12:08:04 +0000] "GET /api/v1/notes/viewone/6718dbcb3841ef3ecc090047 HTTP/1.1" 200 261 "-" "Mozilla/5.0 (Windows NT 10.0; Win64; x64) AppleWebKit/537.36 (KHTML, like Gecko) Chrome/129.0.0.0 Safari/537.36"

info: ::1 - - [23/Oct/2024:12:09:43 +0000] "PUT /api/v1/notes/update/6718dbcb3841ef3ecc090047 HTTP/1.1" 200 298 "-" "Mozilla/5.0 (Windows NT 10.0; Win64; x64) AppleWebKit/537.36 (KHTML, like Gecko) Chrome/129.0.0.0 Safari/537.36"

info: ::1 - - [23/Oct/2024:12:10:03 +0000] "DELETE /api/v1/notes/delete/6718dbcb3841ef3ecc090047 HTTP/1.1" 200 45 "-" "Mozilla/5.0 (Windows NT 10.0; Win64; x64) AppleWebKit/537.36 (KHTML, like Gecko) Chrome/129.0.0.0 Safari/537.36"

info: ::1 - - [23/Oct/2024:12:10:30 +0000] "DELETE /api/v1/notes/delete/6718dbcb3841ef3ecc090047 HTTP/1.1" 400 39 "-" "Mozilla/5.0 (Windows NT 10.0; Win64; x64) AppleWebKit/537.36 (KHTML, like Gecko) Chrome/129.0.0.0 Safari/537.36"

info: ::1 - - [23/Oct/2024:12:10:50 +0000] "GET /api/v1/notes/trash HTTP/1.1" 200 261 "-" "Mozilla/5.0 (Windows NT 10.0; Win64; x64) AppleWebKit/537.36 (KHTML, like Gecko) Chrome/129.0.0.0 Safari/537.36"

info: ::1 - - [23/Oct/2024:12:11:00 +0000] "GET /api/v1/notes/trash HTTP/1.1" 304 - "-" "Mozilla/5.0 (Windows NT 10.0; Win64; x64) AppleWebKit/537.36 (KHTML, like Gecko) Chrome/129.0.0.0 Safari/537.36"

info: ::1 - - [23/Oct/2024:12:11:18 +0000] "PUT /api/v1/notes/archive/6718dbcb3841ef3ecc090047 HTTP/1.1" 400 39 "-" "Mozilla/5.0 (Windows NT 10.0; Win64; x64) AppleWebKit/537.36 (KHTML, like Gecko) Chrome/129.0.0.0 Safari/537.36"

info: ::1 - - [23/Oct/2024:12:11:38 +0000] "GET /api/v1/notes/trash HTTP/1.1" 304 - "-" "Mozilla/5.0 (Windows NT 10.0; Win64; x64) AppleWebKit/537.36 (KHTML, like Gecko) Chrome/129.0.0.0 Safari/537.36"

info: ::1 - - [23/Oct/2024:12:11:53 +0000] "PUT /api/v1/notes/trash/6718dbcb3841ef3ecc090047 HTTP/1.1" 404 47 "-" "Mozilla/5.0 (Windows NT 10.0; Win64; x64) AppleWebKit/537.36 (KHTML, like Gecko) Chrome/129.0.0.0 Safari/537.36"

info: ::1 - - [23/Oct/2024:12:12:18 +0000] "PUT /api/v1/notes/trash/6718dbcb3841ef3ecc090047 HTTP/1.1" 404 47 "-" "Mozilla/5.0 (Windows NT 10.0; Win64; x64) AppleWebKit/537.36 (KHTML, like Gecko) Chrome/129.0.0.0 Safari/537.36"

info: ::1 - - [24/Oct/2024:10:12:36 +0000] "POST /api/v1/users/register HTTP/1.1" 201 63 "-" "PostmanRuntime/7.42.0"

info: ::1 - - [24/Oct/2024:10:15:01 +0000] "POST /api/v1/users/forgetpassword HTTP/1.1" 400 68 "-" "PostmanRuntime/7.42.0"

info: ::1 - - [24/Oct/2024:10:18:35 +0000] "POST /api/v1/users/forgetpassword HTTP/1.1" 200 250 "-" "PostmanRuntime/7.42.0"

